"calor-total-porta-rfile"
"Time Step" "calor-total-porta etc.."
("Time Step" "calor-total-porta" "flow-time")
0 175.8039891880669 0
1 0 0.1
2 0 0.2
3 0 0.3
4 0 0.4
5 0 0.5
6 0 0.6000000000000001
7 0 0.7000000000000001
8 0 0.8
9 0 0.9
10 0 1
11 0 1.1
12 0 1.2
13 0 1.3
14 0 1.4
15 0 1.5
16 0 1.6
17 0 1.7
18 0 1.8
19 0 1.9
20 0 2
21 0 2.1
22 0 2.2
23 0 2.3
24 0 2.4
25 0 2.5
26 0 2.6
27 0 2.7
28 0 2.8
29 0 2.9
30 0 3
31 0 3.1
32 0 3.2
33 0 3.3
34 0 3.4
35 0 3.5
36 0 3.6
37 0 3.7
38 0 3.8
39 0 3.9
40 0 4
41 0 4.100000000000001
42 0 4.2
43 0 4.3
44 0 4.4
45 0 4.5
46 0 4.600000000000001
47 0 4.7
48 0 4.800000000000001
49 0 4.9
50 0 5
51 0 5.100000000000001
52 0 5.2
53 0 5.300000000000001
54 0 5.4
55 0 5.5
56 0 5.600000000000001
57 0 5.7
58 0 5.800000000000001
59 0 5.9
60 0 6
61 0 6.100000000000001
62 0 6.2
63 0 6.300000000000001
64 0 6.4
65 0 6.5
66 0 6.600000000000001
67 0 6.7
68 0 6.800000000000001
69 0 6.9
70 0 7
71 0 7.100000000000001
72 0 7.2
73 0 7.300000000000001
74 0 7.4
75 0 7.5
76 0 7.600000000000001
77 0 7.7
78 0 7.800000000000001
79 0 7.9
80 0 8
81 0 8.1
82 0 8.200000000000001
83 0 8.300000000000001
84 0 8.4
85 0 8.5
86 0 8.6
87 0 8.700000000000001
88 0 8.800000000000001
89 0 8.9
90 0 9
91 0 9.1
92 0 9.200000000000001
93 0 9.300000000000001
94 0 9.4
95 0 9.5
96 0 9.600000000000001
97 0 9.700000000000001
98 0 9.800000000000001
99 0 9.9
100 0 10
101 0 10.1
102 0 10.2
103 0 10.3
104 0 10.4
105 0 10.5
106 0 10.6
107 0 10.7
108 0 10.8
109 0 10.9
110 0 11
111 0 11.1
112 0 11.2
113 0 11.3
114 0 11.4
115 0 11.5
116 0 11.6
117 0 11.7
118 0 11.8
119 0 11.9
120 0 12
121 0 12.1
122 0 12.2
123 0 12.3
124 0 12.4
125 0 12.5
126 0 12.6
127 0 12.7
128 0 12.8
129 0 12.9
130 0 13
131 0 13.1
132 0 13.2
133 0 13.3
134 0 13.4
135 0 13.5
136 0 13.6
137 0 13.7
138 0 13.8
139 0 13.9
140 0 14
141 0 14.1
142 0 14.2
143 0 14.3
144 0 14.4
145 0 14.5
146 0 14.6
147 0 14.7
148 0 14.8
149 0 14.9
150 0 15
151 0 15.1
152 0 15.2
153 0 15.3
154 0 15.4
155 0 15.5
156 0 15.6
157 0 15.7
158 0 15.8
159 0 15.9
160 0 16
161 0 16.1
162 0 16.2
163 0 16.3
164 0 16.4
165 0 16.5
166 0 16.6
167 0 16.7
168 0 16.8
169 0 16.9
170 0 17
171 0 17.1
172 0 17.2
173 0 17.3
174 0 17.4
175 0 17.5
176 0 17.6
177 0 17.7
178 0 17.8
179 0 17.9
180 0 18
181 0 18.1
182 0 18.2
183 0 18.3
184 0 18.4
185 0 18.5
186 0 18.6
187 0 18.7
188 0 18.8
189 0 18.9
190 0 19
191 0 19.1
192 0 19.2
193 0 19.3
194 0 19.4
195 0 19.5
196 0 19.6
197 0 19.7
198 0 19.8
199 0 19.9
200 0 20
201 0 20.1
202 0 20.2
203 0 20.3
204 0 20.4
205 0 20.5
206 0 20.6
207 0 20.7
208 0 20.8
209 0 20.9
210 0 21
211 0 21.1
212 0 21.2
213 0 21.3
214 0 21.4
215 0 21.5
216 0 21.6
217 0 21.7
218 0 21.8
219 0 21.9
220 0 22
221 0 22.1
222 0 22.2
223 0 22.3
224 0 22.4
225 0 22.5
226 0 22.6
227 0 22.7
228 0 22.8
229 0 22.9
230 0 23
231 0 23.1
232 0 23.2
233 0 23.3
234 0 23.4
235 0 23.5
236 0 23.6
237 0 23.7
238 0 23.8
239 0 23.9
240 0 24
241 0 24.1
242 0 24.2
243 0 24.3
244 0 24.4
245 0 24.5
246 0 24.6
247 0 24.7
248 0 24.8
249 0 24.9
250 0 25
251 0 25.1
252 0 25.2
253 0 25.3
254 0 25.4
255 0 25.5
256 0 25.6
257 0 25.7
258 0 25.8
259 0 25.9
260 0 26
261 0 26.1
262 0 26.2
263 0 26.3
264 0 26.4
265 0 26.5
266 0 26.6
267 0 26.7
268 0 26.8
269 0 26.9
270 0 27
271 0 27.1
272 0 27.2
273 0 27.3
274 0 27.4
275 0 27.5
276 0 27.6
277 0 27.7
278 0 27.8
279 0 27.9
280 0 28
281 0 28.1
282 0 28.2
283 0 28.3
284 0 28.4
285 0 28.5
286 0 28.6
287 0 28.7
288 0 28.8
289 0 28.9
290 0 29
291 0 29.1
292 0 29.2
293 0 29.3
294 0 29.4
295 0 29.5
296 0 29.6
297 0 29.7
298 0 29.8
299 0 29.9
300 0 30
301 0 30.1
302 0 30.2
303 0 30.3
304 0 30.4
305 0 30.5
306 0 30.6
307 0 30.7
308 0 30.8
309 0 30.9
310 0 31
311 0 31.1
312 0 31.2
313 0 31.3
314 0 31.4
315 0 31.5
316 0 31.6
317 0 31.7
318 0 31.8
319 0 31.9
320 0 32
321 0 32.1
322 0 32.2
323 0 32.3
324 0 32.4
325 0 32.5
326 0 32.6
327 0 32.7
328 0 32.8
329 0 32.9
330 0 33
331 0 33.1
332 0 33.2
333 0 33.3
334 0 33.4
335 0 33.5
336 0 33.6
337 0 33.7
338 0 33.8
339 0 33.9
340 0 34
341 0 34.1
342 0 34.2
343 0 34.3
344 0 34.4
345 0 34.5
346 0 34.6
347 0 34.7
348 0 34.8
349 0 34.9
350 0 35
351 0 35.1
352 0 35.2
353 0 35.3
354 0 35.4
355 0 35.5
356 0 35.6
357 0 35.7
358 0 35.8
359 0 35.9
360 0 36
361 0 36.1
362 0 36.2
363 0 36.3
364 0 36.4
365 0 36.5
366 0 36.6
367 0 36.7
368 0 36.8
369 0 36.9
370 0 37
371 0 37.1
372 0 37.2
373 0 37.3
374 0 37.4
375 0 37.5
376 0 37.6
377 0 37.7
378 0 37.8
379 0 37.9
380 0 38
381 0 38.1
382 0 38.2
383 0 38.3
384 0 38.40000000000001
385 0 38.5
386 0 38.6
387 0 38.7
388 0 38.8
389 0 38.90000000000001
390 0 39
391 0 39.1
392 0 39.2
393 0 39.3
394 0 39.40000000000001
395 0 39.5
396 0 39.6
397 0 39.7
398 0 39.8
399 0 39.90000000000001
400 0 40
401 0 40.1
402 0 40.2
403 0 40.3
404 0 40.40000000000001
405 0 40.5
406 0 40.6
407 0 40.7
408 0 40.8
409 0 40.90000000000001
410 0 41
411 0 41.1
412 0 41.2
413 0 41.3
414 0 41.40000000000001
415 0 41.5
416 0 41.6
417 0 41.7
418 0 41.8
419 0 41.90000000000001
420 0 42
421 0 42.1
422 0 42.2
423 0 42.3
424 0 42.40000000000001
425 0 42.5
426 0 42.6
427 0 42.7
428 0 42.8
429 0 42.90000000000001
430 0 43
431 0 43.1
432 0 43.2
433 0 43.3
434 0 43.40000000000001
435 0 43.5
436 0 43.6
437 0 43.7
438 0 43.8
439 0 43.90000000000001
440 0 44
441 0 44.1
442 0 44.2
443 0 44.3
444 0 44.40000000000001
445 0 44.5
446 0 44.6
447 0 44.7
448 0 44.8
449 0 44.90000000000001
450 0 45
451 0 45.1
452 0 45.2
453 0 45.3
454 0 45.40000000000001
455 0 45.5
456 0 45.6
457 0 45.7
458 0 45.8
459 0 45.90000000000001
460 0 46
461 0 46.1
462 0 46.2
463 0 46.3
464 0 46.40000000000001
465 0 46.5
466 0 46.6
467 0 46.7
468 0 46.8
469 0 46.90000000000001
470 0 47
471 0 47.1
472 0 47.2
473 0 47.3
474 0 47.40000000000001
475 0 47.5
476 0 47.6
477 0 47.7
478 0 47.8
479 0 47.90000000000001
480 0 48
481 0 48.1
482 0 48.2
483 0 48.3
484 0 48.40000000000001
485 0 48.5
486 0 48.6
487 0 48.7
488 0 48.8
489 0 48.90000000000001
490 0 49
491 0 49.1
492 0 49.2
493 0 49.3
494 0 49.40000000000001
495 0 49.5
496 0 49.6
497 0 49.7
498 0 49.8
499 0 49.90000000000001
500 0 50
501 67193.6683488819 50.01
502 80727.38948482522 50.02
503 89600.67274822382 50.03
504 95673.19797727259 50.04
505 101715.355336863 50.05
506 115193.9316714435 50.06
507 139850.1931392663 50.07
508 164708.9214722397 50.08
509 189423.2286631888 50.09
510 213671.1274243723 50.1
511 237003.6083831157 50.11
512 259057.9407920117 50.12
513 279620.7592395931 50.13
514 298442.3418072119 50.14
515 315261.2199080489 50.15
516 329899.4044507384 50.16
517 342167.9331554971 50.17
518 351887.4381981256 50.18
519 356120.3907951828 50.19
520 358077.0743011882 50.2
521 353294.575593868 50.21
522 343377.9944648709 50.22
523 332656.5715505251 50.23
524 325051.8065986402 50.24
525 316588.8794665145 50.25
526 306001.7186417932 50.26
527 296207.8221859154 50.27
528 289230.9880755028 50.28
529 276132.3262232761 50.29
530 266478.4411399347 50.3
531 256324.9610086597 50.31
532 245442.9819709576 50.32
533 234145.2858204971 50.33
534 222608.4287874975 50.34
535 210981.4376728772 50.35
536 199303.4135147216 50.36
537 187634.0460252556 50.37
538 180572.4337031452 50.38
539 168071.4524121053 50.39
540 156088.2235570759 50.4
541 149478.2777431385 50.41
542 142434.7509966513 50.42
543 129873.5319968962 50.43
544 123457.0420925 50.44
545 116542.1877945678 50.45
546 95730.68462417924 50.46
547 76841.08110877234 50.47
548 55611.00012511179 50.48
549 37478.62792447494 50.49
550 20950.77650083386 50.5
551 10235.59380707673 50.51
552 4360.503557795007 50.52
553 897.9962783419983 50.53
554 -1985.039682329354 50.54
555 -2099.835905129466 50.55
556 152.7553496200987 50.56
557 2298.738361985006 50.57
558 3395.765130438271 50.58
559 3972.46580988596 50.59
560 4688.238717138704 50.6
561 4947.938272386298 50.61
562 5164.311943843142 50.62
563 5394.964427883615 50.63
564 5428.983504594032 50.64
565 5129.378418977456 50.65
566 4818.719261568625 50.66
567 4528.980270920189 50.67
568 4069.38792270537 50.68
569 4128.155334602156 50.69
570 4116.103612063847 50.7
571 4080.986677838716 50.71
572 3991.48279558687 50.72
573 3844.932109730525 50.73
574 3608.081389892517 50.74
575 3265.290414456293 50.75
576 2853.977949020848 50.76
577 2304.581508263782 50.77
578 1625.797133012997 50.78
579 908.412363733232 50.79
580 -653.3553033436178 50.8
581 -1833.436359825621 50.81
582 -1901.416791051427 50.82
583 -1900.309959474449 50.83
584 -1572.358911326308 50.84
585 -970.2148433140396 50.85
586 21.40937157849658 50.86
587 1095.825350428624 50.87
588 2676.494138523993 50.88
589 4564.236077069399 50.89
590 6858.017067032484 50.9
591 9643.034929571495 50.91
592 12022.31997643073 50.92
593 14572.96478515663 50.93
594 16941.92896814136 50.94
595 20185.68864935627 50.95
596 22721.37969697724 50.96
597 25535.62835591573 50.97
598 28409.02185232869 50.98
599 31877.52453209766 50.99
600 34759.06502328557 51
601 38039.94706639674 51.01
602 40877.35672235704 51.02
603 43117.8394944108 51.03
604 44960.78522473574 51.04
605 46725.33611411051 51.05
606 48335.45942487838 51.06
607 49735.44014726877 51.07
608 50800.72415843607 51.08
609 51560.30855062968 51.09
610 52104.10946266481 51.1
611 52517.78621082989 51.11
612 52634.87170677682 51.12
613 52680.11906794606 51.13
614 52477.9994879791 51.14
615 52025.50902566579 51.15
616 51294.57069668516 51.16
617 50571.12604826625 51.17
618 49701.69735564232 51.18
619 48631.04936578019 51.19
620 47228.48413711955 51.2
621 46095.47158983834 51.21
622 44904.36964256846 51.22
623 43171.39272855982 51.23
624 41489.93014310884 51.24
625 40322.47110141709 51.25
626 37359.80831034951 51.26
627 35410.98048905752 51.27
628 33860.29224550083 51.28
629 32238.15412237787 51.29
630 27989.90072849445 51.3
631 23375.73743099918 51.31
632 21914.81948643133 51.32
633 19826.02155834805 51.33
634 18260.62774636018 51.34
635 15307.10138214371 51.35
636 12466.88841087266 51.36
637 10222.37766149338 51.37
638 7390.547484711507 51.38
639 5571.256645385904 51.39
640 4145.145360250748 51.4
641 2647.606648052877 51.41
642 1041.896016964969 51.42
643 -264.0398027620732 51.43
644 -849.1441243389202 51.44
645 -1060.995800098574 51.45
646 -985.6642488007335 51.46
647 -791.2521757764955 51.47
648 -546.2348713570225 51.48
649 -390.7788217820744 51.49
650 -222.8357095980131 51.5
651 -145.847552927194 51.51
652 -75.19983929076446 51.52
653 -57.06179316937275 51.53
654 19.232969345323 51.54
655 45.00950496998519 51.55
656 29.89889771191326 51.56
657 48.20361853681175 51.57
658 59.50843987287607 51.58
659 67.45689501048372 51.59
660 73.25655723178073 51.6
661 77.51043106534956 51.61
662 80.46861431478123 51.62
663 82.11247169248378 51.63
664 82.28884026281168 51.64
665 80.80469603043798 51.65
666 77.48217749006574 51.66
667 72.03832529785018 51.67
668 64.42113669602065 51.68
669 46.57872791318755 51.69
670 34.88291962589375 51.7
671 19.74902262413431 51.71
672 1.419339536921285 51.72
673 -20.34930780374472 51.73
674 -45.79116885060915 51.74
675 -199.5963863182643 51.75
676 -414.6563050847307 51.76
677 -689.1605494453754 51.77
678 -987.2376130858536 51.78
679 -1312.79933346289 51.79
680 -1367.531040408788 51.8
681 -1452.593375608608 51.81
682 -1553.605071571732 51.82
683 -1627.577461885399 51.83
684 -1690.323554606855 51.84
685 -1756.213139675028 51.85
686 -1835.805273725335 51.86
687 -1880.896516133585 51.87
688 -1926.161175456118 51.88
689 -1971.144267618632 51.89
690 -2017.425058424021 51.9
691 -2016.964038648179 51.91
692 -1999.180430582843 51.92
693 -1991.7790441641 51.93
694 -2015.043662694546 51.94
695 -1973.936770024311 51.95
696 -1970.548179751635 51.96
697 -1931.74519416047 51.97
698 -1838.306852214654 51.98
699 -1677.205743018934 51.99
700 -1558.505637587009 52
701 -1467.496145878106 52.01
702 -1211.01986164396 52.02
703 -940.4540201598491 52.03
704 -760.9595665070054 52.04
705 -406.8641315166963 52.05
706 -88.83915953403357 52.06
707 269.8740340329033 52.07
708 666.2022827196067 52.08
709 1083.607944341987 52.09
710 1555.880070109538 52.1
711 2120.582588652826 52.11
712 2636.837695385856 52.12
713 3253.663894894312 52.13
714 3826.426664817054 52.14
715 4484.892015389722 52.15
716 5106.414876476543 52.16
717 5788.162582440778 52.17
718 6444.784253454789 52.18
719 7043.314873467194 52.19
720 7688.992804380126 52.2
721 8309.261851025722 52.21
722 8927.466253070217 52.22
723 9520.647706053529 52.23
724 10100.98251990458 52.24
725 10655.64854772868 52.25
726 11174.56063155382 52.26
727 11651.59921742129 52.27
728 12074.65987091318 52.28
729 12447.14425986736 52.29
730 12750.16752557766 52.3
731 13000.18988854066 52.31
732 13190.35137706273 52.32
733 13227.56827237405 52.33
734 13409.33406922259 52.34
735 13459.20203969662 52.35
736 13410.61735768235 52.36
737 13330.01758605753 52.37
738 13210.27064338372 52.38
739 13073.8818580937 52.39
740 12813.78751010118 52.4
741 12633.99765698605 52.41
742 12385.29698901055 52.42
743 12088.41186702273 52.43
744 11741.29311019092 52.44
745 11453.98247155805 52.45
746 11045.01318531551 52.46
747 10678.22562223576 52.47
748 10091.04530081702 52.48
749 9777.136602350973 52.49
750 9249.819451849993 52.5
751 8702.968167162664 52.51
752 8087.65117240405 52.52
753 7050.342116174214 52.53
754 6345.182158430309 52.54
755 5472.078441579042 52.55
756 4562.54508188057 52.56
757 3998.88721733411 52.57
758 3253.011737773794 52.58
759 2317.278626560548 52.59
760 1678.84814737075 52.6
761 927.4556228806692 52.61
762 487.8917201131042 52.62
763 230.8145980963802 52.63
764 -48.30601333402041 52.64
765 -236.828541092373 52.65
766 -305.2237504571425 52.66
767 -320.478066254399 52.67
768 -250.7355176198332 52.68
769 -198.126045907083 52.69
770 -186.0452096431911 52.7
771 -107.3315201793173 52.71
772 -189.8204803384849 52.72
773 -92.81434471060086 52.73
774 -61.96166763855486 52.74
775 -80.74879976158329 52.75
776 -73.89771601040754 52.76
777 -70.72332941579766 52.77
778 -54.19401027490598 52.78
779 -48.79356875403778 52.79
780 -46.84483796241426 52.8
781 -38.191360162723 52.81
782 -33.55106585933017 52.82
783 -30.24181446495513 52.83
784 -27.41780189726381 52.84
785 -24.91856478294562 52.85
786 -22.78111543970586 52.86
787 -21.0440451530179 52.87
788 -19.75883337899895 52.88
789 -19.00680461360248 52.89
790 -18.84408144652354 52.9
791 -19.31746915744299 52.91
792 -20.47880330917503 52.92
793 -22.50102268161941 52.93
794 -25.25628400330978 52.94
795 -28.97775439444887 52.95
796 -33.87507098685685 52.96
797 -39.14276580552547 52.97
798 -48.84196667156957 52.98
799 -107.6928513541544 52.99
800 -122.4682860928274 53
801 -192.4088581102919 53.01
802 -239.4873483663597 53.02
803 -268.6587072955372 53.03
804 -326.7981336188209 53.04
805 -358.617983433925 53.05
806 -427.9319074216536 53.06
807 -494.3763254644106 53.07
808 -562.3225617521236 53.08
809 -631.5548171035804 53.09
810 -707.1936823562799 53.1
811 -784.0887869980565 53.11
812 -873.447102518983 53.12
813 -962.5706131411027 53.13
814 -1066.556376229546 53.14
815 -1168.693010935447 53.15
816 -1267.979196266504 53.16
817 -1393.647322774666 53.17
818 -1532.71060156706 53.18
819 -1689.450019925027 53.19
820 -1854.430164673127 53.2
821 -2038.526063600901 53.21
822 -2163.65230284262 53.22
823 -2414.475080973521 53.23
824 -2631.979805169075 53.24
825 -2848.509119533642 53.25
826 -3064.24651923368 53.26
827 -3262.625837950913 53.27
828 -3429.681189720191 53.28
829 -3685.635640596869 53.29
830 -3872.286425159937 53.3
831 -4062.559286728838 53.31
832 -4229.01221161045 53.32
833 -4341.102289119855 53.33
834 -4469.417680606443 53.34
835 -4560.027299028725 53.35
836 -4593.455008436911 53.36
837 -4632.477188694664 53.37
838 -4626.432192877395 53.38
839 -4554.898141214449 53.39
840 -4459.363938903241 53.4
841 -4333.415835051181 53.41
842 -4177.059501716939 53.42
843 -3987.1217673124 53.43
844 -3756.088425637312 53.44
845 -3520.106391772588 53.45
846 -3236.121114740951 53.46
847 -2953.368514680875 53.47
848 -2643.905586635096 53.48
849 -2311.110744383819 53.49
850 -1984.582368725861 53.5
851 -1633.844218219582 53.51
852 -1275.686048457937 53.52
853 -905.5203553923773 53.53
854 -534.7764373494579 53.54
855 -163.1962157236866 53.55
856 204.1933804527364 53.56
857 564.5898258333 53.57
858 911.5369783828528 53.58
859 1249.685003417533 53.59
860 1576.601155644387 53.6
861 1892.341559428129 53.61
862 2182.220266020012 53.62
863 2458.904400421491 53.63
864 2723.96783180328 53.64
865 2973.407264093274 53.65
866 3194.1732124304 53.66
867 3394.721966474817 53.67
868 3527.732520378618 53.68
869 3707.243008989104 53.69
870 3833.635025551316 53.7
871 3908.952444316466 53.71
872 3999.726284116697 53.72
873 4041.716656131596 53.73
874 4066.011556249671 53.74
875 4070.956420637699 53.75
876 3974.245947889253 53.76
877 3979.527064598647 53.77
878 3877.935226984122 53.78
879 3810.954517300947 53.79
880 3791.968888066199 53.8
881 3651.433393777427 53.81
882 3522.539085096117 53.82
883 3355.178567294872 53.83
884 3230.477622359672 53.84
885 3119.604509039114 53.85
886 2941.473808957375 53.86
887 2766.554957639518 53.87
888 2545.336315789647 53.88
889 2303.132175414613 53.89
890 1937.943260299065 53.9
891 1474.938547759236 53.91
892 1141.87831538937 53.92
893 839.7537333084366 53.93
894 622.3731109627074 53.94
895 457.3350551352373 53.95
896 315.9046648997292 53.96
897 171.7998529408642 53.97
898 85.71514958048597 53.98
899 51.54557198974639 53.99
900 40.14381154699261 54
901 52.6402788068356 54.01
902 13.12645249019659 54.02
903 7.995043090403776 54.03
904 78.44275198223923 54.04
905 102.093031597897 54.05
906 103.3234527884702 54.06
907 93.49125201588684 54.07
908 103.511969126215 54.08
909 108.7388298907938 54.09
910 113.4957192380601 54.1
911 118.9046867878206 54.11
912 120.3548611931676 54.12
913 123.5748419895216 54.13
914 126.1546072528903 54.14
915 128.0564671547047 54.15
916 129.4004181276733 54.16
917 129.7679390714144 54.17
918 129.2353471884321 54.18
919 128.0724350564275 54.19
920 126.3727500868534 54.2
921 124.4411640033385 54.21
922 122.227493491157 54.22
923 118.5436195430939 54.23
924 115.8070040048489 54.24
925 112.0879343401779 54.25
926 108.0002659188596 54.26
927 102.6355218797329 54.27
928 98.77449186965404 54.28
929 93.42026100367872 54.29
930 77.00745341027394 54.3
931 69.97736782984055 54.31
932 55.1100924545757 54.32
933 40.67679147539518 54.33
934 21.78450032996336 54.34
935 3.891000614145739 54.35
936 -13.55441344352641 54.36
937 -26.40396536391661 54.37
938 -45.63185582304331 54.38
939 -76.43858156100367 54.39
940 -121.563073333857 54.4
941 -158.2184480649451 54.41
942 -193.8122422731905 54.42
943 -244.2561159666758 54.43
944 -285.8022987537482 54.44
945 -338.811755472799 54.45
946 -394.0673190216197 54.46
947 -456.5536398964291 54.47
948 -520.6564088640856 54.48
949 -601.2926852332022 54.49
950 -688.3114605708049 54.5
951 -774.3715499194223 54.51
952 -888.2715327570479 54.52
953 -1007.250934225987 54.53
954 -1161.060414443891 54.54
955 -1304.009435056538 54.55
956 -1459.757031940781 54.56
957 -1606.213878919722 54.57
958 -1774.131495062021 54.58
959 -1966.887905758947 54.59
960 -2161.094153229257 54.6
961 -2358.674274041666 54.61
962 -2555.106424851776 54.62
963 -2740.608056133798 54.63
964 -2941.06449108607 54.64
965 -3119.038190495961 54.65
966 -3316.573446386027 54.66
967 -3474.329703659781 54.67
968 -3660.810035054549 54.68
969 -3775.899675600895 54.69
970 -3856.123848034795 54.7
971 -3936.014577682463 54.71
972 -3983.071330750901 54.72
973 -4016.567501288407 54.73
974 -4019.082612145225 54.74
975 -3974.558129636695 54.75
976 -3921.38660806815 54.76
977 -3842.360129416148 54.77
978 -3735.918950884208 54.78
979 -3602.330836656062 54.79
980 -3444.259143450088 54.8
981 -3251.318402748483 54.81
982 -3059.613423108918 54.82
983 -2836.229767007045 54.83
984 -2612.580417857862 54.84
985 -2350.339567985175 54.85
986 -2072.561318518346 54.86
987 -1777.403505202347 54.87
988 -1468.787587386814 54.88
989 -1170.081356107735 54.89
990 -855.4118443786297 54.9
991 -537.096754189971 54.91
992 -219.8504798522525 54.92
993 92.84276813970634 54.93
994 399.1453574614492 54.94
995 698.3050090040861 54.95
996 988.3772608606384 54.96
997 1274.152488113021 54.97
998 1534.889612048609 54.98
999 1809.874486481231 54.99
1000 2045.695502326554 55
1001 2276.12583365936 55.01
1002 2480.830236914831 55.02
1003 2679.04681431301 55.03
1004 2838.663802566454 55.04
1005 2987.498887124885 55.05
1006 3117.428913432512 55.06
1007 3228.06520712568 55.07
1008 3318.442929495371 55.08
1009 3389.716815905982 55.09
1010 3441.838784514075 55.1
1011 3474.950760806579 55.11
1012 3491.37734269941 55.12
1013 3455.234215825363 55.13
1014 3464.408645085522 55.14
1015 3434.030495008803 55.15
1016 3378.63604611035 55.16
1017 3291.301251555939 55.17
1018 3198.985092469844 55.18
1019 3094.45345162134 55.19
1020 2958.886473309267 55.2
1021 2864.47789177921 55.21
1022 2742.762920990044 55.22
1023 2336.39000086907 55.23
1024 1912.968781349448 55.24
1025 1654.187389091323 55.25
1026 1422.388256832129 55.26
1027 1231.668918333439 55.27
1028 1053.754246452877 55.28
1029 860.4798817468795 55.29
1030 737.0274267133301 55.3
1031 603.3745961380565 55.31
1032 496.2632983676556 55.32
1033 380.2652943250559 55.33
1034 256.219804484879 55.34
1035 178.7882204080142 55.35
1036 132.0189112080569 55.36
1037 115.4489113737173 55.37
1038 111.5035178642982 55.38
1039 107.5302868039542 55.39
1040 123.3857584689794 55.4
1041 109.6277052346908 55.41
1042 128.7177958700519 55.42
1043 146.660091587206 55.43
1044 156.5957250105048 55.44
1045 161.6343040885366 55.45
1046 166.0470698405489 55.46
1047 170.0388754961283 55.47
1048 172.7726970080596 55.48
1049 176.0698262295222 55.49
1050 178.2613671423671 55.5
1051 179.4123022144655 55.51
1052 179.5984250448137 55.52
1053 178.7896312992045 55.53
1054 176.9555581842917 55.54
1055 174.4820673742561 55.55
1056 171.5469009935591 55.56
1057 168.2214817893504 55.57
1058 163.4411744691096 55.58
1059 156.399243361531 55.59
1060 151.8280670985181 55.6
1061 146.1421280861852 55.61
1062 138.0248937864324 55.62
1063 126.1609232218116 55.63
1064 120.5608183030255 55.64
1065 106.2788314475863 55.65
1066 92.69183841997499 55.66
1067 82.24736158051428 55.67
1068 51.29349292837583 55.68
1069 24.28599115327957 55.69
1070 4.268027843993719 55.7
1071 -28.91079775251636 55.71
1072 -62.72837607617679 55.72
1073 -85.12980171323714 55.73
1074 -118.3201463437669 55.74
1075 -150.0165286004547 55.75
1076 -180.8666515239493 55.76
1077 -223.3828590311721 55.77
1078 -263.6152572827137 55.78
1079 -306.4699462241409 55.79
1080 -341.6908087371711 55.8
1081 -397.7424926117252 55.81
1082 -458.6646561341474 55.82
1083 -529.9848617168085 55.83
1084 -619.3767432261036 55.84
1085 -704.1024835324372 55.85
1086 -808.4934104549463 55.86
1087 -934.9866773632041 55.87
1088 -1026.594963894536 55.88
1089 -1153.178123356627 55.89
1090 -1246.066470629594 55.9
1091 -1339.626397522714 55.91
1092 -1505.062423020781 55.92
1093 -1624.030689598435 55.93
1094 -1726.728181042497 55.94
1095 -1843.057632768748 55.95
1096 -1982.047174926785 55.96
1097 -2068.389375371165 55.97
1098 -2126.133943757063 55.98
1099 -2180.323479609023 55.99
1100 -2223.501443495989 56
1101 -2245.649648890961 56.01
1102 -2285.242063249289 56.02
1103 -2334.896922467463 56.03
1104 -2353.73188243994 56.04
1105 -2378.324398996927 56.05
1106 -2373.880432701136 56.06
1107 -2365.113645071543 56.07
1108 -2340.801469344582 56.08
1109 -2316.543684424244 56.09
1110 -2305.402372140058 56.1
1111 -2322.537728981389 56.11
1112 -2289.12011409875 56.12
1113 -2250.138896055304 56.13
1114 -2215.064483501734 56.14
1115 -2196.4181984359 56.15
1116 -2114.716434533184 56.16
1117 -2015.957877347906 56.17
1118 -1878.543914201727 56.18
1119 -1763.539371458507 56.19
1120 -1603.277691183283 56.2
1121 -1419.624966643374 56.21
1122 -1252.081247993003 56.22
1123 -1059.99627503735 56.23
1124 -851.8075383015671 56.24
1125 -632.1281414150961 56.25
1126 -403.8209311139796 56.26
1127 -169.4246744183571 56.27
1128 63.74291556715451 56.28
1129 302.6923001171349 56.29
1130 539.4165329912257 56.3
1131 768.2003506529952 56.31
1132 989.4654336751985 56.32
1133 1201.825454118852 56.33
1134 1405.57582870472 56.34
1135 1599.589074204638 56.35
1136 1782.907027598621 56.36
1137 1953.168093659551 56.37
1138 2109.195922219496 56.38
1139 2249.659024137566 56.39
1140 2371.017836324207 56.4
1141 2473.919951069688 56.41
1142 2571.087775604605 56.42
1143 2645.981150652615 56.43
1144 2714.339773304856 56.44
1145 2765.056192580063 56.45
1146 2793.496540394302 56.46
1147 2813.004956035794 56.47
1148 2812.982779646964 56.48
1149 2777.37901437784 56.49
1150 2784.542856591354 56.5
1151 2752.347512162188 56.51
1152 2700.963963198416 56.52
1153 2638.233080474541 56.53
1154 2340.278587233478 56.54
1155 2100.372092484085 56.55
1156 1900.96979723588 56.56
1157 1758.68045406111 56.57
1158 1644.401297345503 56.58
1159 1535.000024555037 56.59
1160 1381.992961870038 56.6
1161 1237.210609776421 56.61
1162 1123.506256958894 56.62
1163 1007.828390379207 56.63
1164 905.6778465265196 56.64
1165 810.3178882582148 56.65
1166 657.1106807015212 56.66
1167 499.371666200465 56.67
1168 390.880826808554 56.68
1169 285.4288299576476 56.69
1170 201.0902607494018 56.7
1171 140.3455090561534 56.71
1172 115.4769927540376 56.72
1173 107.6961522594512 56.73
1174 99.7218992546899 56.74
1175 82.95301825693637 56.75
1176 91.59723496446009 56.76
1177 107.5341861917453 56.77
1178 121.0798671559137 56.78
1179 132.039491307159 56.79
1180 144.2474432959461 56.8
1181 150.005033405594 56.81
1182 152.8547609590345 56.82
1183 154.463896481429 56.83
1184 154.6228530011526 56.84
1185 153.8142936220019 56.85
1186 152.1053905140739 56.86
1187 147.7970062838378 56.87
1188 144.1881420659618 56.88
1189 140.7742676028336 56.89
1190 137.2166951175965 56.9
1191 130.6937743904005 56.91
1192 121.9532687262259 56.92
1193 116.1637210727374 56.93
1194 108.1478405914742 56.94
1195 102.2254073766128 56.95
1196 95.80318356813675 56.96
1197 80.76693583701798 56.97
1198 68.22600834747918 56.98
1199 43.60563933799342 56.99
1200 17.31118417472685 57
1201 -13.12862300950242 57.01
1202 -50.44233575688203 57.02
1203 -83.20911306842427 57.03
1204 -113.3480170178305 57.04
1205 -133.8262854395915 57.05
1206 -159.8786004379637 57.06
1207 -169.0373976246686 57.07
1208 -197.556476777083 57.08
1209 -228.2565196602708 57.09
1210 -261.7399440729902 57.1
1211 -293.6666985573611 57.11
1212 -359.3737243948007 57.12
1213 -410.8265956245838 57.13
1214 -460.9102014687386 57.14
1215 -511.9175317603538 57.15
1216 -565.8434463192078 57.16
1217 -632.6587513278382 57.17
1218 -696.7140158202479 57.18
1219 -757.8950460118178 57.19
1220 -855.2973272116176 57.2
1221 -917.9501017793607 57.21
1222 -1015.911909998538 57.22
1223 -1107.174680628078 57.23
1224 -1206.419836621348 57.24
1225 -1302.231475270286 57.25
1226 -1395.888233714691 57.26
1227 -1565.175673250886 57.27
1228 -1642.616286286096 57.28
1229 -1699.673047711005 57.29
1230 -1757.824860420057 57.3
1231 -1766.454027840974 57.31
1232 -1772.03624555636 57.32
1233 -1768.013512750754 57.33
1234 -1753.838931685747 57.34
1235 -1727.88165281014 57.35
1236 -1689.696730145184 57.36
1237 -1641.954129850984 57.37
1238 -1572.955473309555 57.38
1239 -1508.863529017164 57.39
1240 -1472.01015915126 57.4
1241 -1404.416027426793 57.41
1242 -1322.262930951895 57.42
1243 -1223.638021446991 57.43
1244 -1099.914558434964 57.44
1245 -971.9973191978468 57.45
1246 -826.3861741386639 57.46
1247 -667.5883790454307 57.47
1248 -497.1982284068578 57.48
1249 -316.4753851272029 57.49
1250 -131.3049423859213 57.5
1251 70.66647433068131 57.51
1252 269.6374184412634 57.52
1253 475.0694926160855 57.53
1254 680.0374705172865 57.54
1255 883.1367510122709 57.55
1256 1081.335036964254 57.56
1257 1265.468677615379 57.57
1258 1450.724930853469 57.58
1259 1623.834292098421 57.59
1260 1783.441964721733 57.6
1261 1933.920952303747 57.61
1262 2062.917628217219 57.62
1263 2185.946881831015 57.63
1264 2293.172194759172 57.64
1265 2385.336543671739 57.65
1266 2463.874441504846 57.66
1267 2524.737287966844 57.67
1268 2567.075451008306 57.68
1269 2602.068014649761 57.69
1270 2623.143094256639 57.7
1271 2629.234793138701 57.71
1272 2607.43078897524 57.72
1273 2595.921080166471 57.73
1274 2380.654273082262 57.74
1275 2247.838616861103 57.75
1276 2061.295213773767 57.76
1277 1986.377356515741 57.77
1278 1890.138093300914 57.78
1279 1800.270778354976 57.79
1280 1709.866262572597 57.8
1281 1612.372426086416 57.81
1282 1518.914092661941 57.82
1283 1421.344227268573 57.83
1284 1319.233356398369 57.84
1285 1116.382389925146 57.85
1286 913.8408396547377 57.86
1287 760.6703375788411 57.87
1288 567.545876225502 57.88
1289 417.558863654231 57.89
1290 303.9454058071354 57.9
1291 215.2620374628333 57.91
1292 153.9353125890316 57.92
1293 119.324895262964 57.93
1294 84.27791680313469 57.94
1295 72.09081322556224 57.95
1296 65.1365579387473 57.96
1297 50.60028118954644 57.97
1298 63.08592562422459 57.98
1299 73.6929830475782 57.99
1300 84.51869067898615 58
1301 88.64928873931675 58.01
1302 92.06445330770649 58.02
1303 98.37395987192048 58.03
1304 99.52455592020941 58.04
1305 99.26504065165111 58.05
1306 97.94122311917168 58.06
1307 95.73615932821059 58.07
1308 92.91802486303052 58.08
1309 89.32270936417665 58.09
1310 84.92120630663035 58.1
1311 79.7707433526908 58.11
1312 73.89522060085194 58.12
1313 66.85068362168018 58.13
1314 57.84585573218911 58.14
1315 49.94997563309097 58.15
1316 41.33372173200501 58.16
1317 31.76208326750152 58.17
1318 22.79078396075347 58.18
1319 13.15290617175086 58.19
1320 -1.50047193800232 58.2
1321 -13.67008786233442 58.21
1322 -33.56555949977476 58.22
1323 -51.2510362820911 58.23
1324 -66.49403569247576 58.24
1325 -82.37039116021401 58.25
1326 -101.4601875842707 58.26
1327 -104.2824950015446 58.27
1328 -129.4119444150608 58.28
1329 -159.4155797925162 58.29
1330 -179.6723915997559 58.3
1331 -203.3740587970418 58.31
1332 -228.1639648016856 58.32
1333 -261.1009284711241 58.33
1334 -303.0319050688284 58.34
1335 -341.3404688885449 58.35
1336 -381.2447089551506 58.36
1337 -423.5359258735294 58.37
1338 -504.0980448042612 58.38
1339 -571.5380777582013 58.39
1340 -632.9033496113427 58.4
1341 -694.6644230920685 58.41
1342 -759.9004711796908 58.42
1343 -816.2396677189182 58.43
1344 -881.7378614885363 58.44
1345 -935.360937599644 58.45
1346 -996.5618583565995 58.46
1347 -1056.219411918654 58.47
1348 -1126.316642754528 58.48
1349 -1186.923630083592 58.49
1350 -1248.504083019722 58.5
1351 -1279.831034863657 58.51
1352 -1344.075975636291 58.52
1353 -1404.587486849428 58.53
1354 -1396.021710512472 58.54
1355 -1365.180976995224 58.55
1356 -1323.021352228667 58.56
1357 -1267.282284103938 58.57
1358 -1201.107480057611 58.58
1359 -1122.774758910551 58.59
1360 -1036.252219516659 58.6
1361 -948.1611424013637 58.61
1362 -839.1479534981522 58.62
1363 -724.5332079920906 58.63
1364 -605.8667120255543 58.64
1365 -482.6056079984485 58.65
1366 -354.1421562508025 58.66
1367 -212.3572737530924 58.67
1368 -52.65922699318418 58.68
1369 115.39665679208 58.69
1370 293.3639520597662 58.7
1371 479.5238279763955 58.71
1372 662.0224635753335 58.72
1373 846.7905987760396 58.73
1374 1030.384329709894 58.74
1375 1208.849493688008 58.75
1376 1380.081081824247 58.76
1377 1540.558048508706 58.77
1378 1692.243832637403 58.78
1379 1834.290210436832 58.79
1380 1967.460628417243 58.8
1381 2085.49667802156 58.81
1382 2194.099425022642 58.82
1383 2287.410195102424 58.83
1384 2363.949004097988 58.84
1385 2416.162250346934 58.85
1386 2469.582675816677 58.86
1387 2508.412380042466 58.87
1388 2530.789016030541 58.88
1389 2400.226455351958 58.89
1390 2304.550735145409 58.9
1391 2244.638534219531 58.91
1392 2191.042251754747 58.92
1393 2138.63059713794 58.93
1394 2068.742089337972 58.94
1395 2001.209633720184 58.95
1396 1923.964331784792 58.96
1397 1840.894180517216 58.97
1398 1753.929086473297 58.98
1399 1534.948442450239 58.99
1400 1305.317410805563 59
1401 1048.915476897366 59.01
1402 804.2966653270001 59.02
1403 585.8829382108931 59.03
1404 451.9771922570054 59.04
1405 327.833333616221 59.05
1406 229.9187901552436 59.06
1407 151.2665751267377 59.07
1408 110.2558348927797 59.08
1409 79.51426891437485 59.09
1410 59.9367419815692 59.1
1411 28.33233967147805 59.11
1412 24.74145111383545 59.12
1413 26.29641246179005 59.13
1414 27.29502019047572 59.14
1415 28.81688010059792 59.15
1416 30.76835124426619 59.16
1417 32.65961865608406 59.17
1418 34.10051398561833 59.18
1419 34.64094503905149 59.19
1420 33.56027039301223 59.2
1421 31.54085096806343 59.21
1422 28.99829165484677 59.22
1423 25.58521562717199 59.23
1424 21.3416974175771 59.24
1425 16.19671662590284 59.25
1426 10.24871147969952 59.26
1427 3.50177886881551 59.27
1428 -4.022476235292892 59.28
1429 -12.44292466915303 59.29
1430 -21.7063474616031 59.3
1431 -31.7559852172419 59.31
1432 -42.67047286156065 59.32
1433 -54.44915486381532 59.33
1434 -67.24966077238442 59.34
1435 -80.9186365548062 59.35
1436 -95.29882984433451 59.36
1437 -109.7439927873559 59.37
1438 -122.8312854852653 59.38
1439 -125.4288768828319 59.39
1440 -148.2898621963845 59.4
1441 -160.2739496292827 59.41
1442 -174.1884276754391 59.42
1443 -187.5140469669082 59.43
1444 -201.8077024447085 59.44
1445 -214.1407179672781 59.45
1446 -231.3558605729705 59.46
1447 -258.216578466894 59.47
1448 -287.7485343452093 59.48
1449 -309.2913110606594 59.49
1450 -327.6611290354885 59.5
1451 -353.0379831109737 59.51
1452 -380.5434613084966 59.52
1453 -408.5547293835565 59.53
1454 -436.1481994334201 59.54
1455 -463.7455731067413 59.55
1456 -493.8664302126135 59.56
1457 -528.2892724030687 59.57
1458 -558.409561673657 59.58
1459 -584.9611342866401 59.59
1460 -611.9136436406966 59.6
1461 -633.7901433076546 59.61
1462 -650.8382210560192 59.62
1463 -661.6030887399606 59.63
1464 -664.9649251240113 59.64
1465 -660.0001549866249 59.65
1466 -639.057169941997 59.66
1467 -615.4661434641597 59.67
1468 -582.7978754946702 59.68
1469 -544.103144489906 59.69
1470 -491.7455968669304 59.7
1471 -424.7446485680106 59.71
1472 -346.2638009205616 59.72
1473 -243.7741819379505 59.73
1474 -160.6684121626631 59.74
1475 -44.57844916610049 59.75
1476 84.78782077818781 59.76
1477 207.336951985538 59.77
1478 336.7331061702106 59.78
1479 471.3133260395444 59.79
1480 610.7219146024649 59.8
1481 750.0290426084741 59.81
1482 886.8236476742698 59.82
1483 1024.463103559666 59.83
1484 1158.242294754481 59.84
1485 1290.142129260227 59.85
1486 1413.886139933708 59.86
1487 1526.703614039747 59.87
1488 1628.970101979817 59.88
1489 1721.522571696657 59.89
1490 1803.091163805248 59.9
1491 1816.292397528367 59.91
1492 1847.912883075321 59.92
1493 1884.605478307301 59.93
1494 1862.410087110555 59.94
1495 1853.79947065823 59.95
1496 1845.948823861631 59.96
1497 1838.827534419306 59.97
1498 1821.693432619315 59.98
1499 1804.126780441492 59.99
1500 1770.649837639936 60
