"frac-mass-n2-rfile"
"Time Step" "frac-mass-n2 etc.."
("Time Step" "frac-mass-n2" "flow-time")
0 0.769298624489423 0
1 0.7691657693566691 0.1
2 0.7689995081427908 0.2
3 0.7688041304861347 0.3
4 0.7685825121532291 0.4
5 0.768357676058433 0.5
6 0.7681454563341968 0.6000000000000001
7 0.7679433332166345 0.7000000000000001
8 0.7677752493166811 0.8
9 0.7676324938396606 0.9
10 0.7675131931840183 1
11 0.7674146756080834 1.1
12 0.7673168565626221 1.2
13 0.7672177811997266 1.3
14 0.76711340240193 1.4
15 0.7670016432493298 1.5
16 0.7668810960617088 1.6
17 0.7667472617198058 1.7
18 0.7666111112501494 1.8
19 0.766471082323415 1.9
20 0.7663268544918481 2
21 0.7661729247723132 2.1
22 0.7660210000053191 2.2
23 0.7658622329529506 2.3
24 0.7657023049379709 2.4
25 0.765542124100016 2.5
26 0.7653820009399654 2.6
27 0.7652224559503243 2.7
28 0.7650637968994424 2.8
29 0.7649064624733398 2.9
30 0.7647506452071848 3
31 0.7645999277557013 3.1
32 0.7644486106713164 3.2
33 0.7642991301656521 3.3
34 0.7641545941817528 3.4
35 0.7640074958353061 3.5
36 0.7638618384096972 3.6
37 0.763717400050269 3.7
38 0.7635734187033542 3.8
39 0.7634297931734149 3.9
40 0.7632834093345399 4
41 0.7631398160681258 4.100000000000001
42 0.7629937256670555 4.2
43 0.7628490560757244 4.3
44 0.7627035789231645 4.4
45 0.762557231776721 4.5
46 0.7624098147223267 4.600000000000001
47 0.7622613416682523 4.7
48 0.7621113936865594 4.800000000000001
49 0.7619606396115842 4.9
50 0.7618099055773193 5
51 0.7616586545963068 5.100000000000001
52 0.7615071380541644 5.2
53 0.761355415712479 5.300000000000001
54 0.7612037007642078 5.4
55 0.7610521013539459 5.5
56 0.7609009253325966 5.600000000000001
57 0.7607500530635131 5.7
58 0.7605996407440876 5.800000000000001
59 0.7604496727793999 5.9
60 0.7603002130529484 6
61 0.7601511926246327 6.100000000000001
62 0.7600026453263171 6.2
63 0.7598544427627912 6.300000000000001
64 0.7597065960504826 6.4
65 0.7595591030674355 6.5
66 0.7594117713914764 6.600000000000001
67 0.7592644957230686 6.7
68 0.7591173124025247 6.800000000000001
69 0.7589700693280886 6.9
70 0.7588227316275961 7
71 0.758675253872564 7.100000000000001
72 0.7585276089344674 7.2
73 0.758379733541296 7.300000000000001
74 0.7582316866390649 7.4
75 0.7580834900248449 7.5
76 0.7579351390826812 7.600000000000001
77 0.7577866284054948 7.7
78 0.757637995452354 7.800000000000001
79 0.7574892986972335 7.9
80 0.7573405889405517 8
81 0.7571919362141249 8.1
82 0.75704328629111 8.200000000000001
83 0.756894765273216 8.300000000000001
84 0.7567463778499636 8.4
85 0.7565980718279328 8.5
86 0.7564498547703631 8.6
87 0.7563018089079958 8.700000000000001
88 0.7561539368362387 8.800000000000001
89 0.7560062132472646 8.9
90 0.7558586041613966 9
91 0.7557111091770298 9.1
92 0.7555637535733942 9.200000000000001
93 0.7554088640826364 9.300000000000001
94 0.7552613606453829 9.4
95 0.7551138667364209 9.5
96 0.7549598265026196 9.600000000000001
97 0.7548122443004598 9.700000000000001
98 0.7546645627901353 9.800000000000001
99 0.7545104833441361 9.9
100 0.754362739872515 10
101 0.7542112940573796 10.1
102 0.7540633400023756 10.2
103 0.753911408634063 10.3
104 0.7537633301366347 10.4
105 0.7536110456153661 10.5
106 0.7534628011493785 10.6
107 0.7533075980118161 10.7
108 0.7531591704797366 10.8
109 0.7530065709575852 10.9
110 0.7528581617763559 11
111 0.7527014817556069 11.1
112 0.752553028313259 11.2
113 0.7523975395373137 11.3
114 0.7522490270649146 11.4
115 0.7520961616949057 11.5
116 0.7519476427999824 11.6
117 0.7517897700469554 11.7
118 0.751641229928531 11.8
119 0.7514829576854123 11.9
120 0.7513343112397192 12
121 0.7511774267767959 12.1
122 0.7510287952172987 12.2
123 0.7508704311085019 12.3
124 0.7507217942448795 12.4
125 0.750564509066766 12.5
126 0.7504158686124538 12.6
127 0.7502609909815766 12.7
128 0.7501123347288282 12.8
129 0.7499536439503344 12.9
130 0.7498049447895095 13
131 0.7496477331441653 13.1
132 0.7494989276282497 13.2
133 0.7493395688469944 13.3
134 0.7491907676575856 13.4
135 0.7490304661531392 13.5
136 0.7488816026145401 13.6
137 0.7487221288212276 13.7
138 0.748573235626892 13.8
139 0.7484155568087772 13.9
140 0.7482666367091441 14
141 0.7481063374127134 14.1
142 0.7479574372359834 14.2
143 0.7477974307721688 14.3
144 0.7476484498880724 14.4
145 0.7474877738915652 14.5
146 0.7473387589399832 14.6
147 0.747176107913274 14.7
148 0.7470270631764271 14.8
149 0.7468638512602995 14.9
150 0.7467147747478831 15
151 0.7465563494721782 15.1
152 0.7464072850019539 15.2
153 0.7462456092158407 15.3
154 0.7460964929646442 15.4
155 0.745935103493138 15.5
156 0.7457858931609136 15.6
157 0.7456253086290128 15.7
158 0.745476063477257 15.8
159 0.745314151660343 15.9
160 0.7451648958437521 16
161 0.7450048997084978 16.1
162 0.7448555490881632 16.2
163 0.7446926557446064 16.3
164 0.7445433110592087 16.4
165 0.7443796107375018 16.5
166 0.7442301634612195 16.6
167 0.744064596805465 16.7
168 0.7439152159317902 16.8
169 0.7437531637861491 16.9
170 0.7436037542328311 17
171 0.7434409138528493 17.1
172 0.7432913934199308 17.2
173 0.7431255680009557 17.3
174 0.7429741355893078 17.4
175 0.7428077149083535 17.5
176 0.7426563768696127 17.6
177 0.7424908858072609 17.7
178 0.7423394439758619 17.8
179 0.7421719430007321 17.9
180 0.7420203345340132 18
181 0.7418528074122339 18.1
182 0.7417011674091352 18.2
183 0.7415336566763877 18.3
184 0.741381940790015 18.4
185 0.7412137232248339 18.5
186 0.7410618612125834 18.6
187 0.7408945199162319 18.7
188 0.7407426107001412 18.8
189 0.7405743791610359 18.9
190 0.7404096839323608 19
191 0.7402391522258871 19.1
192 0.7400741392632366 19.2
193 0.7399032511777518 19.3
194 0.7397374466167483 19.4
195 0.7395659764485251 19.5
196 0.7394002850495116 19.6
197 0.7392282227516911 19.7
198 0.7390758699402025 19.8
199 0.7389759209245588 19.9
200 0.7388231845538523 20
201 0.738723471020825 20.1
202 0.7385556817159159 20.2
203 0.7384585963716117 20.3
204 0.7383055851147617 20.4
205 0.7382040205276066 20.5
206 0.7380352490956497 20.6
207 0.7379359508522043 20.7
208 0.7377635309903342 20.8
209 0.7376625578247036 20.9
210 0.7374924943680606 21
211 0.7373911850320789 21.1
212 0.737220484112705 21.2
213 0.7371226773358214 21.3
214 0.7369476136230182 21.4
215 0.7368454634782858 21.5
216 0.7366697342277824 21.6
217 0.7365679155538143 21.7
218 0.7363912744096853 21.8
219 0.7362876252527919 21.9
220 0.7361138695200551 22
221 0.7360108920703612 22.1
222 0.7358277452911639 22.2
223 0.7357171015520163 22.3
224 0.7355382781843703 22.4
225 0.7354302566209898 22.5
226 0.7352800145794299 22.6
227 0.7351721544811244 22.7
228 0.7349902684825723 22.8
229 0.7348692356969295 22.9
230 0.7347183823955871 23
231 0.734606429806321 23.1
232 0.7344551803270264 23.2
233 0.7343384275710382 23.3
234 0.7341864221692787 23.4
235 0.7340691458037331 23.5
236 0.7339167693948228 23.6
237 0.7337933989436823 23.7
238 0.7336721401614231 23.8
239 0.7335523433623229 23.9
240 0.7334316667830123 24
241 0.7332774472162165 24.1
242 0.7331424074022362 24.2
243 0.7330118187743101 24.3
244 0.7328663144495177 24.4
245 0.7327338345409973 24.5
246 0.7325795931497733 24.6
247 0.7324299077256423 24.7
248 0.7322915437746906 24.8
249 0.7321350826528799 24.9
250 0.7319755969641337 25
251 0.7318185871443644 25.1
252 0.7316611876965319 25.2
253 0.7315143031708671 25.3
254 0.7313444886224576 25.4
255 0.731185169357586 25.5
256 0.7310157909883058 25.6
257 0.7308450663890195 25.7
258 0.7306409107453539 25.8
259 0.7305053028669604 25.9
260 0.7303683153671784 26
261 0.7302066450206532 26.1
262 0.7300667141207663 26.2
263 0.7299353628048085 26.3
264 0.7297707471427005 26.4
265 0.7296204255982266 26.5
266 0.7294618217708496 26.6
267 0.7292919998669597 26.7
268 0.7291322761563727 26.8
269 0.7289698678051041 26.9
270 0.7288407480342933 27
271 0.7286089265575816 27.1
272 0.7283889943631061 27.2
273 0.7282383086329929 27.3
274 0.72802431009817 27.4
275 0.727796061286008 27.5
276 0.7276360120154854 27.6
277 0.7274226586642405 27.7
278 0.7272522932246012 27.8
279 0.7270194952098905 27.9
280 0.72685232140583 28
281 0.7266413472858438 28.1
282 0.7264791854538724 28.2
283 0.7262784907765679 28.3
284 0.7261138826791266 28.4
285 0.7258894976451606 28.5
286 0.7257220415062274 28.6
287 0.7255292644429729 28.7
288 0.7253151066973488 28.8
289 0.7251472684962544 28.9
290 0.7249456003815585 29
291 0.7247446147714091 29.1
292 0.7245893440852726 29.2
293 0.7243822649377787 29.3
294 0.7241813254587269 29.4
295 0.724024137836822 29.5
296 0.7238229431871432 29.6
297 0.7236283797141271 29.7
298 0.7234830336429553 29.8
299 0.7233148566636256 29.9
300 0.7231837330993844 30
301 0.7230478244147812 30.1
302 0.7229079074800759 30.2
303 0.7227619898022117 30.3
304 0.7226197409024744 30.4
305 0.7224743195083789 30.5
306 0.7223288294998187 30.6
307 0.7221831873592045 30.7
308 0.7220373855063541 30.8
309 0.7218915626357627 30.9
310 0.7217457814191438 31
311 0.721600093619194 31.1
312 0.7214545291681612 31.2
313 0.7213091347126498 31.3
314 0.7211639282443381 31.4
315 0.7210188994308622 31.5
316 0.7208739904788681 31.6
317 0.7207291608572904 31.7
318 0.720584369166629 31.8
319 0.7204396021463957 31.9
320 0.7202948589473643 32
321 0.7201501476399237 32.1
322 0.7200138104674836 32.2
323 0.7198772942977568 32.3
324 0.7197406974983591 32.4
325 0.7196041425216307 32.5
326 0.7194678334622832 32.6
327 0.7193319511274309 32.7
328 0.7191958321302081 32.8
329 0.7190595341881451 32.9
330 0.7189232327637883 33
331 0.7187873829636894 33.1
332 0.7186510707391995 33.2
333 0.7185152117991255 33.3
334 0.7183796581499555 33.4
335 0.71824424561436 33.5
336 0.7181085020110614 33.6
337 0.7179730115290965 33.7
338 0.7178376614811226 33.8
339 0.717702291480612 33.9
340 0.7175671507635424 34
341 0.7174316535358217 34.1
342 0.7172964401844177 34.2
343 0.7171611461970335 34.3
344 0.7170259909886421 34.4
345 0.716890464072921 34.5
346 0.7167555272530628 34.6
347 0.7166207558239555 34.7
348 0.7164855271493743 34.8
349 0.7163504252595001 34.9
350 0.7162150450118195 35
351 0.7160798643007521 35.1
352 0.7159447755507597 35.2
353 0.7158099479510732 35.3
354 0.7156750963933178 35.4
355 0.7155403258900321 35.5
356 0.7154054265144395 35.6
357 0.7152710986516527 35.7
358 0.7151364479906948 35.8
359 0.7150019691299965 35.9
360 0.7148668889363499 36
361 0.7147322036133721 36.1
362 0.7145976848842444 36.2
363 0.7144634082941851 36.3
364 0.7143286996208901 36.4
365 0.7141943292123635 36.5
366 0.7140599235135757 36.6
367 0.71392590085179 36.7
368 0.7137916089821416 36.8
369 0.7136575852698619 36.9
370 0.7135233036845278 37
371 0.7133886957474997 37.1
372 0.713254752178305 37.2
373 0.7131207145475588 37.3
374 0.7129865448390525 37.4
375 0.7128526406510058 37.5
376 0.7127189642839974 37.6
377 0.7125852248086924 37.7
378 0.712451173494515 37.8
379 0.7123171951234445 37.9
380 0.7121833040848804 38
381 0.7120493652017374 38.1
382 0.7119157141809975 38.2
383 0.7117822087647053 38.3
384 0.711648808469401 38.40000000000001
385 0.7115154538471041 38.5
386 0.7113819003251309 38.6
387 0.7112483520690859 38.7
388 0.7111145735169724 38.8
389 0.7109810299334234 38.90000000000001
390 0.7108478154156372 39
391 0.7107142789671897 39.1
392 0.710580834019651 39.2
393 0.7104474262901895 39.3
394 0.7103140535553573 39.40000000000001
395 0.7101806589782916 39.5
396 0.7100476969588662 39.6
397 0.7099146395584695 39.7
398 0.70978132859781 39.8
399 0.7096481503155283 39.90000000000001
400 0.7095154814819851 40
401 0.7093822057398372 40.1
402 0.7092491379582655 40.2
403 0.7091165257786662 40.3
404 0.7089837364788629 40.40000000000001
405 0.7088512145603626 40.5
406 0.7087188124701082 40.6
407 0.7085863089255462 40.7
408 0.7084533407966361 40.8
409 0.7083208316813995 40.90000000000001
410 0.7081883799749078 41
411 0.7080560054714431 41.1
412 0.7079234544799141 41.2
413 0.7077911161157431 41.3
414 0.707658791309229 41.40000000000001
415 0.707526318993253 41.5
416 0.7073939806988696 41.6
417 0.7072620004054906 41.7
418 0.7071298647677023 41.8
419 0.7069975093325203 41.90000000000001
420 0.7068652601091501 42
421 0.7067330646562444 42.1
422 0.7066012319767025 42.2
423 0.706468898789365 42.3
424 0.7063367442709159 42.40000000000001
425 0.7062045948649714 42.5
426 0.7060724984012637 42.6
427 0.7059405822687829 42.7
428 0.7058084992511079 42.8
429 0.7056765610932191 42.90000000000001
430 0.7055446623933116 43
431 0.7054127095703718 43.1
432 0.7052809224331315 43.2
433 0.7051496221465133 43.3
434 0.7050179099113917 43.40000000000001
435 0.7048863838938746 43.5
436 0.7047548051998506 43.6
437 0.7046232542532471 43.7
438 0.7044919336328693 43.8
439 0.7043606569899209 43.90000000000001
440 0.7042295766431206 44
441 0.7040985580930672 44.1
442 0.7039673670867268 44.2
443 0.7038359549172626 44.3
444 0.7037047237259576 44.40000000000001
445 0.7035735739366249 44.5
446 0.7034426567242921 44.6
447 0.7033118956935928 44.7
448 0.7031807605423015 44.8
449 0.7030501251226877 44.90000000000001
450 0.702919114194957 45
451 0.7027880202339342 45.1
452 0.7026569362422022 45.2
453 0.7025264569669736 45.3
454 0.7023956163268632 45.40000000000001
455 0.7022647592929376 45.5
456 0.7021338918425467 45.6
457 0.7020030309622165 45.7
458 0.7018724406682302 45.8
459 0.7017416678874105 45.90000000000001
460 0.7016112116801881 46
461 0.7014806132093083 46.1
462 0.7013500350678066 46.2
463 0.7012197195054247 46.3
464 0.701089669604597 46.40000000000001
465 0.7009596527982664 46.5
466 0.7008290814952992 46.6
467 0.7006986294400172 46.7
468 0.7005680549922696 46.8
469 0.7004378868286395 46.90000000000001
470 0.7003079207348044 47
471 0.7001781128381781 47.1
472 0.7000479896809149 47.2
473 0.6999178258484534 47.3
474 0.6997878678820981 47.40000000000001
475 0.6996577319788115 47.5
476 0.699528102038213 47.6
477 0.6993983742224772 47.7
478 0.6992687501573543 47.8
479 0.6991391561943966 47.90000000000001
480 0.6990093431776669 48
481 0.69887959973095 48.1
482 0.6987499327966635 48.2
483 0.6986199015832103 48.3
484 0.6984906124128506 48.40000000000001
485 0.6983612448261413 48.5
486 0.6982315181994672 48.6
487 0.6981019064432931 48.7
488 0.6979722774591693 48.8
489 0.6978430315210599 48.90000000000001
490 0.6977138510953502 49
491 0.6975845302761881 49.1
492 0.697455228670306 49.2
493 0.6973259624781779 49.3
494 0.6971965739687189 49.40000000000001
495 0.6970671007648694 49.5
496 0.6969378338831987 49.6
497 0.6968084789174412 49.7
498 0.6966792668126648 49.8
499 0.6965504393503966 49.90000000000001
500 0.6964215427339461 50
501 0.6964077814944131 50.01
502 0.696393850686402 50.02
503 0.6963797296653722 50.03
504 0.6963654772492779 50.04
505 0.6963510732243832 50.05
506 0.6963365223513192 50.06
507 0.6963219017386975 50.07
508 0.6963074220267864 50.08
509 0.696293151890046 50.09
510 0.696279100821955 50.1
511 0.6962651649965207 50.11
512 0.6962512271880952 50.12
513 0.6962371481403076 50.13
514 0.6962227555554095 50.14
515 0.6962078894280289 50.15
516 0.6961924458166127 50.16
517 0.6961762778016094 50.17
518 0.6961593227644616 50.18
519 0.696141505594956 50.19
520 0.6961228199645226 50.2
521 0.6961032275367905 50.21
522 0.6960827156962807 50.22
523 0.696061211351246 50.23
524 0.6960386295026116 50.24
525 0.6960148713497246 50.25
526 0.6959898928925835 50.26
527 0.6959636221625755 50.27
528 0.6959358790889404 50.28
529 0.6959066967193295 50.29
530 0.6958759041264703 50.3
531 0.6958434054541269 50.31
532 0.6958091003246807 50.32
533 0.6957728875270341 50.33
534 0.6957346351327398 50.34
535 0.6956942203526368 50.35
536 0.6956515103311982 50.36
537 0.695606379632953 50.37
538 0.695558670679552 50.38
539 0.6955084963355509 50.39
540 0.6954557601698292 50.4
541 0.6954002106485453 50.41
542 0.6953418648205532 50.42
543 0.6952808891559915 50.43
544 0.695217086796443 50.44
545 0.6951503942178467 50.45
546 0.6950628878498892 50.46
547 0.6949870365150865 50.47
548 0.694901038890211 50.48
549 0.6948354744986043 50.49
550 0.6948194785559398 50.5
551 0.69495434012777 50.51
552 0.6952759208840782 50.52
553 0.6957790746966508 50.53
554 0.6963246906601767 50.54
555 0.6974641537893262 50.55
556 0.6990345107414873 50.56
557 0.7009660840952929 50.57
558 0.7031817245287887 50.58
559 0.7056325155978307 50.59
560 0.7082893498223471 50.6
561 0.7110840237317873 50.61
562 0.7139134022108349 50.62
563 0.7166391657258838 50.63
564 0.7191496844264986 50.64
565 0.7213716121676352 50.65
566 0.723272803919508 50.66
567 0.7248788567899804 50.67
568 0.7263148639306152 50.68
569 0.7276880705891879 50.69
570 0.7290732255125172 50.7
571 0.7304665670404002 50.71
572 0.7318463705746298 50.72
573 0.7331792557780568 50.73
574 0.7344321683250342 50.74
575 0.7355651138215022 50.75
576 0.7365925832769918 50.76
577 0.7375020910204737 50.77
578 0.7383154456055241 50.78
579 0.7390272125323641 50.79
580 0.7396466081475538 50.8
581 0.7401694874218493 50.81
582 0.7406181822450485 50.82
583 0.7410084170354172 50.83
584 0.7413652544622767 50.84
585 0.7416796483202099 50.85
586 0.7419494255732524 50.86
587 0.7421811640753979 50.87
588 0.7423615304027738 50.88
589 0.7424784162584758 50.89
590 0.7425434338301655 50.9
591 0.7425574239233336 50.91
592 0.7425497494136266 50.92
593 0.7425157025016694 50.93
594 0.7424602218897139 50.94
595 0.742380428898013 50.95
596 0.7422737197275778 50.96
597 0.7421625150473147 50.97
598 0.7420415639229112 50.98
599 0.7419074579471717 50.99
600 0.7417732305063639 51
601 0.7416336019191269 51.01
602 0.7414976703395868 51.02
603 0.7413599758719892 51.03
604 0.7412244443737811 51.04
605 0.741089604425078 51.05
606 0.7409561050596837 51.06
607 0.7408244825260202 51.07
608 0.7406963199121391 51.08
609 0.7405710377173307 51.09
610 0.7404492608397292 51.1
611 0.7403308231116917 51.11
612 0.7402163488176398 51.12
613 0.7401054114955631 51.13
614 0.739998686987475 51.14
615 0.7398959730860474 51.15
616 0.7397955965452642 51.16
617 0.7397014880169918 51.17
618 0.7396112352195191 51.18
619 0.7395250322334275 51.19
620 0.7394428618148378 51.2
621 0.7393615966065094 51.21
622 0.7392884955859313 51.22
623 0.7392178608255378 51.23
624 0.7391504418407887 51.24
625 0.7390840465295853 51.25
626 0.7390276666829972 51.26
627 0.7389734904174098 51.27
628 0.7389205162088337 51.28
629 0.7388695929523252 51.29
630 0.7388338755721017 51.3
631 0.7388208611282606 51.31
632 0.7388070507591123 51.32
633 0.738799449426866 51.33
634 0.738797808549944 51.34
635 0.7388173130220076 51.35
636 0.7388662291664123 51.36
637 0.7389398487357858 51.37
638 0.7390589659896196 51.38
639 0.7392067235153565 51.39
640 0.7393823577679258 51.4
641 0.7396045403871627 51.41
642 0.7398965149006707 51.42
643 0.7402732725589461 51.43
644 0.7407347844921766 51.44
645 0.7412781325706532 51.45
646 0.7418971118645187 51.46
647 0.7425831707213915 51.47
648 0.7433259115008954 51.48
649 0.744114432551125 51.49
650 0.7449373108847466 51.5
651 0.7457851502821681 51.51
652 0.7466479113544361 51.52
653 0.7475174658654856 51.53
654 0.7483857463148432 51.54
655 0.7492460405366077 51.55
656 0.75006642747165 51.56
657 0.7508520166806917 51.57
658 0.7516041692405117 51.58
659 0.7523235105943707 51.59
660 0.7530103006998374 51.6
661 0.7536651587506448 51.61
662 0.7542884222950735 51.62
663 0.7548793124599874 51.63
664 0.7554378414134343 51.64
665 0.7559615033452683 51.65
666 0.7564550760386536 51.66
667 0.7569174045274727 51.67
668 0.7573495377837234 51.68
669 0.7577537573414277 51.69
670 0.7581306335039455 51.7
671 0.7584815370345757 51.71
672 0.7588081257413178 51.72
673 0.7591116284266528 51.73
674 0.7593936004062166 51.74
675 0.7596359698803361 51.75
676 0.7598437034033449 51.76
677 0.7600220783653051 51.77
678 0.7601831205423396 51.78
679 0.7603232170694707 51.79
680 0.7604564367634645 51.8
681 0.7605812714751686 51.81
682 0.7606983997773487 51.82
683 0.7608078672104012 51.83
684 0.7609094657500641 51.84
685 0.7610029089400807 51.85
686 0.7610878991511542 51.86
687 0.761164186754437 51.87
688 0.76123162396009 51.88
689 0.7612901720341004 51.89
690 0.7613399542066862 51.9
691 0.7613811856979342 51.91
692 0.7614141131093793 51.92
693 0.7614390383397542 51.93
694 0.7614564622081199 51.94
695 0.7614667725391879 51.95
696 0.7614704476555155 51.96
697 0.7614679825299857 51.97
698 0.7614598985389149 51.98
699 0.7614467192296516 51.99
700 0.7614275400368965 52
701 0.761405344888527 52.01
702 0.7613797494379834 52.02
703 0.7613519991656476 52.03
704 0.7613176034442322 52.04
705 0.7612859887788803 52.05
706 0.7612522384111708 52.06
707 0.7612168283709529 52.07
708 0.7611801316438899 52.08
709 0.7611424602541161 52.09
710 0.7611040168321838 52.1
711 0.7610649704577401 52.11
712 0.7610254255084627 52.12
713 0.7609855383893578 52.13
714 0.7609453813655285 52.14
715 0.7609049809992453 52.15
716 0.7608644128737581 52.16
717 0.7608235009000245 52.17
718 0.7607826768696799 52.18
719 0.7607415417522001 52.19
720 0.760700307978612 52.2
721 0.7606589316745342 52.21
722 0.7606177465369827 52.22
723 0.7605763131759197 52.23
724 0.7605346625808301 52.24
725 0.7604927742638991 52.25
726 0.7604506625997641 52.26
727 0.7604083142439653 52.27
728 0.7603662522649639 52.28
729 0.76032416605294 52.29
730 0.7602816944496357 52.3
731 0.7602390824061971 52.31
732 0.7601954659549628 52.32
733 0.7601515191013581 52.33
734 0.760107404205265 52.34
735 0.7600630799653171 52.35
736 0.7600183774819346 52.36
737 0.7599736330092369 52.37
738 0.759928660164233 52.38
739 0.7598835643192069 52.39
740 0.7598384105152985 52.4
741 0.7597933231622711 52.41
742 0.759747873371862 52.42
743 0.7597022798520142 52.43
744 0.7596565543689408 52.44
745 0.7596103306915736 52.45
746 0.7595645317953791 52.46
747 0.7595188762235208 52.47
748 0.7594734817010924 52.48
749 0.7594279566802714 52.49
750 0.7593832112299007 52.5
751 0.7593391738449771 52.51
752 0.759296455873158 52.52
753 0.7592619250036441 52.53
754 0.7592290451007354 52.54
755 0.7592012357219328 52.55
756 0.7591806459605389 52.56
757 0.7591633684587227 52.57
758 0.7591560972244487 52.58
759 0.7591663131517798 52.59
760 0.7591884166437101 52.6
761 0.7592364709734385 52.61
762 0.7592991630016424 52.62
763 0.7593719425681987 52.63
764 0.759475137302665 52.64
765 0.7596089349250259 52.65
766 0.7597727060896364 52.66
767 0.7599645292524345 52.67
768 0.7601818187004412 52.68
769 0.7604214581168626 52.69
770 0.7606796758384882 52.7
771 0.7609530954828289 52.71
772 0.7612380228922445 52.72
773 0.7615304781083042 52.73
774 0.761823386553161 52.74
775 0.7621160648702706 52.75
776 0.7624014199544306 52.76
777 0.7626753026194656 52.77
778 0.7629390328657604 52.78
779 0.7631926494488459 52.79
780 0.763435686908838 52.8
781 0.7636700276943498 52.81
782 0.7638926469070412 52.82
783 0.7641044877411174 52.83
784 0.7643056332443681 52.84
785 0.7644960108891281 52.85
786 0.7646758369792366 52.86
787 0.764845190529253 52.87
788 0.7650044316738314 52.88
789 0.7651552990323093 52.89
790 0.765294792585628 52.9
791 0.765425314137135 52.91
792 0.7655473562096583 52.92
793 0.7656597993014631 52.93
794 0.7657666634208333 52.94
795 0.7658664018493744 52.95
796 0.765959417265535 52.96
797 0.7660461684053143 52.97
798 0.7661262789460441 52.98
799 0.7661952900315491 52.99
800 0.7662580908136615 53
801 0.7663115022950823 53.01
802 0.766360684791016 53.02
803 0.7664067684904041 53.03
804 0.7664503864443639 53.04
805 0.7664882805142854 53.05
806 0.7665232813084931 53.06
807 0.7665556922265014 53.07
808 0.7665853811216385 53.08
809 0.7666132782214936 53.09
810 0.7666375739104938 53.1
811 0.7666591872273979 53.11
812 0.7666779753940269 53.12
813 0.7666940262862868 53.13
814 0.7667071198206907 53.14
815 0.76671789911088 53.15
816 0.766724916286272 53.16
817 0.766730909822107 53.17
818 0.7667344712773554 53.18
819 0.7667357294188888 53.19
820 0.7667347963687459 53.2
821 0.7667317973005735 53.21
822 0.7667268706876693 53.22
823 0.7667201630660925 53.23
824 0.7667118209385044 53.24
825 0.7667019891517951 53.25
826 0.7666908137809104 53.26
827 0.7666784342558184 53.27
828 0.7666649831724253 53.28
829 0.7666506067797197 53.29
830 0.7666354242449874 53.3
831 0.7666195376229676 53.31
832 0.7666030573019453 53.32
833 0.7665860691195948 53.33
834 0.7665686595034894 53.34
835 0.7665508993363837 53.35
836 0.7665328370294624 53.36
837 0.7665147191927381 53.37
838 0.7664960232995408 53.38
839 0.7664771983166632 53.39
840 0.7664582240046756 53.4
841 0.7664391199665139 53.41
842 0.7664198694185274 53.42
843 0.7664004753636312 53.43
844 0.7663809427812942 53.44
845 0.7663612572569883 53.45
846 0.7663414110358074 53.46
847 0.7663217243851027 53.47
848 0.7663018326809791 53.48
849 0.7662815671799738 53.49
850 0.7662611199600811 53.5
851 0.7662404705932241 53.51
852 0.7662195867238388 53.52
853 0.7661984718480414 53.53
854 0.7661770685075742 53.54
855 0.7661554164372053 53.55
856 0.7661334450226099 53.56
857 0.766111253585487 53.57
858 0.7660887273464927 53.58
859 0.7660658541968939 53.59
860 0.7660426041934827 53.6
861 0.766018975896501 53.61
862 0.7659949254232626 53.62
863 0.7659704703299134 53.63
864 0.7659456382812927 53.64
865 0.7659203648334522 53.65
866 0.7658947636638405 53.66
867 0.7658686954517082 53.67
868 0.7658421180267678 53.68
869 0.7658150903327208 53.69
870 0.7657876813104589 53.7
871 0.7657589857765087 53.71
872 0.76573040297326 53.72
873 0.7657013476818548 53.73
874 0.7656717794674481 53.74
875 0.7656416697410067 53.75
876 0.7656108528360405 53.76
877 0.7655795598735226 53.77
878 0.7655479485542692 53.78
879 0.7655160493955984 53.79
880 0.7654837527857232 53.8
881 0.7654509415494569 53.81
882 0.7654181722946771 53.82
883 0.7653853243984351 53.83
884 0.7653525485474861 53.84
885 0.7653201436035358 53.85
886 0.7652879108718962 53.86
887 0.7652560738232144 53.87
888 0.7652247669161683 53.88
889 0.7651957123449128 53.89
890 0.7651699160473031 53.9
891 0.7651515443390747 53.91
892 0.7651392181305151 53.92
893 0.7651319316834523 53.93
894 0.7651299053075372 53.94
895 0.765132154192303 53.95
896 0.7651404081785506 53.96
897 0.7651613867902632 53.97
898 0.7651957494639129 53.98
899 0.7652434215974362 53.99
900 0.7653043588479127 54
901 0.7653780971241734 54.01
902 0.7654641309290519 54.02
903 0.7655604960745407 54.03
904 0.765666135532637 54.04
905 0.7657788826527453 54.05
906 0.7658937084433162 54.06
907 0.7660111661096438 54.07
908 0.7661278249020568 54.08
909 0.7662417692154004 54.09
910 0.7663518151319344 54.1
911 0.7664588584941117 54.11
912 0.7665623703278177 54.12
913 0.7666623191473292 54.13
914 0.7667586906347877 54.14
915 0.7668514277012116 54.15
916 0.7669403579975874 54.16
917 0.7670255095855784 54.17
918 0.7671065873342258 54.18
919 0.7671838680747255 54.19
920 0.7672573304567069 54.2
921 0.7673268940798561 54.21
922 0.7673926519663731 54.22
923 0.7674542037803703 54.23
924 0.7675124490398477 54.24
925 0.7675666977682946 54.25
926 0.7676185541137462 54.26
927 0.7676651584499056 54.27
928 0.7677104133217816 54.28
929 0.7677529465771311 54.29
930 0.7677905198503258 54.3
931 0.7678251637658846 54.31
932 0.7678565777045877 54.32
933 0.7678848977055621 54.33
934 0.7679111288279377 54.34
935 0.767934698311442 54.35
936 0.767956411314236 54.36
937 0.7679767325881913 54.37
938 0.7679953910146416 54.38
939 0.7680104490860287 54.39
940 0.7680235492424016 54.4
941 0.768034960610351 54.41
942 0.7680449385820326 54.42
943 0.7680534393382079 54.43
944 0.7680609752409474 54.44
945 0.7680664043581743 54.45
946 0.7680711221628613 54.46
947 0.768074531972599 54.47
948 0.7680766659335853 54.48
949 0.768077545746961 54.49
950 0.768077195992011 54.5
951 0.7680757837750238 54.51
952 0.7680732273841998 54.52
953 0.7680695744404594 54.53
954 0.768064781565819 54.54
955 0.7680589469982623 54.55
956 0.7680522691721513 54.56
957 0.7680448556737393 54.57
958 0.7680366469792747 54.58
959 0.7680277003635141 54.59
960 0.7680180846955541 54.6
961 0.7680078578930337 54.61
962 0.7679970764650119 54.62
963 0.7679857990787355 54.63
964 0.7679740944378997 54.64
965 0.7679624986986356 54.65
966 0.7679498958552007 54.66
967 0.767937081917118 54.67
968 0.767923950614792 54.68
969 0.7679107843175714 54.69
970 0.7678975752464978 54.7
971 0.7678838029502362 54.71
972 0.7678710481194136 54.72
973 0.7678572725888542 54.73
974 0.7678434467611231 54.74
975 0.7678293639599079 54.75
976 0.7678154330082253 54.76
977 0.7678014290047773 54.77
978 0.7677873324626555 54.78
979 0.7677731402116243 54.79
980 0.7677588580574114 54.8
981 0.7677444641270341 54.81
982 0.7677299619606914 54.82
983 0.7677153274707528 54.83
984 0.7677004399859507 54.84
985 0.7676855403011486 54.85
986 0.7676707423831802 54.86
987 0.7676555058162904 54.87
988 0.767640087616267 54.88
989 0.7676244615164284 54.89
990 0.7676086225685567 54.9
991 0.7675925322668484 54.91
992 0.7675760548786557 54.92
993 0.7675594901357347 54.93
994 0.7675426169238307 54.94
995 0.7675254037953796 54.95
996 0.7675078506845785 54.96
997 0.7674899347614416 54.97
998 0.7674716356577912 54.98
999 0.7674528070737064 54.99
1000 0.7674335553243963 55
1001 0.7674140962422994 55.01
1002 0.7673942824018751 55.02
1003 0.7673739735310283 55.03
1004 0.7673530899227341 55.04
1005 0.7673317475201555 55.05
1006 0.7673098867529871 55.06
1007 0.7672874755503392 55.07
1008 0.767264515396203 55.08
1009 0.7672410146041569 55.09
1010 0.7672169646878629 55.1
1011 0.7671923638621043 55.11
1012 0.7671672612850227 55.12
1013 0.7671415245281907 55.13
1014 0.7671154585954423 55.14
1015 0.7670887613519485 55.15
1016 0.76706127498105 55.16
1017 0.7670335391038696 55.17
1018 0.7670055605773205 55.18
1019 0.766977554693364 55.19
1020 0.7669487164391751 55.2
1021 0.7669199381428122 55.21
1022 0.7668911687703684 55.22
1023 0.7668641610974598 55.23
1024 0.7668407667482111 55.24
1025 0.7668180901060921 55.25
1026 0.7667946982145544 55.26
1027 0.7667732962429412 55.27
1028 0.766753507322999 55.28
1029 0.7667363579727635 55.29
1030 0.7667225142587329 55.3
1031 0.7667094813818022 55.31
1032 0.7666986530827981 55.32
1033 0.7666954787492272 55.33
1034 0.7667001055790451 55.34
1035 0.7667130300112621 55.35
1036 0.7667328031584734 55.36
1037 0.7667627236018411 55.37
1038 0.7668013103572242 55.38
1039 0.7668484092201713 55.39
1040 0.7669031993494453 55.4
1041 0.7669637977112912 55.41
1042 0.7670293795737517 55.42
1043 0.7670989584171634 55.43
1044 0.7671711568146896 55.44
1045 0.7672422675941871 55.45
1046 0.7673119249323272 55.46
1047 0.7673798705459094 55.47
1048 0.7674460716693973 55.48
1049 0.76751036537779 55.49
1050 0.7675726895711681 55.5
1051 0.7676329405020852 55.51
1052 0.767690926107881 55.52
1053 0.7677463412854801 55.53
1054 0.7677993426980961 55.54
1055 0.7678497766928741 55.55
1056 0.7678976021821831 55.56
1057 0.7679427953578274 55.57
1058 0.7679852133171347 55.58
1059 0.7680245579841178 55.59
1060 0.7680613365886744 55.6
1061 0.7680957531818904 55.61
1062 0.7681274907655181 55.62
1063 0.7681563388896732 55.63
1064 0.7681833810233658 55.64
1065 0.7682077510810327 55.65
1066 0.7682297056934836 55.66
1067 0.7682500283821327 55.67
1068 0.7682672943508615 55.68
1069 0.7682825880831565 55.69
1070 0.7682960286840042 55.7
1071 0.7683070820225596 55.71
1072 0.768316493295657 55.72
1073 0.768324231145127 55.73
1074 0.7683307661825043 55.74
1075 0.7683360485029394 55.75
1076 0.7683402144362278 55.76
1077 0.7683431767560019 55.77
1078 0.7683451379876243 55.78
1079 0.7683462103441716 55.79
1080 0.7683464921405745 55.8
1081 0.768345731498258 55.81
1082 0.7683439632899334 55.82
1083 0.7683412158201012 55.83
1084 0.7683371787273859 55.84
1085 0.7683322275062053 55.85
1086 0.7683262570203286 55.86
1087 0.7683194988167459 55.87
1088 0.7683123267075089 55.88
1089 0.7683044274203579 55.89
1090 0.7682960872329555 55.9
1091 0.7682878544985796 55.91
1092 0.7682781362825153 55.92
1093 0.768268072850156 55.93
1094 0.7682578472716615 55.94
1095 0.7682472587757405 55.95
1096 0.7682362216604648 55.96
1097 0.7682243959767957 55.97
1098 0.7682133903379866 55.98
1099 0.7682022231364848 55.99
1100 0.7681908927080229 56
1101 0.7681794078069198 56.01
1102 0.7681677589846636 56.02
1103 0.7681555842986272 56.03
1104 0.7681431799638302 56.04
1105 0.7681309505219771 56.05
1106 0.7681186138134596 56.06
1107 0.7681061655691021 56.07
1108 0.7680936101345646 56.08
1109 0.7680806939705108 56.09
1110 0.7680675594087069 56.1
1111 0.7680540151070755 56.11
1112 0.7680403497492513 56.12
1113 0.7680265978971087 56.13
1114 0.7680126874853898 56.14
1115 0.7679985333771128 56.15
1116 0.7679843039133746 56.16
1117 0.7679699990028016 56.17
1118 0.7679547385877444 56.18
1119 0.7679401794352252 56.19
1120 0.7679256479464522 56.2
1121 0.7679103277063037 56.21
1122 0.7678955192734532 56.22
1123 0.7678805313421752 56.23
1124 0.7678653728094392 56.24
1125 0.7678500427999481 56.25
1126 0.7678343656662326 56.26
1127 0.7678185059682493 56.27
1128 0.7678024668489714 56.28
1129 0.7677862485208644 56.29
1130 0.767769850137455 56.3
1131 0.7677532352775797 56.31
1132 0.7677365941895405 56.32
1133 0.7677196653053742 56.33
1134 0.7677022944568032 56.34
1135 0.7676846261807951 56.35
1136 0.7676666466316917 56.36
1137 0.7676483967266474 56.37
1138 0.7676297926560157 56.38
1139 0.7676108869034834 56.39
1140 0.7675918466678382 56.4
1141 0.7675723137128942 56.41
1142 0.7675522984096246 56.42
1143 0.7675318684829082 56.43
1144 0.7675111817844054 56.44
1145 0.767490072607229 56.45
1146 0.7674685693004626 56.46
1147 0.7674466612226235 56.47
1148 0.7674242897750745 56.48
1149 0.7674015183638699 56.49
1150 0.7673783830142361 56.5
1151 0.7673549363011378 56.51
1152 0.767331166793906 56.52
1153 0.7673071061489608 56.53
1154 0.7672840878334609 56.54
1155 0.767262570193094 56.55
1156 0.7672393188303495 56.56
1157 0.767216118391617 56.57
1158 0.7671930893448862 56.58
1159 0.7671703571493748 56.59
1160 0.7671506002461306 56.6
1161 0.7671296038609683 56.61
1162 0.7671093376272269 56.62
1163 0.7670891978141756 56.63
1164 0.7670700974249801 56.64
1165 0.7670520918490799 56.65
1166 0.7670396194600508 56.66
1167 0.7670315600754162 56.67
1168 0.7670252105506573 56.68
1169 0.7670264407844019 56.69
1170 0.7670301107189543 56.7
1171 0.7670399318162344 56.71
1172 0.7670572116129999 56.72
1173 0.7670806930059231 56.73
1174 0.7671103220584335 56.74
1175 0.7671456713546581 56.75
1176 0.767186022556979 56.76
1177 0.7672306080400503 56.77
1178 0.7672789991244541 56.78
1179 0.7673299888018013 56.79
1180 0.7673830987541741 56.8
1181 0.7674361280680508 56.81
1182 0.7674880826711272 56.82
1183 0.7675389935232335 56.83
1184 0.7675886350825364 56.84
1185 0.767636844315128 56.85
1186 0.7676831519765195 56.86
1187 0.7677280663714118 56.87
1188 0.7677708043647223 56.88
1189 0.76781290603498 56.89
1190 0.7678517929245127 56.9
1191 0.7678882951123045 56.91
1192 0.7679220085642647 56.92
1193 0.7679535319070022 56.93
1194 0.7679830754892423 56.94
1195 0.7680095727173158 56.95
1196 0.7680359880910176 56.96
1197 0.7680597674906539 56.97
1198 0.7680815569224131 56.98
1199 0.7681003087188578 56.99
1200 0.7681168175177531 57
1201 0.7681310216541097 57.01
1202 0.7681433035079367 57.02
1203 0.768152512763443 57.03
1204 0.7681603781684251 57.04
1205 0.7681670620035324 57.05
1206 0.7681726033556567 57.06
1207 0.7681769681436653 57.07
1208 0.7681802330918835 57.08
1209 0.7681823540857845 57.09
1210 0.768183393050383 57.1
1211 0.7681834468633167 57.11
1212 0.7681817821450481 57.12
1213 0.7681791353240798 57.13
1214 0.7681756474005785 57.14
1215 0.7681713660874686 57.15
1216 0.7681662992945196 57.16
1217 0.7681601171135142 57.17
1218 0.7681522049839278 57.18
1219 0.7681446172845997 57.19
1220 0.7681360589701017 57.2
1221 0.7681268783657268 57.21
1222 0.7681174451269126 57.22
1223 0.7681069856146872 57.23
1224 0.7680959671051726 57.24
1225 0.7680844264581898 57.25
1226 0.7680724062917322 57.26
1227 0.7680599300457832 57.27
1228 0.7680464418252757 57.28
1229 0.7680329268223663 57.29
1230 0.7680192955093539 57.3
1231 0.7680055904509281 57.31
1232 0.7679903983779581 57.32
1233 0.7679752778465669 57.33
1234 0.7679615015255442 57.34
1235 0.76794739615986 57.35
1236 0.7679330562710204 57.36
1237 0.7679166867163429 57.37
1238 0.7679003683238695 57.38
1239 0.7678861403783298 57.39
1240 0.7678712242428176 57.4
1241 0.7678559748536929 57.41
1242 0.7678403733996382 57.42
1243 0.7678246507008135 57.43
1244 0.7678087959311143 57.44
1245 0.7677927899977692 57.45
1246 0.7677764955950426 57.46
1247 0.7677601154789409 57.47
1248 0.7677437591145692 57.48
1249 0.7677270069000838 57.49
1250 0.7677100350982045 57.5
1251 0.7676931089839245 57.51
1252 0.7676758188531619 57.52
1253 0.7676583351612396 57.53
1254 0.7676408385787132 57.54
1255 0.7676231204437508 57.55
1256 0.7676052023715761 57.56
1257 0.7675870728021208 57.57
1258 0.7675687359144637 57.58
1259 0.7675501489968128 57.59
1260 0.767531278089132 57.6
1261 0.7675120921283378 57.61
1262 0.7674924537888502 57.62
1263 0.7674725724084617 57.63
1264 0.7674522468458712 57.64
1265 0.7674318216490403 57.65
1266 0.7674107844645369 57.66
1267 0.7673893300844095 57.67
1268 0.7673677321433112 57.68
1269 0.7673458060325495 57.69
1270 0.7673235231632496 57.7
1271 0.7673008656906006 57.71
1272 0.7672776275976562 57.72
1273 0.7672541955540245 57.73
1274 0.767231385444346 57.74
1275 0.7672083300648098 57.75
1276 0.7671852687977063 57.76
1277 0.7671619143564748 57.77
1278 0.7671385367264151 57.78
1279 0.7671151668452393 57.79
1280 0.7670919596736273 57.8
1281 0.7670689992084874 57.81
1282 0.7670463811598733 57.82
1283 0.7670241882227641 57.83
1284 0.767002515563829 57.84
1285 0.7669846227754676 57.85
1286 0.7669690405937123 57.86
1287 0.7669545236830966 57.87
1288 0.7669443255195556 57.88
1289 0.7669391483610027 57.89
1290 0.766936363771755 57.9
1291 0.7669391797189458 57.91
1292 0.7669479743953048 57.92
1293 0.7669628651183066 57.93
1294 0.7669827798445025 57.94
1295 0.7670045840313026 57.95
1296 0.7670284215464088 57.96
1297 0.7670578743671308 57.97
1298 0.7670919558562118 57.98
1299 0.767130095080597 57.99
1300 0.7671710994044225 58
1301 0.7672125642768596 58.01
1302 0.7672540976571236 58.02
1303 0.767297274502711 58.03
1304 0.7673400859528842 58.04
1305 0.7673823640352753 58.05
1306 0.7674238352459961 58.06
1307 0.7674643288784179 58.07
1308 0.7675033251612102 58.08
1309 0.7675408655432533 58.09
1310 0.7675768523526005 58.1
1311 0.7676112144174772 58.11
1312 0.767643882153604 58.12
1313 0.767674321597235 58.13
1314 0.7677026914816675 58.14
1315 0.7677292388155126 58.15
1316 0.7677542927867625 58.16
1317 0.7677777488880544 58.17
1318 0.7677996823655812 58.18
1319 0.7678202295963604 58.19
1320 0.7678392276674599 58.2
1321 0.7678566828255727 58.21
1322 0.7678725126287665 58.22
1323 0.7678866483764774 58.23
1324 0.7678994149944038 58.24
1325 0.7679111269980762 58.25
1326 0.767921430447276 58.26
1327 0.7679297216685769 58.27
1328 0.7679365345853154 58.28
1329 0.7679417903248112 58.29
1330 0.7679459268934374 58.3
1331 0.7679489998271558 58.31
1332 0.7679508587247194 58.32
1333 0.7679510336967249 58.33
1334 0.7679500343694644 58.34
1335 0.7679480186960035 58.35
1336 0.7679448567585287 58.36
1337 0.7679408168383119 58.37
1338 0.7679349453759887 58.38
1339 0.7679281368376437 58.39
1340 0.7679204928550384 58.4
1341 0.7679120448927398 58.41
1342 0.7679028269718984 58.42
1343 0.7678930082246805 58.43
1344 0.767880899408217 58.44
1345 0.7678682692364631 58.45
1346 0.7678551074095447 58.46
1347 0.7678430557650707 58.47
1348 0.7678303047106638 58.48
1349 0.7678169916934265 58.49
1350 0.7678030662290052 58.5
1351 0.7677888974466007 58.51
1352 0.7677739503578965 58.52
1353 0.7677583947031864 58.53
1354 0.7677447155380817 58.54
1355 0.767729157178459 58.55
1356 0.7677136401876091 58.56
1357 0.7676980339552923 58.57
1358 0.7676823049765662 58.58
1359 0.7676664304445066 58.59
1360 0.767650396232068 58.6
1361 0.7676340142216165 58.61
1362 0.7676173928783904 58.62
1363 0.7676008469489231 58.63
1364 0.7675839622662611 58.64
1365 0.7675666604790771 58.65
1366 0.7675490349697222 58.66
1367 0.767531344725054 58.67
1368 0.7675133115710567 58.68
1369 0.7674953871729212 58.69
1370 0.7674771580453953 58.7
1371 0.7674589544606432 58.71
1372 0.7674403495467561 58.72
1373 0.7674215639470823 58.73
1374 0.7674025807191397 58.74
1375 0.7673833786736058 58.75
1376 0.7673639596373286 58.76
1377 0.7673443119432548 58.77
1378 0.7673243678169803 58.78
1379 0.7673041256332132 58.79
1380 0.7672835506389989 58.8
1381 0.7672626410331518 58.81
1382 0.7672413997221218 58.82
1383 0.7672198369163311 58.83
1384 0.767197920284408 58.84
1385 0.7671754861329667 58.85
1386 0.7671525597133818 58.86
1387 0.7671294874415413 58.87
1388 0.7671061165177616 58.88
1389 0.7670832876162946 58.89
1390 0.7670599381494675 58.9
1391 0.7670361742147257 58.91
1392 0.7670120472767699 58.92
1393 0.7669877146080303 58.93
1394 0.7669633681057578 58.94
1395 0.7669390192179588 58.95
1396 0.7669147091266795 58.96
1397 0.7668905326937022 58.97
1398 0.7668665383059297 58.98
1399 0.7668450634915567 58.99
1400 0.7668255140678583 59
1401 0.7668090295990341 59.01
1402 0.766796095282836 59.02
1403 0.7667867796791189 59.03
1404 0.7667790349167534 59.04
1405 0.7667762573087813 59.05
1406 0.7667789258183768 59.06
1407 0.7667872937552755 59.07
1408 0.7668011677104181 59.08
1409 0.7668178255990472 59.09
1410 0.7668365105856456 59.1
1411 0.7668597485145654 59.11
1412 0.7668856291292846 59.12
1413 0.7669134344467422 59.13
1414 0.766942730268474 59.14
1415 0.7669731646881518 59.15
1416 0.7670046100091933 59.16
1417 0.767037015807279 59.17
1418 0.7670700042749127 59.18
1419 0.7671033619363611 59.19
1420 0.7671368300680966 59.2
1421 0.7671700994017612 59.21
1422 0.7672029324045335 59.22
1423 0.7672350589984173 59.23
1424 0.7672662662656049 59.24
1425 0.7672964962774655 59.25
1426 0.7673255449572289 59.26
1427 0.7673532852741475 59.27
1428 0.767379606193403 59.28
1429 0.7674045012536443 59.29
1430 0.7674279850294831 59.3
1431 0.7674499813924763 59.31
1432 0.7674705024877296 59.32
1433 0.7674895524636621 59.33
1434 0.7675071640568972 59.34
1435 0.7675231746166689 59.35
1436 0.7675377749832888 59.36
1437 0.7675509555565061 59.37
1438 0.7675628191983114 59.38
1439 0.7675715942612076 59.39
1440 0.7675788159385056 59.4
1441 0.767584751773864 59.41
1442 0.7675895871316424 59.42
1443 0.7675932475676389 59.43
1444 0.7675957166671075 59.44
1445 0.7675969874206856 59.45
1446 0.7675970646900201 59.46
1447 0.7675950635802944 59.47
1448 0.7675918033656293 59.48
1449 0.7675874691763864 59.49
1450 0.7675822055125199 59.5
1451 0.7675758186431191 59.51
1452 0.7675683749975846 59.52
1453 0.7675599738997061 59.53
1454 0.7675505321131533 59.54
1455 0.7675403279520014 59.55
1456 0.7675292939514936 59.56
1457 0.7675174599583614 59.57
1458 0.7675048819434035 59.58
1459 0.7674916226758092 59.59
1460 0.7674777164761467 59.6
1461 0.7674632109745942 59.61
1462 0.7674481375290121 59.62
1463 0.7674325498827633 59.63
1464 0.7674164995681904 59.64
1465 0.7674000295044044 59.65
1466 0.7673831169116829 59.66
1467 0.7673658582738609 59.67
1468 0.7673483374332813 59.68
1469 0.7673306521214091 59.69
1470 0.7673126310200887 59.7
1471 0.7672943132433275 59.71
1472 0.7672755402825928 59.72
1473 0.7672567153471044 59.73
1474 0.7672375538990751 59.74
1475 0.7672181535067575 59.75
1476 0.7671986842226227 59.76
1477 0.7671792583142237 59.77
1478 0.7671596288179841 59.78
1479 0.7671397107742933 59.79
1480 0.7671196332923196 59.8
1481 0.7670992778184748 59.81
1482 0.767078642941852 59.82
1483 0.7670578468926245 59.83
1484 0.7670368990072315 59.84
1485 0.7670158761363417 59.85
1486 0.7669947869515881 59.86
1487 0.7669735565301463 59.87
1488 0.7669521533229084 59.88
1489 0.7669305671187003 59.89
1490 0.7669087878941844 59.9
1491 0.7668872450065251 59.91
1492 0.7668654498207513 59.92
1493 0.7668431950472457 59.93
1494 0.7668211294610442 59.94
1495 0.7667987850684291 59.95
1496 0.766776074340098 59.96
1497 0.7667531050708667 59.97
1498 0.7667299546143991 59.98
1499 0.7667066125938893 59.99
1500 0.7666832138793485 60
