"frac-mass-o2-rfile"
"Time Step" "frac-mass-o2 etc.."
("Time Step" "frac-mass-o2" "flow-time")
0 0.2262153035085576 0
1 0.2254832027823623 0.1
2 0.2245612443438393 0.2
3 0.2234801865679847 0.3
4 0.222270723366992 0.4
5 0.2210485213823821 0.5
6 0.2198934645850292 0.6000000000000001
7 0.218821584795649 0.7000000000000001
8 0.2178968275109678 0.8
9 0.2171075699827321 0.9
10 0.2164610312314973 1
11 0.2158187527846791 1.1
12 0.2152794842420003 1.2
13 0.2147349066445305 1.3
14 0.2141434396063039 1.4
15 0.2135122658244542 1.5
16 0.2128451019671991 1.6
17 0.2121215756969098 1.7
18 0.2113751460220956 1.8
19 0.2106058888250795 1.9
20 0.2098140707305622 2
21 0.2089734556466405 2.1
22 0.2081141040616594 2.2
23 0.20725181030335 2.3
24 0.2063849850760866 2.4
25 0.205515913939068 2.5
26 0.2046468844530833 2.6
27 0.2037802057126123 2.7
28 0.2029177099674182 2.8
29 0.2020612029048321 2.9
30 0.2012123771124147 3
31 0.2003723957202187 3.1
32 0.1995438448538757 3.2
33 0.1987245513476767 3.3
34 0.1979112474419157 3.4
35 0.1971059194076463 3.5
36 0.1963071472249214 3.6
37 0.1955134388178381 3.7
38 0.1947226019855064 3.8
39 0.1939334432740352 3.9
40 0.1931456343951747 4
41 0.1923547555423874 4.100000000000001
42 0.1915627654817086 4.2
43 0.19076642387181 4.3
44 0.1899670389440604 4.4
45 0.1891634508384809 4.5
46 0.1883554489505563 4.600000000000001
47 0.1875430633685863 4.7
48 0.1867268961723196 4.800000000000001
49 0.1859074459996392 4.9
50 0.1850846317251711 5
51 0.1842597906140744 5.100000000000001
52 0.183433524014347 5.2
53 0.1826066865076436 5.300000000000001
54 0.1817799840202476 5.4
55 0.1809540432472171 5.5
56 0.1801293912622202 5.600000000000001
57 0.1793064331936805 5.7
58 0.1784854477925119 5.800000000000001
59 0.1776666645140887 5.9
60 0.1768501590174443 6
61 0.1760358410608757 6.100000000000001
62 0.1752236668007007 6.2
63 0.1744137491195162 6.300000000000001
64 0.1736054108485354 6.4
65 0.1727985600502392 6.5
66 0.1719927008621878 6.600000000000001
67 0.1711873537920603 6.7
68 0.1703822413143764 6.800000000000001
69 0.1695771095293989 6.9
70 0.1687716788173566 7
71 0.1679657475506748 7.100000000000001
72 0.1671591243856292 7.2
73 0.166351820323468 7.300000000000001
74 0.1655437625634283 7.4
75 0.1647348003453644 7.5
76 0.1639252468305541 7.600000000000001
77 0.1631151521451322 7.7
78 0.1623047465219884 7.800000000000001
79 0.1614941665822177 7.9
80 0.1606836205358813 8
81 0.1598731988041206 8.1
82 0.1590630989384816 8.200000000000001
83 0.1582535139883326 8.300000000000001
84 0.1574444829850447 8.4
85 0.1566361676164267 8.5
86 0.1558286060817085 8.6
87 0.1550217685213245 8.700000000000001
88 0.1542156200969494 8.800000000000001
89 0.1534101783168201 8.9
90 0.1526053856573229 9
91 0.1518011590473333 9.1
92 0.150997332137657 9.200000000000001
93 0.1502619132030552 9.300000000000001
94 0.149456670932864 9.4
95 0.1486520725614866 9.5
96 0.1479146015064317 9.600000000000001
97 0.1471087700477619 9.700000000000001
98 0.1463033715891457 9.800000000000001
99 0.145564517344056 9.9
100 0.1447578407772677 10
101 0.1440162807585151 10.1
102 0.1432089376126687 10.2
103 0.1424682475401501 10.3
104 0.1416603542073874 10.4
105 0.14091759195554 10.5
106 0.1401091804190049 10.6
107 0.1393675078841154 10.7
108 0.1385586414414056 10.8
109 0.1378159657458149 10.9
110 0.1370066805802338 11
111 0.1362653366638165 11.1
112 0.1354558014921002 11.2
113 0.1347117045793622 11.3
114 0.133901953007818 11.4
115 0.1331596325815317 11.5
116 0.1323497518945585 11.6
117 0.1316090474956955 11.7
118 0.1307989626510066 11.8
119 0.1300584876163332 11.9
120 0.1292483863042507 12
121 0.1285086027680502 12.1
122 0.1276984272701507 12.2
123 0.1269586479247388 12.3
124 0.1261482724337452 12.4
125 0.1254065420861611 12.5
126 0.1245961095867351 12.6
127 0.1238544323065785 12.7
128 0.123043900749217 12.8
129 0.1223029163792438 12.9
130 0.1214923287656367 13
131 0.1207514708745256 13.1
132 0.1199408255215926 13.2
133 0.1192001034288582 13.3
134 0.1183892829227495 13.4
135 0.1176503196694247 13.5
136 0.1168394106108441 13.6
137 0.1161010609949393 13.7
138 0.1152899622866523 13.8
139 0.1145489975318674 13.9
140 0.1137377388529418 14
141 0.1129983301811088 14.1
142 0.1121868764003744 14.2
143 0.1114464310704443 14.3
144 0.110634869500233 14.4
145 0.1098965033691844 14.5
146 0.1090848256520689 14.6
147 0.1083463365727024 14.7
148 0.1075344287237346 14.8
149 0.106796691629268 14.9
150 0.1059846564762816 15
151 0.1052445119891435 15.1
152 0.1044324954342611 15.2
153 0.1036958052855888 15.3
154 0.1028837120497776 15.4
155 0.1021464635290243 15.5
156 0.1013343422822334 15.6
157 0.1005953678035324 15.7
158 0.09978324579481664 15.8
159 0.09904424730247438 15.9
160 0.09823204346154565 16
161 0.09749162202636855 16.1
162 0.09667950718231244 16.2
163 0.09594230706577608 16.3
164 0.09513016009190831 16.4
165 0.09439520173168243 16.5
166 0.09358307816273684 16.6
167 0.09284764223260936 16.7
168 0.09203545907818647 16.8
169 0.09129975745008408 16.9
170 0.09048760425914781 17
171 0.08975274026845483 17.1
172 0.08894061272891322 17.2
173 0.08820483723854652 17.3
174 0.08739344220942015 17.4
175 0.08665950298740965 17.5
176 0.08584811060103546 17.6
177 0.08511471999862935 17.7
178 0.08430339287413194 17.8
179 0.08357014159025149 17.9
180 0.08275893441095912 18
181 0.08202724204342524 18.1
182 0.0812160415537445 18.2
183 0.08048085861313156 18.3
184 0.07966970706176638 18.4
185 0.07893915113281301 18.5
186 0.07812809793833882 18.6
187 0.07739639879122805 18.7
188 0.07658542510705568 18.8
189 0.07585439122447531 18.9
190 0.07505717330117825 19
191 0.07432784200599567 19.1
192 0.07353090024715797 19.2
193 0.072801369796909 19.3
194 0.07200471251324288 19.4
195 0.07127647116810262 19.5
196 0.07048019571501318 19.6
197 0.06975165418169949 19.7
198 0.06894134792842063 19.8
199 0.06814147791571983 19.9
200 0.06733146982890066 20
201 0.06653183583498644 20.1
202 0.06573745802984197 20.2
203 0.06493838730330284 20.3
204 0.06412896114419224 20.4
205 0.06333299177297719 20.5
206 0.06253992670470855 20.6
207 0.06174202454647027 20.7
208 0.06095256154087043 20.8
209 0.06015819745704785 20.9
210 0.05936663408894423 21
211 0.05856996833807714 21.1
212 0.05777913407088058 21.2
213 0.05698321602064366 21.3
214 0.05619676859498061 21.4
215 0.05540509015362909 21.5
216 0.05461976153866698 21.6
217 0.05382914576099756 21.7
218 0.05304500590894876 21.8
219 0.0522552832998627 21.9
220 0.0514684945996863 22
221 0.05067951440604761 22.1
222 0.04990210852849773 22.2
223 0.04912025108958834 22.3
224 0.0483390670823414 22.4
225 0.0475530875766406 22.5
226 0.04674651873884825 22.6
227 0.04596200444085288 22.7
228 0.04518412710950671 22.8
229 0.04441411861420432 22.9
230 0.04360857890704578 23
231 0.042832120257462 23.1
232 0.04202669979321596 23.2
233 0.04125195811435026 23.3
234 0.04044769675940694 23.4
235 0.03967458692132848 23.5
236 0.03887120048597176 23.6
237 0.03810706493041674 23.7
238 0.03734245610029295 23.8
239 0.03657639352994502 23.9
240 0.03581554037121992 24
241 0.0350284460051568 24.1
242 0.03427606008857279 24.2
243 0.03352541020225724 24.3
244 0.03278365892559076 24.4
245 0.03203776018077679 24.5
246 0.03125687124278467 24.6
247 0.03052299592669771 24.7
248 0.02978518089641288 24.8
249 0.02900653335066942 24.9
250 0.02828690599596197 25
251 0.02756774038541421 25.1
252 0.02679242015397474 25.2
253 0.02605864438716161 25.3
254 0.02535782661565484 25.4
255 0.02458786817897633 25.5
256 0.02388055006665642 25.6
257 0.02318213103708 25.7
258 0.02244653544523161 25.8
259 0.02171394070920846 25.9
260 0.02099203804160004 26
261 0.02023494332193415 26.1
262 0.01951247074303662 26.2
263 0.01879457961802246 26.3
264 0.01805010546988869 26.4
265 0.01734415716214798 26.5
266 0.01666060333552172 26.6
267 0.01593209451755725 26.7
268 0.01524726842926434 26.8
269 0.01457942528901217 26.9
270 0.01383952876232192 27
271 0.01319327704796229 27.1
272 0.01255361934857872 27.2
273 0.01184671836758751 27.3
274 0.01122063684458205 27.4
275 0.01062873387426343 27.5
276 0.009975235718269828 27.6
277 0.009404711218667101 27.7
278 0.008774843631576159 27.8
279 0.008249138987561907 27.9
280 0.007659960358371652 28
281 0.007160905639141389 28.1
282 0.006611815058144162 28.2
283 0.006146878599544648 28.3
284 0.005633166993004883 28.4
285 0.005216632651697063 28.5
286 0.004726316506860521 28.6
287 0.004315935703579216 28.7
288 0.003957917232549346 28.8
289 0.003529303012864655 28.9
290 0.003181554194062651 29
291 0.002854799189186357 29.1
292 0.002458110767891467 29.2
293 0.002160881254529123 29.3
294 0.001885221605511086 29.4
295 0.001528359403149121 29.5
296 0.001281009913277258 29.6
297 0.001071355558260732 29.7
298 0.0007984755963176577 29.8
299 0.0006420433624950904 29.9
300 0.0004381293144048343 30
301 0.0003242225341917141 30.1
302 0.0001808218703183734 30.2
303 5.114175544743649e-05 30.3
304 6.176915951810133e-07 30.4
305 7.490516405874119e-09 30.5
306 1.166169632792806e-10 30.6
307 2.024075640006444e-12 30.7
308 3.730341362213949e-14 30.8
309 7.140253101624486e-16 30.9
310 1.402794263455058e-17 31
311 2.809723866368652e-19 31.1
312 5.823463225031081e-21 31.2
313 1.280841023362809e-22 31.3
314 4.186615366255308e-24 31.4
315 1.440610045752617e-25 31.5
316 5.15607190131424e-27 31.6
317 1.909021298175255e-28 31.7
318 8.04439454516381e-30 31.8
319 1.258108797772073e-30 31.9
320 6.155263487168292e-31 32
321 4.702059629508424e-31 32.1
322 4.498376253514531e-31 32.2
323 4.402520411599199e-31 32.3
324 4.31046584385557e-31 32.4
325 4.221947419497998e-31 32.5
326 4.136756958996344e-31 32.6
327 4.05470248466188e-31 32.7
328 3.975612347635923e-31 32.8
329 3.899326994688722e-31 32.9
330 3.825699940705682e-31 33
331 3.754594641844551e-31 33.1
332 3.685884503374372e-31 33.2
333 3.619451284314841e-31 33.3
334 3.555184771830603e-31 33.4
335 3.492981736555813e-31 33.5
336 3.432745595203869e-31 33.6
337 3.374385681974105e-31 33.7
338 3.31781689596382e-31 33.8
339 3.262959219969094e-31 33.9
340 3.209737394290784e-31 34
341 3.158080507378869e-31 34.1
342 3.107921690844572e-31 34.2
343 3.059197844745125e-31 34.3
344 3.011849363964359e-31 34.4
345 2.965819915702377e-31 34.5
346 2.92105621220418e-31 34.6
347 2.877507796363974e-31 34.7
348 2.835126836702109e-31 34.8
349 2.793868000985381e-31 34.9
350 2.753688252879403e-31 35
351 2.71454673321666e-31 35.1
352 2.676404618611017e-31 35.2
353 2.639225005822398e-31 35.3
354 2.602972762971953e-31 35.4
355 2.567614446244571e-31 35.5
356 2.533118196536494e-31 35.6
357 2.499453651412153e-31 35.7
358 2.466591855436302e-31 35.8
359 2.434505178160901e-31 35.9
360 2.403167238779678e-31 36
361 2.37255283915925e-31 36.1
362 2.342637871371258e-31 36.2
363 2.313399299853151e-31 36.3
364 2.284815080565894e-31 36.4
365 2.256864109686119e-31 36.5
366 2.229526170105076e-31 36.6
367 2.202781896504621e-31 36.7
368 2.176612719084933e-31 36.8
369 2.151000833866932e-31 36.9
370 2.125929169208396e-31 37
371 2.101381330652874e-31 37.1
372 2.077341575449242e-31 37.2
373 2.05379477974956e-31 37.3
374 2.030726402237059e-31 37.4
375 2.008122461942714e-31 37.5
376 1.985969527116957e-31 37.6
377 1.964254664996657e-31 37.7
378 1.942965433146459e-31 37.8
379 1.922089845509928e-31 37.9
380 1.901616351062878e-31 38
381 1.881533827941184e-31 38.1
382 1.861831556588492e-31 38.2
383 1.842499202705271e-31 38.3
384 1.823526795855075e-31 38.40000000000001
385 1.804904712008466e-31 38.5
386 1.786623660726082e-31 38.6
387 1.768674679467621e-31 38.7
388 1.751049118913514e-31 38.8
389 1.733738620406596e-31 38.90000000000001
390 1.716735102840197e-31 39
391 1.700030754474676e-31 39.1
392 1.683618013342303e-31 39.2
393 1.667489579556051e-31 39.3
394 1.651638396116886e-31 39.40000000000001
395 1.636057628982858e-31 39.5
396 1.620740664093553e-31 39.6
397 1.605681094507433e-31 39.7
398 1.590872707476041e-31 39.8
399 1.576309499989586e-31 39.90000000000001
400 1.561985654638023e-31 40
401 1.547895528906783e-31 40.1
402 1.534033654916419e-31 40.2
403 1.520394732176977e-31 40.3
404 1.506973609847314e-31 40.40000000000001
405 1.493765303764945e-31 40.5
406 1.480764978781482e-31 40.6
407 1.467967944658419e-31 40.7
408 1.455369642073468e-31 40.8
409 1.44296564818466e-31 40.90000000000001
410 1.430751658628161e-31 41
411 1.418723502516475e-31 41.1
412 1.406877131669297e-31 41.2
413 1.39520861304156e-31 41.3
414 1.38371412288209e-31 41.40000000000001
415 1.372389939610553e-31 41.5
416 1.361232438418543e-31 41.6
417 1.350238103061089e-31 41.7
418 1.33940351580419e-31 41.8
419 1.328725352204286e-31 41.90000000000001
420 1.318200374296045e-31 42
421 1.307825435285092e-31 42.1
422 1.297597462998649e-31 42.2
423 1.287513473818949e-31 42.3
424 1.277570562781959e-31 42.40000000000001
425 1.267765906650948e-31 42.5
426 1.258096750881022e-31 42.6
427 1.248560411014846e-31 42.7
428 1.239154266293834e-31 42.8
429 1.22987577304708e-31 42.90000000000001
430 1.220722450912521e-31 43
431 1.211691879483497e-31 43.1
432 1.202781701609327e-31 43.2
433 1.19398961756759e-31 43.3
434 1.185313377662739e-31 43.40000000000001
435 1.176750796022584e-31 43.5
436 1.16829974282984e-31 43.6
437 1.159958136196981e-31 43.7
438 1.151723947490204e-31 43.8
439 1.143595193598284e-31 43.90000000000001
440 1.135569935017245e-31 44
441 1.127646284271543e-31 44.1
442 1.119822399233795e-31 44.2
443 1.11209648242925e-31 44.3
444 1.104466776352864e-31 44.40000000000001
445 1.096931563628809e-31 44.5
446 1.089489163513447e-31 44.6
447 1.082137939377904e-31 44.7
448 1.074876291715003e-31 44.8
449 1.067702657694072e-31 44.90000000000001
450 1.060615508898264e-31 45
451 1.053613350826611e-31 45.1
452 1.046694720082993e-31 45.2
453 1.039858188976803e-31 45.3
454 1.03310236268632e-31 45.40000000000001
455 1.026425877008667e-31 45.5
456 1.01982739826008e-31 45.6
457 1.013305620707788e-31 45.7
458 1.006859261394853e-31 45.8
459 1.000487072653023e-31 45.90000000000001
460 9.941878310774362e-32 46
461 9.879603404983197e-32 46.1
462 9.81803429543115e-32 46.2
463 9.757159526732678e-32 46.3
464 9.696967836448993e-32 46.40000000000001
465 9.637448238873786e-32 46.5
466 9.578589987427026e-32 46.6
467 9.52038257629153e-32 46.7
468 9.462815693174006e-32 46.8
469 9.405879234039267e-32 46.90000000000001
470 9.349563260665265e-32 47
471 9.293858082563396e-32 47.1
472 9.238754209187665e-32 47.2
473 9.184242336985737e-32 47.3
474 9.130313362873186e-32 47.40000000000001
475 9.076958351434709e-32 47.5
476 9.024168505116147e-32 47.6
477 8.971935237400187e-32 47.7
478 8.920250142250204e-32 47.8
479 8.869104989842438e-32 47.90000000000001
480 8.818491682607978e-32 48
481 8.76840229595426e-32 48.1
482 8.718829026455737e-32 48.2
483 8.669764239576171e-32 48.3
484 8.621200467891726e-32 48.40000000000001
485 8.573130372891052e-32 48.5
486 8.525546757337208e-32 48.6
487 8.478442573135032e-32 48.7
488 8.431810858260956e-32 48.8
489 8.385644818113511e-32 48.90000000000001
490 8.339937786259682e-32 49
491 8.294683217790636e-32 49.1
492 8.249874696228865e-32 49.2
493 8.205505911713435e-32 49.3
494 8.161570645372044e-32 49.40000000000001
495 8.11806282547176e-32 49.5
496 8.074976500273974e-32 49.6
497 8.03230580972313e-32 49.7
498 7.990044998609118e-32 49.8
499 7.94818842519462e-32 49.90000000000001
500 7.906730501305938e-32 50
501 3.360797286317521e-17 50.01
502 2.920662270299313e-18 50.02
503 3.677887944426417e-19 50.03
504 5.227038767395181e-20 50.04
505 7.919895245874902e-21 50.05
506 1.265499410954219e-21 50.06
507 2.099130256485139e-22 50.07
508 3.700976418133488e-23 50.08
509 6.763531350907905e-24 50.09
510 1.270785720098115e-24 50.1
511 2.437980158638214e-25 50.11
512 4.752559694497491e-26 50.12
513 9.384732135796236e-27 50.13
514 1.874084886486811e-27 50.14
515 3.784198776545734e-28 50.15
516 7.758708980885522e-29 50.16
517 1.657674161988581e-29 50.17
518 4.172772991154275e-30 50.18
519 1.687939439687026e-30 50.19
520 9.812698886142664e-31 50.2
521 7.130161415649674e-31 50.21
522 6.069020779101064e-31 50.22
523 5.18918716829815e-31 50.23
524 4.118920117362012e-31 50.24
525 3.712180171738322e-31 50.25
526 3.189363060546445e-31 50.26
527 2.699560629921395e-31 50.27
528 2.503055309719323e-31 50.28
529 2.177351723292165e-31 50.29
530 1.956064799054435e-31 50.3
531 1.780244860217299e-31 50.31
532 1.631241081207833e-31 50.32
533 1.503510778973622e-31 50.33
534 1.392965196736812e-31 50.34
535 1.296502706952095e-31 50.35
536 1.211721865793636e-31 50.36
537 1.136728569494649e-31 50.37
538 1.094605718122273e-31 50.38
539 1.032671933615032e-31 50.39
540 9.769423164749441e-32 50.4
541 9.4525358981977e-32 50.41
542 9.157211840984761e-32 50.42
543 8.715165171237151e-32 50.43
544 8.461354124448033e-32 50.44
545 8.22311171342746e-32 50.45
546 4.54475095180409e-07 50.46
547 1.087804453487469e-06 50.47
548 2.92191182162979e-06 50.48
549 8.826210198844265e-06 50.49
550 3.510447455275349e-05 50.5
551 0.0001154687864550432 50.51
552 0.0002986895627742125 50.52
553 0.0006490519433970616 50.53
554 0.001233711701849444 50.54
555 0.002282116867331583 50.55
556 0.004162430800749746 50.56
557 0.006905460771836397 50.57
558 0.01024531745547425 50.58
559 0.01408687437434903 50.59
560 0.01842034437711175 50.6
561 0.02332004548449012 50.61
562 0.02888222572638276 50.62
563 0.03487510016598089 50.63
564 0.04091168290225661 50.64
565 0.04658193878859577 50.65
566 0.05149054811110262 50.66
567 0.05552387482404355 50.67
568 0.0589169779749689 50.68
569 0.06205178141534937 50.69
570 0.06516980745469302 50.7
571 0.06832240183222306 50.71
572 0.07150255176711087 50.72
573 0.07460113919838669 50.73
574 0.0774943508969371 50.74
575 0.08009941260901113 50.75
576 0.08234407653251762 50.76
577 0.0842299166937004 50.77
578 0.08577884601218203 50.78
579 0.08703070323123244 50.79
580 0.0880309888078719 50.8
581 0.08882557963893263 50.81
582 0.08944658629371416 50.82
583 0.09001105902584272 50.83
584 0.09053616647990954 50.84
585 0.09106858300161952 50.85
586 0.09155932464778535 50.86
587 0.09189988967994082 50.87
588 0.092044836918052 50.88
589 0.09199072557928925 50.89
590 0.09173026601207751 50.9
591 0.09126714274041534 50.91
592 0.09072180394812578 50.92
593 0.0900966388527544 50.93
594 0.08940451370925245 50.94
595 0.08861034959271333 50.95
596 0.08780642530023038 50.96
597 0.08699581977564615 50.97
598 0.08619919741717283 50.98
599 0.08540230668640243 50.99
600 0.08462065833186115 51
601 0.08384517162454232 51.01
602 0.08309121914967298 51.02
603 0.08235802794468687 51.03
604 0.08164154684504728 51.04
605 0.08093688836313917 51.05
606 0.08024204300099781 51.06
607 0.07955809113573262 51.07
608 0.07888750255936218 51.08
609 0.07823362813923768 51.09
610 0.07759570406765273 51.1
611 0.07697526499896137 51.11
612 0.07637376143760777 51.12
613 0.07579127410049227 51.13
614 0.07523006432541782 51.14
615 0.07468953328028044 51.15
616 0.07417063765674221 51.16
617 0.07367219411246881 51.17
618 0.07319605134683793 51.18
619 0.07274181296260177 51.19
620 0.07230912589903991 51.2
621 0.07190087268313308 51.21
622 0.07150984535354345 51.22
623 0.07113474209707533 51.23
624 0.07077757821966349 51.24
625 0.07042985124189841 51.25
626 0.07013140906337213 51.26
627 0.06984585474515381 51.27
628 0.06956706879394732 51.28
629 0.06929632712581789 51.29
630 0.06910576137836165 51.3
631 0.06903313535733246 51.31
632 0.06895755114388238 51.32
633 0.06891278954363017 51.33
634 0.06889594972571619 51.34
635 0.06898892900061337 51.35
636 0.06923316313185343 51.36
637 0.06960393277702022 51.37
638 0.07020835221679098 51.38
639 0.07095928362500198 51.39
640 0.07185304783366275 51.4
641 0.07298583442912203 51.41
642 0.07447702908799814 51.42
643 0.07640468108981414 51.43
644 0.07876909995061511 51.44
645 0.08155620110441986 51.45
646 0.08473441610544953 51.46
647 0.08826015502440257 51.47
648 0.09208017398187902 51.48
649 0.09613815799837309 51.49
650 0.1003776050812548 51.5
651 0.1047446950924835 51.51
652 0.1091899021155318 51.52
653 0.1136710386784739 51.53
654 0.1181464903732774 51.54
655 0.1225815712719187 51.55
656 0.1268080904610683 51.56
657 0.1308562150984448 51.57
658 0.1347329187142358 51.58
659 0.1384407738783902 51.59
660 0.1419816378441582 51.6
661 0.1453612410773473 51.61
662 0.1485749694772002 51.62
663 0.1516219492618708 51.63
664 0.1545024145882129 51.64
665 0.1572174361494899 51.65
666 0.1597655908308201 51.66
667 0.1621525965236919 51.67
668 0.1643840185374838 51.68
669 0.1664713526863778 51.69
670 0.1684170626624475 51.7
671 0.1702286508811644 51.71
672 0.1719141751525855 51.72
673 0.1734813735147394 51.73
674 0.1749374917412743 51.74
675 0.1761895221072886 51.75
676 0.1772622389252386 51.76
677 0.1781830667228804 51.77
678 0.1790167261426909 51.78
679 0.17973950930472 51.79
680 0.180423974084607 51.8
681 0.1810678630194268 51.81
682 0.181671644963451 51.82
683 0.1822356554567484 51.83
684 0.1827588073642402 51.84
685 0.1832396206211542 51.85
686 0.1836765116232145 51.86
687 0.1840681590535588 51.87
688 0.1844138702979952 51.88
689 0.1847135336596245 51.89
690 0.1849676381790228 51.9
691 0.1851772524744897 51.91
692 0.1853437939831823 51.92
693 0.1854690806430104 51.93
694 0.1855551308577088 51.94
695 0.1856043293147494 51.95
696 0.185619118323864 51.96
697 0.1856020706724285 51.97
698 0.1855559082117828 51.98
699 0.1854833390879448 51.99
700 0.1853796902984965 52
701 0.1852603950648881 52.01
702 0.1851235133716766 52.02
703 0.1849677093430556 52.03
704 0.1848103219461196 52.04
705 0.1846394777883312 52.05
706 0.1844589494756136 52.06
707 0.1842706167391732 52.07
708 0.184076017391313 52.08
709 0.1838765896728806 52.09
710 0.1836733288077529 52.1
711 0.1834670416128754 52.11
712 0.1832583255905703 52.12
713 0.1830479098891017 52.13
714 0.1828361971452004 52.14
715 0.1826233919514909 52.15
716 0.1824097971710032 52.16
717 0.1821944435854406 52.17
718 0.1819798157603892 52.18
719 0.1817635616656247 52.19
720 0.1815469555818601 52.2
721 0.1813298019947771 52.21
722 0.1811144296440963 52.22
723 0.1808979422005495 52.23
724 0.1806805119380801 52.24
725 0.1804621437715336 52.25
726 0.1802430515744574 52.26
727 0.180023044969702 52.27
728 0.179801124965381 52.28
729 0.1795784630394281 52.29
730 0.1793547311860022 52.3
731 0.1791296232533887 52.31
732 0.1789032261041498 52.32
733 0.1786756007911236 52.33
734 0.1784471641057308 52.34
735 0.1782178618340515 52.35
736 0.1779878769556674 52.36
737 0.1777565030831876 52.37
738 0.177523858877434 52.38
739 0.1772903079964725 52.39
740 0.1770560864760622 52.4
741 0.1768211484829532 52.41
742 0.1765850740907684 52.42
743 0.1763479525962866 52.43
744 0.1761099916944875 52.44
745 0.1758707187626393 52.45
746 0.1756312633064046 52.46
747 0.1753918883759658 52.47
748 0.1751536352961494 52.48
749 0.1749149876472268 52.49
750 0.1746790687076318 52.5
751 0.174446719924144 52.51
752 0.1742209635135461 52.52
753 0.1740366238006904 52.53
754 0.1738602916784529 52.54
755 0.1737097374975462 52.55
756 0.1735959402863191 52.56
757 0.1734982130836677 52.57
758 0.1734516749106274 52.58
759 0.1734958538192694 52.59
760 0.1736009659818268 52.6
761 0.1738403149052887 52.61
762 0.1741560416365288 52.62
763 0.1745228617629465 52.63
764 0.1750480541801683 52.64
765 0.1757329757960771 52.65
766 0.176574515851826 52.66
767 0.1775630103765878 52.67
768 0.1786852039241794 52.68
769 0.1799251179115287 52.69
770 0.1812642427334311 52.7
771 0.1826826560910027 52.71
772 0.184161230306352 52.72
773 0.1856809444868704 52.73
774 0.1872248850774074 52.74
775 0.1887463771576315 52.75
776 0.190230036319114 52.76
777 0.1916532841167582 52.77
778 0.1930244043094206 52.78
779 0.1943430401092751 52.79
780 0.1956069909369581 52.8
781 0.1968186415444058 52.81
782 0.1979771463758192 52.82
783 0.1990778316880048 52.83
784 0.2001233543684506 52.84
785 0.2011136605896688 52.85
786 0.2020488960716586 52.86
787 0.2029300234036552 52.87
788 0.2037583823207429 52.88
789 0.2045346744836986 52.89
790 0.2052619291936758 52.9
791 0.2059424688264836 52.91
792 0.206578806513626 52.92
793 0.2071748977919191 52.93
794 0.2077316480505094 52.94
795 0.2082512800351216 52.95
796 0.2087359705215134 52.96
797 0.2091880147033929 52.97
798 0.2096056187605815 52.98
799 0.209965254796659 52.99
800 0.2102924729596781 53
801 0.2105704186096835 53.01
802 0.2108263867478247 53.02
803 0.2110660749664117 53.03
804 0.2112897426757769 53.04
805 0.2114923561252688 53.05
806 0.2116736949587771 53.06
807 0.2118414889647261 53.07
808 0.2119950543027003 53.08
809 0.2121335919256035 53.09
810 0.2122589511519357 53.1
811 0.2123701387496346 53.11
812 0.2124663787875944 53.12
813 0.2125481914571494 53.13
814 0.2126144498004446 53.14
815 0.2126685255780081 53.15
816 0.2127102880154759 53.16
817 0.2127388896310795 53.17
818 0.2127548087163086 53.18
819 0.2127586435269582 53.19
820 0.2127510176845401 53.2
821 0.212732581229762 53.21
822 0.2127040707799974 53.22
823 0.2126662392462702 53.23
824 0.2126198468916923 53.24
825 0.2125656680728878 53.25
826 0.2125044675277989 53.26
827 0.212436991318328 53.27
828 0.2123639547312656 53.28
829 0.2122861024602939 53.29
830 0.2122040575985451 53.3
831 0.2121183665172686 53.31
832 0.2120296208544651 53.32
833 0.2119382718225575 53.33
834 0.2118448034969985 53.34
835 0.2117495688559242 53.35
836 0.2116528231832074 53.36
837 0.2115542333170264 53.37
838 0.2114547314280803 53.38
839 0.2113543941950121 53.39
840 0.211253277764969 53.4
841 0.2111514740715513 53.41
842 0.2110490131769478 53.42
843 0.2109459025997532 53.43
844 0.2108421364250392 53.44
845 0.2107376983864906 53.45
846 0.2106325467778036 53.46
847 0.2105274717470599 53.47
848 0.2104214899971799 53.48
849 0.2103149164482758 53.49
850 0.2102074765478537 53.5
851 0.2100991379586626 53.51
852 0.2099898104503876 53.52
853 0.2098795086580021 53.53
854 0.2097679222523198 53.54
855 0.2096551365566638 53.55
856 0.2095412001834138 53.56
857 0.2094259592634282 53.57
858 0.2093091675726658 53.58
859 0.2091907889777846 53.59
860 0.2090706400892224 53.6
861 0.2089486310629595 53.61
862 0.2088247175192527 53.62
863 0.2086988342134874 53.63
864 0.2085711309708403 53.64
865 0.2084414674486353 53.65
866 0.2083098109650952 53.66
867 0.2081759234425558 53.67
868 0.2080395976787233 53.68
869 0.2079007838152917 53.69
870 0.2077591466495136 53.7
871 0.2076146358823046 53.71
872 0.2074660217905993 53.72
873 0.2073144409053118 53.73
874 0.2071599907331558 53.74
875 0.2070026442381988 53.75
876 0.2068423644013037 53.76
877 0.2066796216153136 53.77
878 0.2065145974411484 53.78
879 0.2063477647317648 53.79
880 0.2061785985146471 53.8
881 0.2060071848178264 53.81
882 0.2058346668707449 53.82
883 0.2056617535723174 53.83
884 0.2054888849521841 53.84
885 0.2053170227003107 53.85
886 0.2051459104231347 53.86
887 0.2049765432152676 53.87
888 0.2048098902022309 53.88
889 0.2046548903757769 53.89
890 0.2045162002027162 53.9
891 0.2044154164739758 53.91
892 0.2043455280805175 53.92
893 0.2043012835028244 53.93
894 0.2042840978868395 53.94
895 0.2042887831899649 53.95
896 0.2043247278248369 53.96
897 0.2044274479071777 53.97
898 0.2046007071693753 53.98
899 0.204843044906473 53.99
900 0.2051559148940336 54
901 0.2055366751092068 54.01
902 0.2059830456544202 54.02
903 0.2064841754702697 54.03
904 0.2070332065140526 54.04
905 0.2076224852163168 54.05
906 0.2082401671571762 54.06
907 0.2088545063218941 54.07
908 0.2094654871009182 54.08
909 0.2100618864390691 54.09
910 0.2106376393675077 54.1
911 0.2111983489970746 54.11
912 0.2117398905147794 54.12
913 0.2122630510562666 54.13
914 0.2127675774356769 54.14
915 0.2132531646476667 54.15
916 0.2137192228123417 54.16
917 0.214165159570098 54.17
918 0.2145910975482776 54.18
919 0.2149965180729391 54.19
920 0.215381865405349 54.2
921 0.2157469522718807 54.21
922 0.2160920755945524 54.22
923 0.2164168431068563 54.23
924 0.2167218814137958 54.24
925 0.2170082073241887 54.25
926 0.2172763802667441 54.26
927 0.2175270772540397 54.27
928 0.2177617372011152 54.28
929 0.2179813069001222 54.29
930 0.2181780315656166 54.3
931 0.2183606174908109 54.31
932 0.2185261689528994 54.32
933 0.2186754300918508 54.33
934 0.218813602030485 54.34
935 0.2189376975009664 54.35
936 0.2190519910906019 54.36
937 0.2191581765922926 54.37
938 0.2192563083066075 54.38
939 0.2193350321499938 54.39
940 0.2194034410975962 54.4
941 0.2194629560588204 54.41
942 0.2195148202741953 54.42
943 0.2195588317542641 54.43
944 0.2195972439417652 54.44
945 0.21962853287759 54.45
946 0.2196522444303786 54.46
947 0.2196690410785575 54.47
948 0.2196790225287018 54.48
949 0.21968231911841 54.49
950 0.2196790861664689 54.5
951 0.219670172640308 54.51
952 0.2196551215067184 54.52
953 0.2196342288070049 54.53
954 0.2196072631184238 54.54
955 0.2195747762175382 54.55
956 0.2195377511750932 54.56
957 0.2194968463399329 54.57
958 0.2194516958912679 54.58
959 0.2194026541259637 54.59
960 0.2193500542111255 54.6
961 0.2192942216830521 54.61
962 0.2192354807707684 54.62
963 0.2191741606882777 54.63
964 0.2191105643450261 54.64
965 0.2190445117517876 54.65
966 0.2189768813868795 54.66
967 0.2189078990971572 54.67
968 0.2188371480697957 54.68
969 0.2187663630295509 54.69
970 0.2186953823053972 54.7
971 0.2186233540831034 54.71
972 0.2185499740938612 54.72
973 0.2184769248173578 54.73
974 0.2184032595407704 54.74
975 0.2183291273343514 54.75
976 0.2182544883701744 54.76
977 0.2181794692235772 54.77
978 0.2181040702798025 54.78
979 0.2180282718993904 54.79
980 0.2179520591611921 54.8
981 0.2178753873636662 54.81
982 0.2177982186590477 54.82
983 0.2177205019737269 54.83
984 0.2176419719392293 54.84
985 0.2175632310708245 54.85
986 0.2174835614162136 54.86
987 0.217403465430953 54.87
988 0.217322537935437 54.88
989 0.2172406694559798 54.89
990 0.2171578088597215 54.9
991 0.2170738336154987 54.91
992 0.2169888580400755 54.92
993 0.2169026476721087 54.93
994 0.2168150940524448 54.94
995 0.2167260162804044 54.95
996 0.2166352993503264 54.96
997 0.2165428281896654 54.97
998 0.2164485405572565 54.98
999 0.2163523704480623 54.99
1000 0.2162538990765869 55
1001 0.2161542362319273 55.01
1002 0.216051230910689 55.02
1003 0.2159470421002844 55.03
1004 0.2158391968594066 55.04
1005 0.2157294064152303 55.05
1006 0.2156167914737732 55.06
1007 0.2155013489499806 55.07
1008 0.2153830380326757 55.08
1009 0.2152617363638423 55.09
1010 0.2151373952371141 55.1
1011 0.215010044547034 55.11
1012 0.2148803422835946 55.12
1013 0.2147456776230294 55.13
1014 0.2146098557479632 55.14
1015 0.2144696138128269 55.15
1016 0.2143272259460567 55.16
1017 0.2141827224350136 55.17
1018 0.2140360749169002 55.18
1019 0.2138878998910984 55.19
1020 0.2137386484424479 55.2
1021 0.21358794872851 55.21
1022 0.2134363187645136 55.22
1023 0.2132976747778822 55.23
1024 0.2131722932646492 55.24
1025 0.2130448071307352 55.25
1026 0.2129193050223569 55.26
1027 0.2128038122358139 55.27
1028 0.2126961431746674 55.28
1029 0.2126021427876927 55.29
1030 0.2125171911127902 55.3
1031 0.2124431002102107 55.31
1032 0.21238138880984 55.32
1033 0.212359668234405 55.33
1034 0.2123791620268182 55.34
1035 0.2124423142882389 55.35
1036 0.212550656490538 55.36
1037 0.2127036830369627 55.37
1038 0.2129026729516351 55.38
1039 0.2131470553789865 55.39
1040 0.2134300979071244 55.4
1041 0.2137463608230726 55.41
1042 0.2140904290117627 55.42
1043 0.2144563754133253 55.43
1044 0.2148367625891134 55.44
1045 0.2152101817053073 55.45
1046 0.2155764017691488 55.46
1047 0.2159339660195524 55.47
1048 0.2162825998576229 55.48
1049 0.2166216882727318 55.49
1050 0.2169506253916185 55.5
1051 0.2172687827641054 55.51
1052 0.2175751859100313 55.52
1053 0.2178684034807407 55.53
1054 0.2181491239628482 55.54
1055 0.2184162535099446 55.55
1056 0.2186696335718621 55.56
1057 0.2189092011650009 55.57
1058 0.2191344522640901 55.58
1059 0.2193437379683427 55.59
1060 0.219539048397787 55.6
1061 0.2197218978676876 55.61
1062 0.2198908891517542 55.62
1063 0.2200444682421004 55.63
1064 0.2201872936424968 55.64
1065 0.2203169624743097 55.65
1066 0.220433671281751 55.66
1067 0.2205411491905238 55.67
1068 0.2206328512483657 55.68
1069 0.2207138958861253 55.69
1070 0.220785084260312 55.7
1071 0.2208433944767096 55.71
1072 0.2208928878907995 55.72
1073 0.2209334601806329 55.73
1074 0.2209673093582576 55.74
1075 0.2209953691257104 55.75
1076 0.2210175287353588 55.76
1077 0.2210326830445099 55.77
1078 0.2210421367249848 55.78
1079 0.2210466168639968 55.79
1080 0.221046658380641 55.8
1081 0.2210416328251004 55.81
1082 0.221031102297423 55.82
1083 0.2210152797068439 55.83
1084 0.2209925473784066 55.84
1085 0.2209649019508977 55.85
1086 0.2209333532212866 55.86
1087 0.2208958872081012 55.87
1088 0.220856216456194 55.88
1089 0.2208127539784914 55.89
1090 0.2207669792284595 55.9
1091 0.2207187374833923 55.91
1092 0.2206658740045864 55.92
1093 0.2206117615679198 55.93
1094 0.2205558960927303 55.94
1095 0.2204981762887406 55.95
1096 0.2204380726073799 55.96
1097 0.2203782523141586 55.97
1098 0.2203179078085592 55.98
1099 0.2202569335164038 55.99
1100 0.2201952339370208 56
1101 0.2201327893115881 56.01
1102 0.2200695719894283 56.02
1103 0.2200034336159461 56.03
1104 0.2199361498585975 56.04
1105 0.2198699427031308 56.05
1106 0.2198033103941126 56.06
1107 0.2197361614644877 56.07
1108 0.2196684754605078 56.08
1109 0.219600383872121 56.09
1110 0.2195292367316128 56.1
1111 0.2194561915604041 56.11
1112 0.2193824909630972 56.12
1113 0.219308438462123 56.13
1114 0.219233669299312 56.14
1115 0.2191575788976677 56.15
1116 0.2190813161694545 56.16
1117 0.2190047062287362 56.17
1118 0.2189287635570896 56.18
1119 0.2188509729622249 56.19
1120 0.2187731440429083 56.2
1121 0.2186951525161432 56.21
1122 0.218616280091744 56.22
1123 0.2185366453773977 56.23
1124 0.2184562153223826 56.24
1125 0.2183749177166669 56.25
1126 0.2182929189605523 56.26
1127 0.218210035907599 56.27
1128 0.2181258392272343 56.28
1129 0.218041032964021 56.29
1130 0.2179554362916586 56.3
1131 0.2178688925406527 56.31
1132 0.2177813610434118 56.32
1133 0.2176927066640559 56.33
1134 0.2176027318744044 56.34
1135 0.2175113526293359 56.35
1136 0.2174185049282105 56.36
1137 0.2173241286637061 56.37
1138 0.2172281424523089 56.38
1139 0.2171304504719691 56.39
1140 0.2170307993734769 56.4
1141 0.2169291301243525 56.41
1142 0.2168253178621857 56.42
1143 0.2167193320653327 56.43
1144 0.2166108939583421 56.44
1145 0.2165001230637128 56.45
1146 0.2163870039957392 56.46
1147 0.216271515885841 56.47
1148 0.2161538025838347 56.48
1149 0.2160338772660254 56.49
1150 0.2159119019097374 56.5
1151 0.2157881068387394 56.51
1152 0.2156624751438918 56.52
1153 0.2155351817128333 56.53
1154 0.2154127746491237 56.54
1155 0.2152924339848202 56.55
1156 0.2151699065768471 56.56
1157 0.2150462319142789 56.57
1158 0.2149226437272897 56.58
1159 0.2148002471176637 56.59
1160 0.2146853030298322 56.6
1161 0.2145728605877185 56.61
1162 0.2144634018919495 56.62
1163 0.2143590502369546 56.63
1164 0.21425956312366 56.64
1165 0.2141656863845582 56.65
1166 0.2140957493013436 56.66
1167 0.2140496074831073 56.67
1168 0.2140120531294078 56.68
1169 0.2140052003639893 56.69
1170 0.2140248617861342 56.7
1171 0.2140779787026832 56.71
1172 0.2141646688606147 56.72
1173 0.2142860584954396 56.73
1174 0.214440757807822 56.74
1175 0.2146260910012406 56.75
1176 0.2148383350905625 56.76
1177 0.2150736417008755 56.77
1178 0.215328580021876 56.78
1179 0.215598849772013 56.79
1180 0.2158807170766734 56.8
1181 0.2161621414411412 56.81
1182 0.216437451304017 56.82
1183 0.2167074420092627 56.83
1184 0.2169711052084384 56.84
1185 0.2172273819470927 56.85
1186 0.2174755211817881 56.86
1187 0.2177149665030088 56.87
1188 0.2179426728635548 56.88
1189 0.2181588826956783 56.89
1190 0.218365923051646 56.9
1191 0.2185608552483929 56.91
1192 0.2187410736651647 56.92
1193 0.2189089665882304 56.93
1194 0.2190670509564575 56.94
1195 0.2192157000131435 56.95
1196 0.2193557747843208 56.96
1197 0.2194825361559259 56.97
1198 0.219598824053554 56.98
1199 0.2196986824004688 56.99
1200 0.2197864105598628 57
1201 0.2198629979967767 57.01
1202 0.2199280195156765 57.02
1203 0.2199776692486654 57.03
1204 0.2200188947084833 57.04
1205 0.2200536447194667 57.05
1206 0.2200825538082694 57.06
1207 0.2201049955844537 57.07
1208 0.220121455148866 57.08
1209 0.2201319310783574 57.09
1210 0.2201363859058858 57.1
1211 0.2201353937033688 57.11
1212 0.2201254258558204 57.12
1213 0.2201099531848207 57.13
1214 0.2200900496602262 57.14
1215 0.2200658649623646 57.15
1216 0.2200374832724129 57.16
1217 0.2200032188998402 57.17
1218 0.2199652432580694 57.18
1219 0.2199228525384999 57.19
1220 0.2198754652802797 57.2
1221 0.2198248499314405 57.21
1222 0.2197706851331379 57.22
1223 0.2197136065481779 57.23
1224 0.2196534611359748 57.24
1225 0.2195905150157042 57.25
1226 0.2195250102233139 57.26
1227 0.2194526710707256 57.27
1228 0.2193804103763703 57.28
1229 0.219307374614351 57.29
1230 0.2192336730460545 57.3
1231 0.2191595520876957 57.31
1232 0.2190861865494238 57.32
1233 0.2190118353588744 57.33
1234 0.2189352652952301 57.34
1235 0.218858054098459 57.35
1236 0.2187800894694197 57.36
1237 0.2187031629113664 57.37
1238 0.21862520800509 57.38
1239 0.2185463684087879 57.39
1240 0.2184649940984763 57.4
1241 0.2183823569755054 57.41
1242 0.2182981735191742 57.42
1243 0.2182136237258758 57.43
1244 0.2181284656798163 57.44
1245 0.2180426857190699 57.45
1246 0.2179563821494117 57.46
1247 0.2178693034041741 57.47
1248 0.2177814708622854 57.48
1249 0.2176930567318218 57.49
1250 0.2176037680879986 57.5
1251 0.2175135909344441 57.51
1252 0.2174226681986654 57.52
1253 0.2173308253822855 57.53
1254 0.217238040123748 57.54
1255 0.2171442838826296 57.55
1256 0.2170496446887399 57.56
1257 0.2169540496561115 57.57
1258 0.2168574107316044 57.58
1259 0.2167595494993617 57.59
1260 0.21666030489034 57.6
1261 0.2165591998825597 57.61
1262 0.2164570248740586 57.62
1263 0.2163529778041462 57.63
1264 0.2162471803625506 57.64
1265 0.2161394167978577 57.65
1266 0.2160297390582181 57.66
1267 0.2159180134087005 57.67
1268 0.215803992764644 57.68
1269 0.2156879481221186 57.69
1270 0.2155698860102893 57.7
1271 0.2154496732591758 57.71
1272 0.215327328214981 57.72
1273 0.2152029883846245 57.73
1274 0.2150814462232058 57.74
1275 0.2149584829175857 57.75
1276 0.2148352345776233 57.76
1277 0.2147111153049042 57.77
1278 0.2145858817807041 57.78
1279 0.2144605333368832 57.79
1280 0.2143357853119157 57.8
1281 0.214212161835706 57.81
1282 0.2140902067717797 57.82
1283 0.2139704315544892 57.83
1284 0.2138532866622621 57.84
1285 0.2137536962715706 57.85
1286 0.2136685679470327 57.86
1287 0.2135888458505212 57.87
1288 0.2135319646524233 57.88
1289 0.213501223380479 57.89
1290 0.2134829491346397 57.9
1291 0.2134949011471446 57.91
1292 0.2135388217530657 57.92
1293 0.2136153602344522 57.93
1294 0.2137177066188637 57.94
1295 0.2138310425131098 57.95
1296 0.213955574598073 57.96
1297 0.2141091665956975 57.97
1298 0.2142884677786316 57.98
1299 0.2144903049888303 57.99
1300 0.2147076767357573 58
1301 0.2149266538407315 58.01
1302 0.2151469784066774 58.02
1303 0.2153769859295786 58.03
1304 0.2156043848185291 58.04
1305 0.2158291220251907 58.05
1306 0.2160496271827278 58.06
1307 0.2162655296912926 58.07
1308 0.2164730364834411 58.08
1309 0.2166728406918161 58.09
1310 0.2168643669711982 58.1
1311 0.2170472501043721 58.11
1312 0.2172212609295951 58.12
1313 0.2173840465151273 58.13
1314 0.2175355210122615 58.14
1315 0.2176773174840653 58.15
1316 0.2178106899570867 58.16
1317 0.2179355987022589 58.17
1318 0.2180521397822558 58.18
1319 0.2181612757678453 58.19
1320 0.218262440290112 58.2
1321 0.2183549870396407 58.21
1322 0.2184390731912575 58.22
1323 0.2185144645308175 58.23
1324 0.2185821533501841 58.24
1325 0.218643308547139 58.25
1326 0.218697926008942 58.26
1327 0.2187412650927121 58.27
1328 0.2187765444260094 58.28
1329 0.2188043910322517 58.29
1330 0.2188257150577338 58.3
1331 0.2188414448225917 58.31
1332 0.2188512491581784 58.32
1333 0.2188513145761772 58.33
1334 0.2188451011088985 58.34
1335 0.2188333311253888 58.35
1336 0.2188160891245692 58.36
1337 0.2187933829151658 58.37
1338 0.218760763325638 58.38
1339 0.218723098057327 58.39
1340 0.2186809630601221 58.4
1341 0.2186344955567981 58.41
1342 0.2185838902121788 58.42
1343 0.2185300629058608 58.43
1344 0.2184723758499129 58.44
1345 0.2184110412985504 58.45
1346 0.2183463130140712 58.46
1347 0.2182784426434874 58.47
1348 0.2182076840583349 58.48
1349 0.2181343343784697 58.49
1350 0.2180579189187222 58.5
1351 0.217980505687794 58.51
1352 0.2178989274376853 58.52
1353 0.2178138116578281 58.53
1354 0.2177288491055734 58.54
1355 0.2176461200874069 58.55
1356 0.2175629442424278 58.56
1357 0.2174791076360832 58.57
1358 0.2173945591570163 58.58
1359 0.2173092475875155 58.59
1360 0.2172231265462191 58.6
1361 0.2171350817860859 58.61
1362 0.2170470331846892 58.62
1363 0.2169582544347463 58.63
1364 0.2168675985803545 58.64
1365 0.2167751403079795 58.65
1366 0.2166812320395976 58.66
1367 0.2165867486341105 58.67
1368 0.2164916882620435 58.68
1369 0.2163956426342219 58.69
1370 0.2162981358875077 58.7
1371 0.2162007638442994 58.71
1372 0.2161019180215153 58.72
1373 0.2160020885918009 58.73
1374 0.2159012259436195 58.74
1375 0.2157993452017033 58.75
1376 0.2156964473897572 58.76
1377 0.2155924064552622 58.77
1378 0.215486976034069 58.78
1379 0.2153800521589836 58.79
1380 0.2152714480374467 58.8
1381 0.2151611573530584 58.81
1382 0.2150491287843977 58.82
1383 0.2149352236429632 58.83
1384 0.2148193707772441 58.84
1385 0.2147014530976064 58.85
1386 0.2145814579511981 58.86
1387 0.2144592000142984 58.87
1388 0.2143349878609431 58.88
1389 0.2142124890480589 58.89
1390 0.2140881344130306 58.9
1391 0.2139616824660572 58.91
1392 0.2138331101717148 58.92
1393 0.2137032857979937 58.93
1394 0.2135729391010656 58.94
1395 0.2134425637941962 58.95
1396 0.2133121915793791 58.96
1397 0.2131823209928845 58.97
1398 0.2130533382276959 58.98
1399 0.2129376410712294 58.99
1400 0.2128319780518201 59
1401 0.2127424590323578 59.01
1402 0.2126715675450637 59.02
1403 0.2126196223743341 59.03
1404 0.2125756769287032 59.04
1405 0.2125585375407929 59.05
1406 0.212570495965672 59.06
1407 0.2126129771303788 59.07
1408 0.212685978649971 59.08
1409 0.2127728479066808 59.09
1410 0.2128706528934929 59.1
1411 0.2129935876142337 59.11
1412 0.2131276242317545 59.12
1413 0.2132751156948115 59.13
1414 0.2134305767630974 59.14
1415 0.2135922296192356 59.15
1416 0.2137593940722605 59.16
1417 0.213931871271293 59.17
1418 0.2141075866884975 59.18
1419 0.2142853275454689 59.19
1420 0.2144637342304419 59.2
1421 0.2146410913344795 59.21
1422 0.2148159937265396 59.22
1423 0.2149871817829485 59.23
1424 0.2151536926909756 59.24
1425 0.2153146525577852 59.25
1426 0.2154693039105211 59.26
1427 0.2156170859858777 59.27
1428 0.2157575468003962 59.28
1429 0.2158903730384026 59.29
1430 0.2160154434315048 59.3
1431 0.216132636232488 59.31
1432 0.2162419408005571 59.32
1433 0.2163433751304402 59.33
1434 0.2164370010042731 59.34
1435 0.2165222218941339 59.35
1436 0.216599779859546 59.36
1437 0.2166697618696277 59.37
1438 0.2167324934920057 59.38
1439 0.2167794050084165 59.39
1440 0.2168169301858476 59.4
1441 0.2168477895755308 59.41
1442 0.2168728997076968 59.42
1443 0.2168915921870703 59.43
1444 0.2169038471615369 59.44
1445 0.2169096562912522 59.45
1446 0.2169090264924314 59.46
1447 0.2168970596824548 59.47
1448 0.2168784041280965 59.48
1449 0.2168540158839721 59.49
1450 0.2168240398439542 59.5
1451 0.2167886747764982 59.51
1452 0.2167475608080632 59.52
1453 0.2167012848065198 59.53
1454 0.2166500793846899 59.54
1455 0.2165940236775105 59.55
1456 0.2165334826920179 59.56
1457 0.2164687313287274 59.57
1458 0.2164000053393655 59.58
1459 0.2163276286300916 59.59
1460 0.2162517912229208 59.6
1461 0.2161727513568074 59.61
1462 0.2160907709132371 59.62
1463 0.2160061158351476 59.63
1464 0.21591900510552 59.64
1465 0.215829656770406 59.65
1466 0.2157393786802762 59.66
1467 0.2156467395818724 59.67
1468 0.2155522080984132 59.68
1469 0.2154560317114985 59.69
1470 0.2153584124550453 59.7
1471 0.2152593961822237 59.71
1472 0.2151593221140741 59.72
1473 0.2150598527613549 59.73
1474 0.2149561830894921 59.74
1475 0.2148530923076804 59.75
1476 0.2147502474860846 59.76
1477 0.2146458504056577 59.77
1478 0.2145403111177153 59.78
1479 0.2144337626398219 59.79
1480 0.2143261912285709 59.8
1481 0.2142176692718304 59.81
1482 0.2141074919896401 59.82
1483 0.2139964179982105 59.83
1484 0.2138841413184554 59.84
1485 0.21377184064433 59.85
1486 0.2136591815120414 59.86
1487 0.213545917254589 59.87
1488 0.2134318216801461 59.88
1489 0.2133167201630067 59.89
1490 0.2132005495959571 59.9
1491 0.2130854188752042 59.91
1492 0.2129694393317737 59.92
1493 0.2128509136299869 59.93
1494 0.2127326065120767 59.94
1495 0.2126132435047743 59.95
1496 0.2124917121356942 59.96
1497 0.2123687168310892 59.97
1498 0.2122446627021279 59.98
1499 0.2121198984732378 59.99
1500 0.2119946274355083 60
