"frac-mass-co2-rfile"
"Time Step" "frac-mass-co2 etc.."
("Time Step" "frac-mass-co2" "flow-time")
0 0.002457317417362307 0
1 0.002932682244539549 0.1
2 0.003531622489638387 0.2
3 0.004234710061972916 0.3
4 0.00502151382476543 0.4
5 0.005816077089427735 0.5
6 0.006566812885804725 0.6000000000000001
7 0.007266315808731133 0.7000000000000001
8 0.007866893226697983 0.8
9 0.008379272342242668 0.9
10 0.008798928651075568 1
11 0.009207289650187854 1.1
12 0.009558987204081318 1.2
13 0.009914060357487401 1.3
14 0.01029750012131501 1.4
15 0.01070661665973706 1.5
16 0.01114016354973557 1.6
17 0.01161110131167372 1.7
18 0.01209653887448634 1.8
19 0.01259663840808404 1.9
20 0.01311141739461914 2
21 0.01365824962871872 2.1
22 0.01421422676616866 2.2
23 0.0147755617765973 2.3
24 0.01534003760354192 2.4
25 0.01590586012430525 2.5
26 0.01647165555364145 2.6
27 0.01703581798723339 2.7
28 0.01759720477381107 2.8
29 0.01815458695392814 2.9
30 0.01870693416274897 3
31 0.01925163990692504 3.1
32 0.01979041397529023 3.2
33 0.02032311333966044 3.3
34 0.02084982744344158 3.4
35 0.02137358396533369 3.5
36 0.02189296025626138 3.6
37 0.02240889148172425 3.7
38 0.02292299148594382 3.8
39 0.02343598284107386 3.9
40 0.02394973686059903 4
41 0.02446364744424503 4.100000000000001
42 0.0249795168834706 4.2
43 0.02549699631233631 4.3
44 0.02601657784294744 4.4
45 0.02653893260390991 4.5
46 0.02706429674175331 4.600000000000001
47 0.02759263485574129 4.7
48 0.02812384188049571 4.800000000000001
49 0.02865728796647235 4.9
50 0.02919256574292118 5
51 0.0297292332410931 5.100000000000001
52 0.03026683154898214 5.2
53 0.03080485298167698 5.300000000000001
54 0.03134279590464832 5.4
55 0.03188025710276115 5.5
56 0.03241677824979581 5.600000000000001
57 0.03295220710014978 5.7
58 0.03348630271954593 5.800000000000001
59 0.03401894477688157 5.9
60 0.03455006444308371 6
61 0.03507974613695013 6.100000000000001
62 0.03560799466428947 6.2
63 0.03613481897487752 6.300000000000001
64 0.03666058217545377 6.4
65 0.03718533479340753 6.5
66 0.03770945364326275 6.600000000000001
67 0.03823326040309744 6.7
68 0.03875688807452414 6.800000000000001
69 0.03928055775902829 6.9
70 0.03980444152263504 7
71 0.04032867526295739 7.100000000000001
72 0.04085337853615719 7.2
73 0.04137857804767876 7.300000000000001
74 0.04190427980418505 7.4
75 0.04243056215403891 7.5
76 0.04295725247794808 7.600000000000001
77 0.04348432487355681 7.7
78 0.04401163465579699 7.800000000000001
79 0.04453908216561116 7.9
80 0.04506650950564584 8
81 0.04559383659054279 8.1
82 0.04612098532985006 8.200000000000001
83 0.04664777865846536 8.300000000000001
84 0.04717419662523976 8.4
85 0.0477001759928215 8.5
86 0.04822569638913472 8.6
87 0.04875072511571487 8.700000000000001
88 0.0492752799612017 8.800000000000001
89 0.04979936652878477 8.9
90 0.05032303501599024 9
91 0.0508463303524191 9.1
92 0.05136933083217769 9.200000000000001
93 0.05185884430964897 9.300000000000001
94 0.05238272474801606 9.4
95 0.05290622373404542 9.5
96 0.05339621251653289 9.600000000000001
97 0.05392043998010527 9.700000000000001
98 0.05444448098029595 9.800000000000001
99 0.05493511025955319 9.9
100 0.05545988893456174 10
101 0.0559504483445939 10.1
102 0.05647570701978538 10.2
103 0.05696649210245892 10.3
104 0.05749212039625812 10.4
105 0.05798476396911319 10.5
106 0.05851077112901701 10.6
107 0.05900391151024925 10.7
108 0.05953026524785216 10.8
109 0.0600225288378758 10.9
110 0.06054910277083465 11
111 0.06104285810344087 11.1
112 0.06156959389930933 11.2
113 0.06206411835766361 11.3
114 0.06259100631727524 11.4
115 0.06308320170466569 11.5
116 0.06361016520100191 11.6
117 0.06410422484943423 11.7
118 0.06463131295987111 11.8
119 0.06512546613908277 11.9
120 0.06565262247054318 12
121 0.06614563290773419 12.1
122 0.06667282253837371 12.2
123 0.06716656695311547 12.3
124 0.06769387027990291 12.4
125 0.06818780262879925 12.5
126 0.06871512602729037 12.6
127 0.06920807437833809 12.7
128 0.06973547912318047 12.8
129 0.07023014407890117 12.9
130 0.07075760142514016 13
131 0.07125099519015615 13.1
132 0.0717785424010986 13.2
133 0.07227342953460751 13.3
134 0.07280107273292047 13.4
135 0.07329554054028511 13.5
136 0.07382326580683073 13.6
137 0.07431716210890016 13.7
138 0.07484500727851437 13.8
139 0.07533910429018439 13.9
140 0.07586705223675048 14
141 0.07636198973716998 14.1
142 0.07689003234468392 14.2
143 0.07738512347195778 14.3
144 0.07791325708656548 14.4
145 0.07840792710273092 14.5
146 0.07893615435533613 14.6
147 0.07943165243426309 14.7
148 0.0799600205549207 14.8
149 0.08045538416283134 14.9
150 0.08098383628723162 15
151 0.08147703769062829 15.1
152 0.08200547559788837 15.2
153 0.08249948029028313 15.3
154 0.08302798850202557 15.4
155 0.08352208144667732 15.5
156 0.08405064875235066 15.6
157 0.08454614764812686 15.7
158 0.08507474346865089 15.8
159 0.08557009739329342 15.9
160 0.08609874905579372 16
161 0.08659382031781215 16.1
162 0.08712246394094636 16.2
163 0.08761735750958358 16.3
164 0.08814602170103612 16.4
165 0.08864012632885913 16.5
166 0.08916883528633658 16.6
167 0.08966403098901964 16.7
168 0.09019273552143063 16.8
169 0.09068634309697911 16.9
170 0.09121504772769606 17
171 0.09170862770763072 17.1
172 0.09223737903201409 17.2
173 0.09273310249364909 17.3
174 0.09326249810365411 17.4
175 0.0937575397210386 17.5
176 0.09428687255792317 17.6
177 0.09478110077765346 17.7
178 0.0953104625353027 17.8
179 0.09580680574265844 17.9
180 0.09633619325817309 18
181 0.09683040338760862 18.1
182 0.09735980376146038 18.2
183 0.09785629259913139 18.3
184 0.09838570731203181 18.4
185 0.0988798738897317 18.5
186 0.09940931354805006 18.6
187 0.09990362879824823 18.7
188 0.10043304997401 18.8
189 0.1009274891187151 18.9
190 0.1014563798578438 19
191 0.1019519352443804 19.1
192 0.1024808452190739 19.2
193 0.102975911231994 19.3
194 0.1035050994771513 19.4
195 0.1039997832788476 19.5
196 0.1045287028836073 19.6
197 0.1050238764822172 19.7
198 0.1055531707900612 19.8
199 0.1060479156978253 19.9
200 0.1065772548598164 20
201 0.1070717404542511 20.1
202 0.1076007636762753 20.2
203 0.10809349363376 20.3
204 0.1086226624393177 20.4
205 0.10911696599778 20.5
206 0.1096458057545118 20.6
207 0.1101384778429787 20.7
208 0.1106673410759838 20.8
209 0.1111593289483738 20.9
210 0.111688049313242 21
211 0.1121817792751518 21.1
212 0.1127104470836604 21.2
213 0.1132018717296923 21.3
214 0.1137305261657114 21.4
215 0.1142219757351861 21.5
216 0.1147503783824986 21.6
217 0.1152410611224153 21.7
218 0.1157693077483234 21.8
219 0.1162605056953508 21.9
220 0.1167886195765269 22
221 0.117279039767399 22.1
222 0.1178071566895763 22.2
223 0.1182978755159125 22.3
224 0.1188256885011654 22.4
225 0.1193169918082638 22.5
226 0.1198430471005357 22.6
227 0.1203336929271107 22.7
228 0.1208613632249451 22.8
229 0.1213512781843556 22.9
230 0.121877098296374 23
231 0.1223655639547931 23.1
232 0.1228915296453835 23.2
233 0.1233816901748421 23.3
234 0.1239074326026347 23.4
235 0.1243967427132923 23.5
236 0.1249222039379135 23.6
237 0.1254101697070301 23.7
238 0.1258971819384989 23.8
239 0.1263842451195415 23.9
240 0.126868911811101 24
241 0.1273863954085423 24.1
242 0.1278743193900455 24.2
243 0.1283590158546044 24.3
244 0.1288468452363778 24.4
245 0.1293297674004164 24.5
246 0.1298438367900495 24.6
247 0.1303296285254208 24.7
248 0.1308113395574038 24.8
249 0.1313253763682633 24.9
250 0.1318087205704692 25
251 0.1322904219849057 25.1
252 0.1328031217511956 25.2
253 0.1332873127313872 25.3
254 0.1337659608523051 25.4
255 0.1342767383521177 25.5
256 0.1347587469535229 25.6
257 0.135236568246751 25.7
258 0.1357530804947709 25.8
259 0.1362310061474437 25.9
260 0.1367031745515137 26
261 0.1372080584351978 26.1
262 0.1376822007815956 26.2
263 0.1381490016256682 26.3
264 0.1386484868057713 26.4
265 0.1391192441373917 26.5
266 0.1395821643615388 26.6
267 0.1400756422319812 26.7
268 0.1405399456802535 26.8
269 0.1409964476284718 26.9
270 0.1414736004643358 27
271 0.1419562495499221 27.1
272 0.142428666043226 27.2
273 0.1428992726196108 27.3
274 0.1433609520514683 27.4
275 0.1438115679474749 27.5
276 0.1442574420755672 27.6
277 0.144688050932121 27.7
278 0.1451251339754878 27.8
279 0.1455414806678025 27.9
280 0.1459526653602762 28
281 0.1463416654512527 28.1
282 0.1467257847380186 28.2
283 0.1470894104280984 28.3
284 0.1474512053877105 28.4
285 0.1477993132109666 28.5
286 0.1481473118653701 28.6
287 0.1484731516881344 28.7
288 0.1487832970468269 28.8
289 0.1490944792263577 28.9
290 0.1493863863508094 29
291 0.1496681748228418 29.1
292 0.1499472223705518 29.2
293 0.1502080014289991 29.3
294 0.1504564246630909 29.4
295 0.1507089864103767 29.5
296 0.1509344674867167 29.6
297 0.1511390995647117 29.7
298 0.1513360934551689 29.8
299 0.1514914589700302 29.9
300 0.1516241968214589 30
301 0.1517229440579679 30.1
302 0.1518091671776064 30.2
303 0.1518735702667965 30.3
304 0.1518785050250963 30.4
305 0.1518483949139289 30.5
306 0.151817836487084 30.6
307 0.1517872284004312 30.7
308 0.1517566084545599 30.8
309 0.1517259758447715 30.9
310 0.1516953456642487 31
311 0.1516647299754939 31.1
312 0.1516341371349283 31.2
313 0.1516035798497014 31.3
314 0.151573064945319 31.4
315 0.1515425835178896 31.5
316 0.1515121275529564 31.6
317 0.1514816884802665 31.7
318 0.1514512588692889 31.8
319 0.1514208347726214 31.9
320 0.1513904141938731 32
321 0.151359997931532 32.1
322 0.1513313426103856 32.2
323 0.1513026499392035 32.3
324 0.1512739402972222 32.4
325 0.1512452396675482 32.5
326 0.1512165904982419 32.6
327 0.1511880312210192 32.7
328 0.1511594219256573 32.8
329 0.1511307753391215 32.9
330 0.1511021277078652 33
331 0.1510735753232767 33.1
332 0.1510449254108102 33.2
333 0.1510163710117833 33.3
334 0.1509878804374148 33.4
335 0.1509594198867373 33.5
336 0.1509308893830715 33.6
337 0.1509024124544744 33.7
338 0.1508739646534716 33.8
339 0.1508455130315398 33.9
340 0.1508171092467147 34
341 0.1507886308410475 34.1
342 0.150760211817646 34.2
343 0.150731776099056 34.3
344 0.1507033693443628 34.4
345 0.1506748846369866 34.5
346 0.15064652380828 34.6
347 0.150618197872634 34.7
348 0.1505897756999677 34.8
349 0.1505613803042357 34.9
350 0.1505329262382043 35
351 0.1505045143062613 35.1
352 0.1504761214469546 35.2
353 0.1504477837972006 35.3
354 0.1504194407346662 35.4
355 0.1503911151058686 35.5
356 0.1503627619779341 35.6
357 0.1503345293965794 35.7
358 0.1503062285386806 35.8
359 0.1502779641952653 35.9
360 0.1502495730970255 36
361 0.1502212653138812 36.1
362 0.1501929922738454 36.2
363 0.1501647703494795 36.3
364 0.150136457418876 36.4
365 0.1501082157566188 36.5
366 0.1500799665066198 36.6
367 0.1500517979333189 36.7
368 0.1500235725997349 36.8
369 0.1499954038233554 36.9
370 0.1499671806252796 37
371 0.1499388890867951 37.1
372 0.1499107368932156 37.2
373 0.1498825652507464 37.3
374 0.1498543655061934 37.4
375 0.1498262219082878 37.5
376 0.1497981258718556 37.6
377 0.1497700168837778 37.7
378 0.1497418420564511 37.8
379 0.1497136828356573 37.9
380 0.1496855417045561 38
381 0.1496573907732758 38.1
382 0.1496293000980947 38.2
383 0.1496012402737988 38.3
384 0.1495732022856752 38.40000000000001
385 0.1495451741624743 38.5
386 0.1495171039590387 38.6
387 0.1494890351477272 38.7
388 0.1494609176428856 38.8
389 0.1494328498277128 38.90000000000001
390 0.1494048508557502 39
391 0.1493767845408283 39.1
392 0.1493487371479654 39.2
393 0.1493206978752684 39.3
394 0.1492926656653926 39.40000000000001
395 0.1492646291432005 39.5
396 0.1492366832693989 39.6
397 0.1492087176141044 39.7
398 0.1491806984036649 39.8
399 0.1491527073320346 39.90000000000001
400 0.1491248230958983 40
401 0.1490968115292566 40.1
402 0.1490688434582394 40.2
403 0.1490409713450109 40.3
404 0.1490130618129362 40.40000000000001
405 0.1489852086651 40.5
406 0.1489573805115841 40.6
407 0.1489295312320387 40.7
408 0.1489015841044621 40.8
409 0.1488737336598137 40.90000000000001
410 0.148845895067149 41
411 0.1488180729240764 41.1
412 0.1487902134438448 41.2
413 0.1487623989291652 41.3
414 0.1487345869574911 41.40000000000001
415 0.148706744302292 41.5
416 0.1486789294947541 41.6
417 0.1486511902500973 41.7
418 0.1486234180477984 41.8
419 0.148595599933135 41.90000000000001
420 0.14856780389143 42
421 0.148540019365672 42.1
422 0.1485123109040589 42.2
423 0.1484844973945345 42.3
424 0.1484567213210918 42.40000000000001
425 0.148428946414268 42.5
426 0.1484011825639994 42.6
427 0.1483734566618473 42.7
428 0.1483456956538588 42.8
429 0.1483179651201356 42.90000000000001
430 0.148290242841016 43
431 0.148262509248849 43.1
432 0.1482348103814881 43.2
433 0.1482072139836028 43.3
434 0.1481795308164204 43.40000000000001
435 0.1481518870180751 43.5
436 0.1481242318784717 43.6
437 0.1480965828691548 43.7
438 0.1480689819471003 43.8
439 0.1480413905998655 43.90000000000001
440 0.1480138401939841 44
441 0.1479863030631678 44.1
442 0.1479587294256526 44.2
443 0.1479311095393699 44.3
444 0.1479035274816915 44.40000000000001
445 0.1478759627190563 44.5
446 0.1478484466716308 44.6
447 0.1478209636032749 44.7
448 0.1477934017586431 44.8
449 0.1477659450882388 44.90000000000001
450 0.1477384093513174 45
451 0.1477108563093644 45.1
452 0.147683305209174 45.2
453 0.1476558813663178 45.3
454 0.147628381408033 45.40000000000001
455 0.1476008781771747 45.5
456 0.1475733725765161 45.6
457 0.1475458685543248 45.7
458 0.1475184212009641 45.8
459 0.1474909356706162 45.90000000000001
460 0.1474635165260114 46
461 0.1474360676128826 46.1
462 0.1474086228664261 46.2
463 0.1473812333847664 46.3
464 0.1473538996843798 46.40000000000001
465 0.1473265729735741 46.5
466 0.1472991297067208 46.6
467 0.1472717114925725 46.7
468 0.1472442675906777 46.8
469 0.1472169090227813 46.90000000000001
470 0.14718959299261 47
471 0.1471623101534299 47.1
472 0.1471349610909087 47.2
473 0.1471076034735156 47.3
474 0.1470802890915806 47.40000000000001
475 0.147052937381666 47.5
476 0.1470256919080977 47.6
477 0.1469984260038244 47.7
478 0.1469711817356889 47.8
479 0.146943943991672 47.90000000000001
480 0.1469166599836362 48
481 0.1468893908409462 48.1
482 0.1468621375242537 48.2
483 0.1468348078972212 48.3
484 0.1468076339820631 48.40000000000001
485 0.1467804438233149 48.5
486 0.1467531779932711 48.6
487 0.1467259364861004 48.7
488 0.1466986911991482 48.8
489 0.1466715265693117 48.90000000000001
490 0.14664437556756 49
491 0.1466171951871474 49.1
492 0.1465900187224076 49.2
493 0.1465628498337385 49.3
494 0.1465356550863607 49.40000000000001
495 0.1465084427060341 49.5
496 0.1464812734990797 49.6
497 0.1464540859921009 49.7
498 0.146426928286268 49.8
499 0.1463998516585795 49.90000000000001
500 0.1463727602541809 50
501 0.146369866955256 50.01
502 0.146366938898721 50.02
503 0.1463639708049442 50.03
504 0.1463609753045493 50.04
505 0.14635794782664 50.05
506 0.146354889450887 50.06
507 0.1463518172699745 50.07
508 0.1463487745281321 50.08
509 0.1463457783620227 50.09
510 0.1463428258628283 50.1
511 0.1463398974491423 50.11
512 0.1463369686112011 50.12
513 0.1463340071528233 50.13
514 0.1463309827165379 50.14
515 0.1463278620613218 50.15
516 0.1463246163912197 50.16
517 0.1463212151536245 50.17
518 0.1463176426911521 50.18
519 0.1463139007329037 50.19
520 0.1463099707386774 50.2
521 0.1463058527637271 50.21
522 0.1463015418903377 50.22
523 0.1462970226096016 50.23
524 0.1462922765222314 50.24
525 0.1462872833774764 50.25
526 0.1462820339971007 50.26
527 0.1462765133822116 50.27
528 0.1462706828894619 50.28
529 0.146264550001785 50.29
530 0.1462580787186566 50.3
531 0.14625124871188 50.31
532 0.146244038840675 50.32
533 0.1462364269998054 50.33
534 0.1462283877286802 50.34
535 0.146219893558737 50.35
536 0.1462109169162649 50.36
537 0.1462014314246542 50.37
538 0.1461914038954118 50.38
539 0.1461808596356358 50.39
540 0.1461697731082806 50.4
541 0.1461580984898947 50.41
542 0.146145834948264 50.42
543 0.1461330191218169 50.43
544 0.1461196088533454 50.44
545 0.1461055857598355 50.45
546 0.1461027482647946 50.46
547 0.1460988965314378 50.47
548 0.1461153772818345 50.48
549 0.1461456228661955 50.49
550 0.1461791948129027 50.5
551 0.1461626447630407 50.51
552 0.1460745837088878 50.52
553 0.1459096921561166 50.53
554 0.1457540682171592 50.54
555 0.1452199872889648 50.55
556 0.1441730482911818 50.56
557 0.1425867651630207 50.57
558 0.1406353843775471 50.58
559 0.1383783333327561 50.59
560 0.1358151273310858 50.6
561 0.1328827119504835 50.61
562 0.1294978458281267 50.62
563 0.1258005531758969 50.63
564 0.1220388108154295 50.64
565 0.1184852282390123 50.65
566 0.1154060944394164 50.66
567 0.1128903378127551 50.67
568 0.1107765725969819 50.68
569 0.1088284904863862 50.69
570 0.1068897277461099 50.7
571 0.1049299455161604 50.71
572 0.1029571968140687 50.72
573 0.1010358344669339 50.73
574 0.09924342482448571 50.74
575 0.09764167885073169 50.75
576 0.09626055541237534 50.76
577 0.09510769516107132 50.77
578 0.0941606508642375 50.78
579 0.09340169798944424 50.79
580 0.09280146290909545 50.8
581 0.09233760137577927 50.81
582 0.09198111576122135 50.82
583 0.09166158876910062 50.83
584 0.09135479177520558 50.84
585 0.09103664731248885 50.85
586 0.09074123413157222 50.86
587 0.09053592597668626 50.87
588 0.09045639435837061 50.88
589 0.09051224224567424 50.89
590 0.09070163137287134 50.9
591 0.09102230701072392 50.91
592 0.09139197270450049 50.92
593 0.09181315424395879 50.93
594 0.09227528110175523 50.94
595 0.09279964019541992 50.95
596 0.09333571009175698 50.96
597 0.09387053321574074 50.97
598 0.0943963602830848 50.98
599 0.09492316595280477 50.99
600 0.09543610240841892 51
601 0.09594508420706686 51.01
602 0.09643710206407895 51.02
603 0.09691691027355814 51.03
604 0.09738549307434426 51.04
605 0.09784698126323668 51.05
606 0.09830228016164574 51.06
607 0.09875051153146784 51.07
608 0.09918945637446337 51.08
609 0.09961756962917036 51.09
610 0.1000349392894716 51.1
611 0.1004408042225846 51.11
612 0.1008340271301316 51.12
613 0.1012147886175162 51.13
614 0.1015814638875213 51.14
615 0.1019344839573083 51.15
616 0.1022742125320458 51.16
617 0.1025991454499537 51.17
618 0.1029095840225408 51.18
619 0.1032056440151879 51.19
620 0.1034874988677207 51.2
621 0.1037552726275914 51.21
622 0.1040089401579863 51.22
623 0.1042523140993664 51.23
624 0.1044838830887892 51.24
625 0.1047095946321003 51.25
626 0.1049023567996002 51.26
627 0.1050866709187962 51.27
628 0.1052664591323797 51.28
629 0.1054405810623854 51.29
630 0.1055622387477271 51.3
631 0.1056065964254877 51.31
632 0.105653055817077 51.32
633 0.1056790990916911 51.33
634 0.1056866071554743 51.34
635 0.1056222346743729 51.35
636 0.1054587969648516 51.36
637 0.1052124525230982 51.37
638 0.1048130518398187 51.38
639 0.1043176672705753 51.39
640 0.1037287467963265 51.4
641 0.1029832500257499 51.41
642 0.1020029232729003 51.42
643 0.1007366635775673 51.43
644 0.09918427579069776 51.44
645 0.09735501644111279 51.45
646 0.09526955684794182 51.46
647 0.0929564136002569 51.47
648 0.09045045315816115 51.48
649 0.08778854167553816 51.49
650 0.08500795074593363 51.5
651 0.0821433506756003 51.51
652 0.07922746474024732 51.52
653 0.07628794595106565 51.53
654 0.07335208732742181 51.54
655 0.07044264858178616 51.55
656 0.0676696498865885 51.56
657 0.06501370574525318 51.57
658 0.06247027637650556 51.58
659 0.06003761242221482 51.59
660 0.0577145745302602 51.6
661 0.05549766695317101 51.61
662 0.05338924630694804 51.62
663 0.05139021963661303 51.63
664 0.04950044907074822 51.64
665 0.04772072491178328 51.65
666 0.04604920544528247 51.66
667 0.04448339867978424 51.67
668 0.04301965961648447 51.68
669 0.04165043882121103 51.69
670 0.04037406177512212 51.7
671 0.03918565234084219 51.71
672 0.03807987696956953 51.72
673 0.0370518165321309 51.73
674 0.03609663431805102 51.74
675 0.0352754100811113 51.75
676 0.03457176108773805 51.76
677 0.03396770730497557 51.77
678 0.03342106591319176 51.78
679 0.03294687094505729 51.79
680 0.03249750466630937 51.8
681 0.03207504016937079 51.81
682 0.03167887223792428 51.82
683 0.03130878021823778 51.83
684 0.03096547394633684 51.84
685 0.03064992453267041 51.85
686 0.03036316198333264 51.86
687 0.03010604967352705 51.87
688 0.02987904745854526 51.88
689 0.02968223517411781 51.89
690 0.02951528129772583 51.9
691 0.0293774771927845 51.91
692 0.02926790710469349 51.92
693 0.02918540677334108 51.93
694 0.02912859092814011 51.94
695 0.02909593524227841 51.95
696 0.02908583410800791 51.96
697 0.02909660069078221 51.97
698 0.02912645289361826 51.98
699 0.02917361202803687 51.99
700 0.02924114345981989 52
701 0.02931892668170381 52.01
702 0.0294082330467692 52.02
703 0.02950994364784082 52.03
704 0.02961524724567804 52.04
705 0.02972643081364883 52.05
706 0.02984412964797523 52.06
707 0.02996703106192063 52.07
708 0.03009407751684505 52.08
709 0.03022430286172526 52.09
710 0.03035704594313478 52.1
711 0.03049176733050087 52.11
712 0.03062808105884781 52.12
713 0.03076550044612181 52.13
714 0.03090376106222566 52.14
715 0.03104273553413478 52.15
716 0.03118221637769737 52.16
717 0.03132283321000372 52.17
718 0.03146297732498504 52.18
719 0.03160416225429058 52.19
720 0.03174556784819835 52.2
721 0.0318873259085755 52.21
722 0.03202797045696297 52.22
723 0.03216933389213403 52.23
724 0.03231129811099733 52.24
725 0.03245387862492349 52.25
726 0.03259694668620746 52.26
727 0.03274060986989685 52.27
728 0.03288511906352733 52.28
729 0.03303002236290512 52.29
730 0.03317568196601214 52.3
731 0.03332213568517851 52.31
732 0.03346981095817731 52.32
733 0.03361830253287535 52.33
734 0.0337672845869094 52.34
735 0.03391681462101622 52.35
736 0.03406675645621245 52.36
737 0.03421748368022337 52.37
738 0.03436906706496802 52.38
739 0.03452121453763374 52.39
740 0.03467374412946579 52.4
741 0.03482661791889669 52.41
742 0.03498030811827332 52.42
743 0.03513464283033253 52.43
744 0.03528949483983755 52.44
745 0.03544536981084163 52.45
746 0.03560105803723278 52.46
747 0.03575661065314641 52.47
748 0.03591137134151048 52.48
749 0.03606647294671295 52.49
750 0.03621961916328829 52.5
751 0.03637040745524557 52.51
752 0.03651687637023443 52.52
753 0.03663613039461128 52.53
754 0.03675013622296503 52.54
755 0.03684728487394081 52.55
756 0.03692036126783446 52.56
757 0.03698289931264578 52.57
758 0.0370119211734708 52.58
759 0.03698160792080207 52.59
760 0.03691139497472704 52.6
761 0.03675337174408919 52.61
762 0.0365454631862634 52.62
763 0.03630410681927076 52.63
764 0.03595917087350687 52.64
765 0.03550976882917348 52.65
766 0.03495797243881249 52.66
767 0.03431011660147 52.67
768 0.03357488490477463 52.68
769 0.03276274357350908 52.69
770 0.03188591279288695 52.7
771 0.03095718707794833 52.71
772 0.02998908145630008 52.72
773 0.02899423484002771 52.73
774 0.02798583867382501 52.74
775 0.02698988332445286 52.75
776 0.0260187136176337 52.76
777 0.02508696815599841 52.77
778 0.02418941588562554 52.78
779 0.02332619396132778 52.79
780 0.02249882061764828 52.8
781 0.02170493602064739 52.81
782 0.02094664781013533 52.82
783 0.02022601426862543 52.83
784 0.01954154006955086 52.84
785 0.01889327652896355 52.85
786 0.01828103465529289 52.86
787 0.01770424186906908 52.87
788 0.01716197038065545 52.88
789 0.01665287971214157 52.89
790 0.01617695205964292 52.9
791 0.01573159480603086 52.91
792 0.01531516201336726 52.92
793 0.0149260908433228 52.93
794 0.01456168852367428 52.94
795 0.01422157451752342 52.95
796 0.01390433793494085 52.96
797 0.01360847081552501 52.97
798 0.01333516272795005 52.98
799 0.01309981440588273 52.99
800 0.01288565383829135 53
801 0.01270370495795186 53.01
802 0.01253612699277862 53.02
803 0.01237917985517369 53.03
804 0.01223238423058182 53.04
805 0.01210030913457417 53.05
806 0.01198150654602521 53.06
807 0.01187155586319308 53.07
808 0.01177091607578888 53.08
809 0.01167952028626951 53.09
810 0.01159734437406372 53.1
811 0.01152442946506753 53.11
812 0.01146127873502094 53.12
813 0.01140755672847862 53.13
814 0.01136400838662852 53.14
815 0.01132842334643324 53.15
816 0.0113016681353339 53.16
817 0.01128270291323508 53.17
818 0.0112720412687495 53.18
819 0.01126928222777179 53.19
820 0.01127402150800027 53.2
821 0.01128583230857754 53.21
822 0.01130423482136793 53.22
823 0.01132873374880904 53.23
824 0.01135882996906339 53.24
825 0.01139401903425996 53.25
826 0.01143379945445298 53.26
827 0.01147768438085051 53.27
828 0.0115252072853428 53.28
829 0.01157587867704838 53.29
830 0.01162929074735713 53.3
831 0.01168508596133052 53.31
832 0.01174287713870317 53.32
833 0.01180236875210803 53.33
834 0.01186324572112919 53.34
835 0.01192527787440506 53.35
836 0.01198829769205803 53.36
837 0.01205252113083633 53.37
838 0.01211733649619599 53.38
839 0.01218269435438087 53.39
840 0.01224855963414745 53.4
841 0.01231486435396975 53.41
842 0.01238159733585518 53.42
843 0.0124487535783674 53.43
844 0.01251633297312174 53.44
845 0.01258434960954045 53.45
846 0.01265283050757156 53.46
847 0.01272116349540555 53.47
848 0.01279008926948173 53.48
849 0.01285952523572778 53.49
850 0.01292951609972474 53.5
851 0.01300008708332575 53.51
852 0.01307130945668279 53.52
853 0.01314316482660665 53.53
854 0.01321585900678648 53.54
855 0.01328932423078491 53.55
856 0.01336359639997945 53.56
857 0.01343864527456295 53.57
858 0.01351470169756 53.58
859 0.01359179053222443 53.59
860 0.01367002763333848 53.6
861 0.01374946467193952 53.61
862 0.01383014830016776 53.62
863 0.01391209884818618 53.63
864 0.01399522107568265 53.64
865 0.01407962100496348 53.65
866 0.01416525500475431 53.66
867 0.014252344330127 53.67
868 0.01434102728856915 53.68
869 0.01443131371381372 53.69
870 0.01452333667530252 53.7
871 0.01461793467982773 53.71
872 0.01471446526905236 53.72
873 0.01481284212539753 53.73
874 0.01491305067494776 53.74
875 0.01501513422475336 53.75
876 0.01511920745441636 53.76
877 0.0152248973074149 53.77
878 0.01533201248897155 53.78
879 0.01544030709627463 53.79
880 0.01555013401370067 53.8
881 0.01566133291973228 53.81
882 0.0157733351142072 53.82
883 0.01588556671998893 53.83
884 0.01599773433456268 53.84
885 0.0161091618009465 53.85
886 0.01622010881390683 53.86
887 0.01632991873943997 53.87
888 0.01643797129791414 53.88
889 0.0165384432389401 53.89
890 0.01662824675363904 53.9
891 0.01669329829264958 53.91
892 0.01673819904805394 53.92
893 0.01676641949486621 53.93
894 0.01677704513821305 53.94
895 0.0167734620056853 53.95
896 0.01674952929523165 53.96
897 0.01668207818104386 53.97
898 0.01656864620000177 53.98
899 0.01641010839839839 53.99
900 0.01620567190702717 54
901 0.01595701136145311 54.01
902 0.01566562209038424 54.02
903 0.01533852185943344 54.03
904 0.014980030286467 54.04
905 0.01459552091173067 54.05
906 0.0141942750329898 54.06
907 0.01379337730969479 54.07
908 0.01339472076878289 54.08
909 0.0130054656932117 54.09
910 0.01262963171318519 54.1
911 0.01226365411636619 54.11
912 0.01191006735167837 54.12
913 0.01156849585613744 54.13
914 0.01123909802775826 54.14
915 0.01092205327873582 54.15
916 0.01061779207752944 54.16
917 0.01032660713147226 54.17
918 0.01004861913021331 54.18
919 0.009783955430008776 54.19
920 0.009532392497390324 54.2
921 0.009294063890956593 54.21
922 0.009068765488741731 54.22
923 0.00885694791890545 54.23
924 0.008657733860668631 54.24
925 0.008470984105735761 54.25
926 0.008295496559332217 54.26
927 0.008132476096508405 54.27
928 0.007978970646478461 54.28
929 0.007835240239050863 54.29
930 0.007706917997347148 54.3
931 0.007587790620177926 54.31
932 0.007479799862780565 54.32
933 0.007382432319733905 54.33
934 0.007292277524808309 54.34
935 0.007211317224246685 54.35
936 0.007136742967599894 54.36
937 0.007067365351750499 54.37
938 0.007003328779993115 54.38
939 0.006951946631811339 54.39
940 0.006907279635755027 54.4
941 0.006868407875957882 54.41
942 0.006834518957042479 54.42
943 0.006805751009441429 54.43
944 0.006780594620337391 54.44
945 0.006760498189995729 54.45
946 0.006744952046054503 54.46
947 0.006733919413159719 54.47
948 0.006727328524636465 54.48
949 0.006725096244407394 54.49
950 0.006727121975737877 54.5
951 0.006732846646961797 54.51
952 0.006742567177162304 54.52
953 0.006756096789032996 54.53
954 0.006773584190914034 54.54
955 0.006794671882320011 54.55
956 0.006818714247622094 54.56
957 0.006845287076777323 54.57
958 0.006874624953507632 54.58
959 0.00690650094457139 54.59
960 0.006940694182392188 54.6
961 0.00697699421767037 54.61
962 0.00701518969711418 54.62
963 0.007055067827088569 54.63
964 0.007096425823607893 54.64
965 0.007139068384184022 54.65
966 0.007183125796446964 54.66
967 0.007228034411306547 54.67
968 0.007274076772723604 54.68
969 0.007320154972302578 54.69
970 0.007366356916334609 54.7
971 0.007413227029514506 54.71
972 0.007460520448384245 54.72
973 0.007508160709196132 54.73
974 0.007556144269482259 54.74
975 0.007604511143105661 54.75
976 0.007653038521315181 54.76
977 0.00770183297519974 54.77
978 0.007750871024715445 54.78
979 0.00780016475899552 54.79
980 0.007849723664722254 54.8
981 0.007899583436213033 54.81
982 0.007949758104621629 54.82
983 0.008000293172181532 54.83
984 0.00805139422893208 54.84
985 0.008102602030590905 54.85
986 0.00815424408756207 54.86
987 0.00820634540259867 54.87
988 0.008258981827188852 54.88
989 0.00831222849440331 54.89
990 0.00836611647408342 54.9
991 0.008420732972149384 54.91
992 0.008476086077583996 54.92
993 0.008532144671221861 54.93
994 0.008589085637597558 54.94
995 0.008647026416812975 54.95
996 0.008706034657359118 54.96
997 0.008766180921868261 54.97
998 0.008827503407636045 54.98
999 0.008890121468268619 54.99
1000 0.008954197328912216 55
1001 0.009019045902704852 55.01
1002 0.009085854630911952 55.02
1003 0.009153600025143866 55.03
1004 0.009223607266999719 55.04
1005 0.009294939652305947 55.05
1006 0.009368099176955051 55.06
1007 0.009443104812685163 55.07
1008 0.009519963939411905 55.08
1009 0.009598751435688188 55.09
1010 0.009679504118141792 55.1
1011 0.009762208106442558 55.11
1012 0.009846499877010704 55.12
1013 0.009933831767033999 55.13
1014 0.01002202299754264 55.14
1015 0.01011297691334771 55.15
1016 0.0102055517873517 55.16
1017 0.01029943616459775 55.17
1018 0.01039464553836153 55.18
1019 0.01049071267131913 55.19
1020 0.01058786553090886 55.2
1021 0.01068579775033024 55.21
1022 0.0107842562709461 55.22
1023 0.01087462969301597 55.23
1024 0.01095579941571146 55.24
1025 0.01103785260251085 55.25
1026 0.01111932090014309 55.26
1027 0.01119427922894615 55.27
1028 0.0112641380001178 55.28
1029 0.01132513138143037 55.29
1030 0.01137942675093274 55.3
1031 0.01142740142295228 55.31
1032 0.01146743687417195 55.32
1033 0.0114814266401684 55.33
1034 0.01146860132039397 55.34
1035 0.01142739646574344 55.35
1036 0.01135777569199792 55.36
1037 0.01125817847899129 55.37
1038 0.01112868125413348 55.38
1039 0.01096964807521497 55.39
1040 0.01078457432841161 55.4
1041 0.01057869195963987 55.41
1042 0.01035480400800209 55.42
1043 0.01011669255405926 55.43
1044 0.009869191073410152 55.44
1045 0.009626020306747318 55.45
1046 0.009387532693849808 55.46
1047 0.009154667431809425 55.47
1048 0.008927613068121157 55.48
1049 0.008706795288719354 55.49
1050 0.008492576510351277 55.5
1051 0.008285375310237222 55.51
1052 0.008085833722576232 55.52
1053 0.007894879728401522 55.53
1054 0.007712124473911119 55.54
1055 0.007538201960197079 55.55
1056 0.007373225729299328 55.56
1057 0.007217251466570285 55.57
1058 0.00707065430130271 55.58
1059 0.006934495229795719 55.59
1060 0.006807369642013119 55.6
1061 0.006688360477867085 55.61
1062 0.00657842196811329 55.62
1063 0.006478514345039042 55.63
1064 0.006385452162557824 55.64
1065 0.006301112900292476 55.65
1066 0.006225187160157443 55.66
1067 0.006155191051856738 55.67
1068 0.006095552038515504 55.68
1069 0.00604281846625892 55.69
1070 0.005996497219092348 55.7
1071 0.005958558592384231 55.71
1072 0.005926339040288518 55.72
1073 0.00589993249401244 55.73
1074 0.005877866074019624 55.74
1075 0.005859660882334836 55.75
1076 0.00584530620498608 55.76
1077 0.005835459741211677 55.77
1078 0.005829283786954098 55.78
1079 0.005826323245692807 55.79
1080 0.005826232582243765 55.8
1081 0.005829496267882283 55.81
1082 0.005836333546227703 55.82
1083 0.005846609999375479 55.83
1084 0.005861386570315192 55.84
1085 0.005879355992191642 55.85
1086 0.005900022760863478 55.86
1087 0.005924368321096093 55.87
1088 0.005950144900866196 55.88
1089 0.005978398259927647 55.89
1090 0.006008159615895669 55.9
1091 0.006039212365140515 55.91
1092 0.006073616126040558 55.92
1093 0.006108891286689338 55.93
1094 0.006145214478852681 55.94
1095 0.006182748564742231 55.95
1096 0.006221828577788873 55.96
1097 0.006261574393306235 55.97
1098 0.006300720804310165 55.98
1099 0.006340313708223293 55.99
1100 0.00638039943339571 56
1101 0.006420982092761437 56.01
1102 0.006462076073502744 56.02
1103 0.006505054483691993 56.03
1104 0.006548783624817051 56.04
1105 0.006591840367332295 56.05
1106 0.006635176716699008 56.06
1107 0.006678848828516655 56.07
1108 0.006722870255341853 56.08
1109 0.006767301913618219 56.09
1110 0.006813515947883915 56.1
1111 0.006860978115937005 56.11
1112 0.006908881032166403 56.12
1113 0.006957012216996449 56.13
1114 0.007005606981851696 56.14
1115 0.0070550451834248 56.15
1116 0.007104613939319345 56.16
1117 0.007154400267257846 56.17
1118 0.007204341001245871 56.18
1119 0.007254882962275655 56.19
1120 0.007305452319453122 56.2
1121 0.0073564916087884 56.21
1122 0.007407729339978603 56.22
1123 0.007459468370658868 56.23
1124 0.007511722548260455 56.24
1125 0.007564533015679961 56.25
1126 0.007617903397867149 56.26
1127 0.007671841445862999 56.27
1128 0.007726575925746563 56.28
1129 0.007781735638152594 56.29
1130 0.007837410346037132 56.3
1131 0.007893702200342446 56.31
1132 0.007950537770246999 56.32
1133 0.008008115602570367 56.33
1134 0.0080666500389872 56.34
1135 0.008126108497181253 56.35
1136 0.008186525743398234 56.36
1137 0.00824792090377114 56.37
1138 0.008310376026804825 56.38
1139 0.00837391819087783 56.39
1140 0.008438592630463532 56.4
1141 0.008504682795417036 56.41
1142 0.008572167193894616 56.42
1143 0.008641064404103281 56.43
1144 0.008711443167564299 56.44
1145 0.008783339127018595 56.45
1146 0.008856746718211782 56.46
1147 0.008931680391382249 56.47
1148 0.009008093633956857 56.48
1149 0.009085951438382114 56.49
1150 0.009165144401189091 56.5
1151 0.00924551280648369 56.51
1152 0.009327077165924794 56.52
1153 0.00940972901646028 56.53
1154 0.009489125071610677 56.54
1155 0.009566588706074818 56.55
1156 0.009646287585228099 56.56
1157 0.00972666043234866 56.57
1158 0.009806938895895713 56.58
1159 0.009886430149110684 56.59
1160 0.009960216544332262 56.6
1161 0.01003336009363907 56.61
1162 0.01010450838242111 56.62
1163 0.01017282110665731 56.63
1164 0.0102379312796263 56.64
1165 0.01029939233261027 56.65
1166 0.01034473460211097 56.66
1167 0.01037465636570257 56.67
1168 0.01039900097479685 56.68
1169 0.01040240758735543 56.69
1170 0.01039000540876257 56.7
1171 0.0103559414270657 56.71
1172 0.01029942423132164 56.72
1173 0.01022050767061436 56.73
1174 0.01011995911707841 56.74
1175 0.009999481995444015 56.75
1176 0.009861504939867925 56.76
1177 0.009708542476650482 56.77
1178 0.009542694972568651 56.78
1179 0.00936699618188252 56.79
1180 0.009183738597362512 56.8
1181 0.009000726937613638 56.81
1182 0.008821603227172308 56.82
1183 0.008645930092467552 56.83
1184 0.008474386097693996 56.84
1185 0.008307651286374234 56.85
1186 0.008146403356850332 56.86
1187 0.007990683360345635 56.87
1188 0.007842575225071336 56.88
1189 0.007701090914995475 56.89
1190 0.007566378949896539 56.9
1191 0.00743962233426091 56.91
1192 0.007322463301969039 56.92
1193 0.007213234319637448 56.93
1194 0.007110469324673555 56.94
1195 0.007014537346511598 56.95
1196 0.006923342051396347 56.96
1197 0.006840923545171535 56.97
1198 0.006765315357366839 56.98
1199 0.00670040263632062 56.99
1200 0.006643358496229675 57
1201 0.006593680595099375 57.01
1202 0.00655139680056805 57.02
1203 0.006519238049888006 57.03
1204 0.006492416369098228 57.04
1205 0.006469789572755704 57.05
1206 0.00645099404729566 57.06
1207 0.006436393169059503 57.07
1208 0.006425678132297549 57.08
1209 0.006418871456315429 57.09
1210 0.006415961670186454 57.1
1211 0.006416580289734781 57.11
1212 0.006423072702913687 57.12
1213 0.006433116575130504 57.13
1214 0.006446047169709055 57.14
1215 0.006461762595913055 57.15
1216 0.006480209907157024 57.16
1217 0.006502496762283062 57.17
1218 0.006527764877861412 57.18
1219 0.006555272727552172 57.19
1220 0.006586052629562581 57.2
1221 0.006618941013791093 57.21
1222 0.006653911022758765 57.22
1223 0.006691038362720967 57.23
1224 0.006730151354292206 57.24
1225 0.006771082642030112 57.25
1226 0.006813674413254756 57.26
1227 0.006860260890057691 57.27
1228 0.006907350001137712 57.28
1229 0.006954866883844156 57.29
1230 0.007002810225365045 57.3
1231 0.007051014416088804 57.31
1232 0.00709961214295124 57.32
1233 0.007148703817803049 57.33
1234 0.007198272400259795 57.34
1235 0.007248365720312661 57.35
1236 0.007298993417165843 57.36
1237 0.007350156994429002 57.37
1238 0.007401849121219765 57.38
1239 0.007452868513003539 57.39
1240 0.00750563241983043 57.4
1241 0.007559271904619299 57.41
1242 0.007613942721848142 57.42
1243 0.007668874187392233 57.43
1244 0.007724197332162089 57.44
1245 0.007779930531751079 57.45
1246 0.007836095289600527 57.46
1247 0.007892717718240886 57.47
1248 0.007949726365604464 57.48
1249 0.008007257485860534 57.49
1250 0.008065376158107604 57.5
1251 0.008123941637726527 57.51
1252 0.008183099080812745 57.52
1253 0.00824285197698546 57.53
1254 0.008303110506550129 57.54
1255 0.008364009258104856 57.55
1256 0.00842548792034776 57.56
1257 0.008487592966509347 57.57
1258 0.008550365848328091 57.58
1259 0.008613929704021988 57.59
1260 0.008678395887078747 57.6
1261 0.008744040622465201 57.61
1262 0.008810525741042623 57.62
1263 0.008878166247209105 57.63
1264 0.008947003889387286 57.64
1265 0.009016966028087504 57.65
1266 0.009088309208056712 57.66
1267 0.009161003334105178 57.67
1268 0.009235037615906973 57.68
1269 0.009310361406669113 57.69
1270 0.009386996416431575 57.7
1271 0.009465014803706252 57.71
1272 0.009544531185585188 57.72
1273 0.009625256674805734 57.73
1274 0.009704093187281035 57.74
1275 0.009783865891756496 57.75
1276 0.009863856842835658 57.76
1277 0.009944533501868883 57.77
1278 0.01002586546873819 57.78
1279 0.01010727522265332 57.79
1280 0.01018829446679375 57.8
1281 0.01026858002175591 57.81
1282 0.01034778977403665 57.82
1283 0.01042559358340675 57.83
1284 0.01050169574529069 57.84
1285 0.01056594334843435 57.85
1286 0.0106212331627054 57.86
1287 0.01067302977952577 57.87
1288 0.01070999506101374 57.88
1289 0.01072993625908304 57.89
1290 0.01074177140628842 57.9
1291 0.01073399396069022 57.91
1292 0.01070544955712851 57.92
1293 0.01065571859733168 57.93
1294 0.01058909492955212 57.94
1295 0.01051540229396721 57.95
1296 0.01043442549392009 57.96
1297 0.01033442146468297 57.97
1298 0.0102177816809689 57.98
1299 0.01008655862731692 57.99
1300 0.009945238136453215 58
1301 0.009802749376712449 58.01
1302 0.009659445901658084 58.02
1303 0.009509946291636543 58.03
1304 0.009362028603433648 58.04
1305 0.009215838145720854 58.05
1306 0.009072393106451502 58.06
1307 0.008932016664492738 58.07
1308 0.008797025089084899 58.08
1309 0.008667044188864235 58.09
1310 0.00854243928612638 58.1
1311 0.008423454764257203 58.11
1312 0.008310257884231157 58.12
1313 0.008204457762252475 58.13
1314 0.008105969573613911 58.14
1315 0.008013778763981006 58.15
1316 0.007927021358018427 58.16
1317 0.00784577025445181 58.17
1318 0.007769939006681864 58.18
1319 0.007698933109235171 58.19
1320 0.007633147381530292 58.2
1321 0.007572929254417827 58.21
1322 0.007518216726964047 58.22
1323 0.007469225041109744 58.23
1324 0.007425204110390477 58.24
1325 0.007385342825615759 58.25
1326 0.007349840562604182 58.26
1327 0.007321637953940666 58.27
1328 0.007298653295470782 58.28
1329 0.007280597774729665 58.29
1330 0.007266728048654885 58.3
1331 0.007256507458040264 58.31
1332 0.007250203683588709 58.32
1333 0.007250174588720587 58.33
1334 0.007254224515729023 58.34
1335 0.00726187695022555 58.35
1336 0.007273159540728324 58.36
1337 0.007287919945859392 58.37
1338 0.007309131470034965 58.38
1339 0.007333615357050818 58.39
1340 0.007361004831553877 58.4
1341 0.007391209807055501 58.41
1342 0.007424105079538995 58.42
1343 0.007459094858656501 58.43
1344 0.007497456891604443 58.44
1345 0.007538102988328856 58.45
1346 0.00758089980298741 58.46
1347 0.00762480442283575 58.47
1348 0.00767067302019303 58.48
1349 0.007718265746454437 58.49
1350 0.007767870855763751 58.5
1351 0.007818152044773988 58.51
1352 0.00787113619590505 58.52
1353 0.007926387081886267 58.53
1354 0.007980521968974858 58.54
1355 0.008034447672444824 58.55
1356 0.008088584089177842 58.56
1357 0.008143122509353878 58.57
1358 0.008198112792206726 58.58
1359 0.008253593636305524 58.59
1360 0.008309598174526242 58.6
1361 0.008366830070915725 58.61
1362 0.00842420327679003 58.62
1363 0.008481920525101468 58.63
1364 0.00854083223476918 58.64
1365 0.008600952287265248 58.65
1366 0.008662038857318975 58.66
1367 0.008723468505470927 58.67
1368 0.008785385837528187 58.68
1369 0.00884777057004346 58.69
1370 0.008911112253602872 58.7
1371 0.008974364631158938 58.71
1372 0.009038617582956704 58.72
1373 0.009103494614102176 58.73
1374 0.009169029752554674 58.74
1375 0.009235228881756463 58.75
1376 0.009302090282719019 58.76
1377 0.009369691555994734 58.77
1378 0.009438203274658444 58.78
1379 0.009507683058476341 58.79
1380 0.009578255447598941 58.8
1381 0.009649926322306263 58.81
1382 0.009722725914214185 58.82
1383 0.009796728156367385 58.83
1384 0.009871980521990138 58.84
1385 0.009948705946385313 58.85
1386 0.01002678773334561 58.86
1387 0.01010619396165018 58.87
1388 0.01018683723440795 58.88
1389 0.01026623071333289 58.89
1390 0.01034694470119851 58.9
1391 0.01042908686931168 58.91
1392 0.01051261042574161 58.92
1393 0.0105969485186448 58.93
1394 0.0106815917171961 58.94
1395 0.01076627214124043 58.95
1396 0.01085094788678844 58.96
1397 0.01093530076300139 58.97
1398 0.01101908114600764 58.98
1399 0.01109420932193056 58.99
1400 0.01116282668339535 59
1401 0.01122097242631422 59.01
1402 0.01126702474804513 59.02
1403 0.01130077149835616 59.03
1404 0.01132932689647066 59.04
1405 0.01134048761299183 59.05
1406 0.01133274914304703 59.06
1407 0.01130517809131142 59.07
1408 0.0112578164300511 59.08
1409 0.0112013737918453 59.09
1410 0.01113780304274246 59.1
1411 0.01105793301794255 59.11
1412 0.01097051841318733 59.12
1413 0.0108746557315581 59.13
1414 0.01077358804827601 59.14
1415 0.01066847834566768 59.15
1416 0.01055977223089857 59.16
1417 0.01044761338367642 59.17
1418 0.01033335246226476 59.18
1419 0.0102177681055199 59.19
1420 0.01010175310796813 59.2
1421 0.00998641629807207 59.21
1422 0.009872668407427511 59.22
1423 0.009761343860451657 59.23
1424 0.00965308098371438 59.24
1425 0.009548396238694372 59.25
1426 0.00944781823205405 59.26
1427 0.009351722120172561 59.27
1428 0.009260413697688135 59.28
1429 0.009174070174484905 59.29
1430 0.00909274691503437 59.3
1431 0.009016555556906688 59.31
1432 0.008945499331939768 59.32
1433 0.008879561829017588 59.33
1434 0.008818694401317457 59.34
1435 0.008763302713063026 59.35
1436 0.00871289265653513 59.36
1437 0.00866740779236902 59.37
1438 0.00862661663565537 59.38
1439 0.008596222694194893 59.39
1440 0.008571810126681779 59.4
1441 0.008551747668130674 59.41
1442 0.008535434255689468 59.42
1443 0.00852328489280247 59.43
1444 0.008515319982426691 59.44
1445 0.008511547416910712 59.45
1446 0.008511961250241491 59.46
1447 0.008519742004773283 59.47
1448 0.008531872289154025 59.48
1449 0.008547729877201166 59.49
1450 0.008567159420642699 59.5
1451 0.008590159184576635 59.51
1452 0.008616891109091782 59.52
1453 0.008646977920761269 59.53
1454 0.008680336970904493 59.54
1455 0.008716772033815256 59.55
1456 0.008756113261674426 59.56
1457 0.00879820574469147 59.57
1458 0.008842882424215702 59.58
1459 0.008889930942050437 59.59
1460 0.008939228280999228 59.6
1461 0.008990605629992132 59.61
1462 0.009043901771669778 59.62
1463 0.009098940654356898 59.63
1464 0.009155573117779658 59.64
1465 0.009213655501560242 59.65
1466 0.009272484667458242 59.66
1467 0.009332787215669032 59.67
1468 0.009394264915126576 59.68
1469 0.009456724742802333 59.69
1470 0.009520152435372849 59.7
1471 0.009584498632116955 59.71
1472 0.009649661703281978 59.72
1473 0.009714526675050702 59.73
1474 0.009781841268713655 59.74
1475 0.00984896060386118 59.75
1476 0.009916003003306612 59.76
1477 0.009983839057766813 59.77
1478 0.01005240765028675 59.78
1479 0.01012168025310967 59.79
1480 0.01019158926649026 59.8
1481 0.01026216113266929 59.81
1482 0.01033377703569273 59.82
1483 0.01040596417761702 59.83
1484 0.01047888042063679 59.84
1485 0.0105518416928073 59.85
1486 0.01062502790335396 59.86
1487 0.0106986144575096 59.87
1488 0.01077274520979445 59.88
1489 0.01084752733865518 59.89
1490 0.01092299290119087 59.9
1491 0.0109977379761421 59.91
1492 0.01107311403599423 59.92
1493 0.01115015352149422 59.93
1494 0.0112269582709494 59.94
1495 0.01130452006798821 59.95
1496 0.01138349036653231 59.96
1497 0.0114634178662416 59.97
1498 0.01154403556213223 59.98
1499 0.0116251561892021 59.99
1500 0.01170659094888282 60
