"frac-mass-ch4-rfile"
"Time Step" "frac-mass-ch4 etc.."
("Time Step" "frac-mass-ch4" "flow-time")
0 1.387073389779686e-05 0
1 1.471569511875581e-05 0.1
2 1.374377743863648e-05 0.2
3 1.142710413562417e-05 0.3
4 1.147137059786593e-05 0.4
5 1.336267357796885e-05 0.5
6 1.52553410628717e-05 0.6000000000000001
7 1.69443962991755e-05 0.7000000000000001
8 1.761718069655989e-05 0.8
9 1.786934001054089e-05 0.9
10 1.682801101837911e-05 1
11 1.553048046689692e-05 1.1
12 1.330720102955289e-05 1.2
13 1.137348240786229e-05 1.3
14 1.00004920388557e-05 1.4
15 8.965811019471815e-06 1.5
16 8.229085869110627e-06 1.6
17 7.744935214245437e-06 1.7
18 7.515483755689886e-06 1.8
19 7.301545024978958e-06 1.9
20 7.143183814228607e-06 2
21 7.179611345545011e-06 2.1
22 7.327155388817957e-06 2.2
23 7.508335620480031e-06 2.3
24 7.711888323646306e-06 2.4
25 7.92385228851953e-06 2.5
26 8.134146691963437e-06 2.6
27 8.332230278573763e-06 2.7
28 8.507262303950926e-06 2.8
29 8.649027153855144e-06 2.9
30 8.750851514885879e-06 3
31 8.805468987534974e-06 3.1
32 8.809962130563942e-06 3.2
33 8.76365017611497e-06 3.3
34 8.669653277562855e-06 3.4
35 8.539445616568069e-06 3.5
36 8.378373310376881e-06 3.6
37 8.199516150763212e-06 3.7
38 8.012832349225246e-06 3.8
39 7.822749682761767e-06 3.9
40 7.64320979691719e-06 4
41 7.475123118853724e-06 4.100000000000001
42 7.328636323353042e-06 4.2
43 7.20256958147863e-06 4.3
44 7.100925630901009e-06 4.4
45 7.026075762914087e-06 4.5
46 6.972432483412781e-06 4.600000000000001
47 6.943571961961061e-06 4.7
48 6.933882643848361e-06 4.800000000000001
49 6.943793112126334e-06 4.9
50 6.969110689859705e-06 5
51 7.005486598682665e-06 5.100000000000001
52 7.050352337750821e-06 5.2
53 7.099337683917944e-06 5.300000000000001
54 7.149098118909873e-06 5.4
55 7.197265768654308e-06 5.5
56 7.241165135773403e-06 5.600000000000001
57 7.276320996936401e-06 5.7
58 7.302114972166226e-06 5.800000000000001
59 7.31697879809514e-06 5.9
60 7.32023860461371e-06 6
61 7.312695063390828e-06 6.100000000000001
62 7.293236828768532e-06 6.2
63 7.264641108015824e-06 6.300000000000001
64 7.23098897874697e-06 6.4
65 7.191856727778316e-06 6.5
66 7.150567041339892e-06 6.600000000000001
67 7.108965486908646e-06 6.7
68 7.067763343493481e-06 6.800000000000001
69 7.02937938566257e-06 6.9
70 6.995255616834864e-06 7
71 6.965735791574852e-06 7.100000000000001
72 6.941232098256942e-06 7.2
73 6.923246790994762e-06 7.300000000000001
74 6.911215842025776e-06 7.4
75 6.905992935647056e-06 7.5
76 6.904415791843679e-06 7.600000000000001
77 6.908218670094061e-06 7.7
78 6.914388139452973e-06 7.800000000000001
79 6.923039621492179e-06 7.9
80 6.932961660512665e-06 8
81 6.943625914669049e-06 8.1
82 6.954182790265269e-06 8.200000000000001
83 6.962485717223255e-06 8.300000000000001
84 6.969762380026315e-06 8.4
85 6.974875968544811e-06 8.5
86 6.97764845796624e-06 8.6
87 6.977736584492687e-06 8.700000000000001
88 6.975310015744512e-06 8.800000000000001
89 6.970668690963041e-06 8.9
90 6.964036513821604e-06 9
91 6.95582375598381e-06 9.1
92 6.945922892502924e-06 9.200000000000001
93 6.946471138660065e-06 9.300000000000001
94 6.933194064526846e-06 9.4
95 6.928754047107191e-06 9.5
96 6.929756291856965e-06 9.600000000000001
97 6.921627700302179e-06 9.700000000000001
98 6.921006022483809e-06 9.800000000000001
99 6.922394378184154e-06 9.9
100 6.919878543243411e-06 10
101 6.920325209754238e-06 10.1
102 6.923660647695102e-06 10.2
103 6.924377465225962e-06 10.3
104 6.931314394554843e-06 10.4
105 6.93248110439303e-06 10.5
106 6.942744331694249e-06 10.6
107 6.943990271681703e-06 10.7
108 6.957795362681039e-06 10.8
109 6.959072503467035e-06 10.9
110 6.974084845659102e-06 11
111 6.975382316757225e-06 11.1
112 6.991736892347779e-06 11.2
113 6.993106352332257e-06 11.3
114 7.009963124122603e-06 11.4
115 7.011301191473202e-06 11.5
116 7.027081148455034e-06 11.6
117 7.028462380027629e-06 11.7
118 7.044239774725761e-06 11.8
119 7.045443799948512e-06 11.9
120 7.059868853618417e-06 12
121 7.061026804926915e-06 12.1
122 7.074257920861487e-06 12.2
123 7.07540877536081e-06 12.3
124 7.087322325881464e-06 12.4
125 7.088322275784884e-06 12.5
126 7.098958317404074e-06 12.6
127 7.099906535140931e-06 12.7
128 7.109367694436445e-06 12.8
129 7.110250616992097e-06 12.9
130 7.117675491332989e-06 13
131 7.118712251045078e-06 13.1
132 7.126381096401743e-06 13.2
133 7.127427268330466e-06 13.3
134 7.135028263402096e-06 13.4
135 7.135945924298872e-06 13.5
136 7.14392868208916e-06 13.6
137 7.144978153711781e-06 13.7
138 7.153453483192565e-06 13.8
139 7.154482647853194e-06 13.9
140 7.163873155076698e-06 14
141 7.165137789677591e-06 14.1
142 7.175439128670352e-06 14.2
143 7.176752373556444e-06 14.3
144 7.188245410901123e-06 14.4
145 7.189618637219783e-06 14.5
146 7.202309912351799e-06 14.6
147 7.203762492384984e-06 14.7
148 7.21918368933714e-06 14.8
149 7.220496816348571e-06 14.9
150 7.236619091759954e-06 15
151 7.237961228825436e-06 15.1
152 7.254189291015568e-06 15.2
153 7.255846553985046e-06 15.3
154 7.272913066534713e-06 15.4
155 7.274560497731971e-06 15.5
156 7.291649093073118e-06 15.6
157 7.293322867262542e-06 15.7
158 7.310561799216339e-06 15.8
159 7.312060488818254e-06 15.9
160 7.329602015946874e-06 16
161 7.331039352415721e-06 16.1
162 7.348607307701734e-06 16.2
163 7.350147197687224e-06 16.3
164 7.367905792179518e-06 16.4
165 7.369471165673898e-06 16.5
166 7.387238233586964e-06 16.6
167 7.388823091657333e-06 16.7
168 7.40708698681788e-06 16.8
169 7.408719248515844e-06 16.9
170 7.427403036082335e-06 17
171 7.429133992809839e-06 17.1
172 7.448022921393723e-06 17.2
173 7.449750256846634e-06 17.3
174 7.470605004264796e-06 17.4
175 7.469878451592779e-06 17.5
176 7.492481334862691e-06 17.6
177 7.491915868804255e-06 17.7
178 7.515305132528336e-06 17.8
179 7.514729824729623e-06 17.9
180 7.539040051059175e-06 18
181 7.538503627632185e-06 18.1
182 7.563856935834014e-06 18.2
183 7.563370359656853e-06 18.3
184 7.590288697360113e-06 18.4
185 7.589856995636535e-06 18.5
186 7.617358412156534e-06 18.6
187 7.616945575736479e-06 18.7
188 7.645830495433438e-06 18.8
189 7.64551425915274e-06 18.9
190 7.669807941922225e-06 19
191 7.672047207607212e-06 19.1
192 7.699878788654114e-06 19.2
193 7.702332722075494e-06 19.3
194 7.734378187791588e-06 19.4
195 7.735696386429616e-06 19.5
196 7.763620920431965e-06 19.6
197 7.766163612674175e-06 19.7
198 7.802942234026715e-06 19.8
199 7.803348258369459e-06 19.9
200 7.842470701445788e-06 20
201 7.842439795529995e-06 20.1
202 7.879477122075627e-06 20.2
203 7.881061276468881e-06 20.3
204 7.923190650984156e-06 20.4
205 7.923878499635625e-06 20.5
206 7.964851026871239e-06 20.6
207 7.967080417960128e-06 20.7
208 8.010256304283286e-06 20.8
209 8.012678626360436e-06 20.9
210 8.059737562528581e-06 21
211 8.062341397013002e-06 21.1
212 8.113083912802979e-06 21.2
213 8.115908453173401e-06 21.3
214 8.169169749896561e-06 21.4
215 8.172196873354224e-06 21.5
216 8.228841076853319e-06 21.6
217 8.232382151023954e-06 21.7
218 8.295436831647356e-06 21.8
219 8.299441133680064e-06 21.9
220 8.368147725634768e-06 22
221 8.372428304593261e-06 22.1
222 8.444532969478132e-06 22.2
223 8.449186860270667e-06 22.3
224 8.527372127226831e-06 22.4
225 8.532403729929512e-06 22.5
226 8.616573298027686e-06 22.6
227 8.628509344298275e-06 22.7
228 8.72150675054557e-06 22.8
229 8.727190858761708e-06 22.9
230 8.819982019668115e-06 23
231 8.833161003227177e-06 23.1
232 8.937241718903478e-06 23.2
233 8.950059398142137e-06 23.3
234 9.057460334139503e-06 23.4
235 9.071488065317619e-06 23.5
236 9.186493642232229e-06 23.6
237 9.201616248466712e-06 23.7
238 9.315188165774847e-06 23.8
239 9.327607086983778e-06 23.9
240 9.370952953787321e-06 24
241 9.546629029943689e-06 24.1
242 9.555827687063587e-06 24.2
243 9.684665801286183e-06 24.3
244 9.699171726500139e-06 24.4
245 9.758693076414177e-06 24.5
246 9.961896809244484e-06 24.6
247 9.984038295950851e-06 24.7
248 1.00500485957829e-05 24.8
249 1.029005382341923e-05 24.9
250 1.031628955449047e-05 25
251 1.03946596779544e-05 25.1
252 1.067839172571745e-05 25.2
253 1.071150996013352e-05 25.3
254 1.080089434274197e-05 25.4
255 1.11381299561872e-05 25.5
256 1.117620058537727e-05 25.6
257 1.127958585957721e-05 25.7
258 1.164647796383988e-05 25.8
259 1.168508575235912e-05 25.9
260 1.18190430051799e-05 26
261 1.235865761781435e-05 26.1
262 1.241100973564465e-05 26.2
263 1.257655938195728e-05 26.3
264 1.326071548509288e-05 26.4
265 1.333046368394339e-05 26.5
266 1.354765654736428e-05 26.6
267 1.43989720401333e-05 26.7
268 1.449106208237844e-05 26.8
269 1.478098327478759e-05 26.9
270 1.597472254271831e-05 27
271 1.622333712392315e-05 27.1
272 1.660093589943552e-05 27.2
273 1.8301408344794e-05 27.3
274 1.869882113430605e-05 27.4
275 1.929050236853428e-05 27.5
276 2.193395685820484e-05 27.6
277 2.264193068641383e-05 27.7
278 2.795679896447207e-05 27.8
279 2.922901066891582e-05 27.9
280 3.77640471965568e-05 28
281 4.03022227464104e-05 28.1
282 5.296081874604168e-05 28.2
283 5.725345149861371e-05 28.3
284 7.757961599078519e-05 28.4
285 8.538277277291046e-05 28.5
286 0.0001102525903984277 28.6
287 0.0001207951946582269 28.7
288 0.000128900879860123 28.8
289 0.0001594079483297693 28.9
290 0.0001779235251345141 29
291 0.0001931662664776904 29.1
292 0.0002376229056065851 29.2
293 0.0002676430143340423 29.3
294 0.0002924264955149306 29.4
295 0.000347143562085557 29.5
296 0.0003855973410377725 29.6
297 0.0004176450962761772 29.7
298 0.0004776004181435672 29.8
299 0.0005196433464485074 29.9
300 0.000613272511436596 30
301 0.0006834953101542233 30.1
302 0.0008100006648661502 30.2
303 0.0009684703048974353 30.3
304 0.001152269837985431 30.4
305 0.001353063890726261 30.5
306 0.001554139077666136 30.6
307 0.001755449454712625 30.7
308 0.001956941000202922 30.8
309 0.002158476594213772 30.9
310 0.002359966116350414 31
311 0.002561335865311703 31.1
312 0.002762540710737459 31.2
313 0.002963510895525111 31.3
314 0.003164216012524322 31.4
315 0.003364682588360935 31.5
316 0.003564982993795367 31.6
317 0.003765173346166765 31.7
318 0.003965308559240273 31.8
319 0.004165409072787504 31.9
320 0.004365479367024338 32
321 0.004565509919252092 32.1
322 0.004753963643957183 32.2
323 0.004942664295888579 32.3
324 0.005131476442945163 32.4
325 0.005320230376286351 32.5
326 0.005508644799255364 32.6
327 0.005696469007512679 32.7
328 0.005884620848046504 32.8
329 0.006073019456389009 32.9
330 0.006261423447044373 33
331 0.006449202584646009 33.1
332 0.006637621524371341 33.2
333 0.006825413465692167 33.3
334 0.007012784035692369 33.4
335 0.007199958886853868 33.5
336 0.007387592031962638 33.6
337 0.007574874616656302 33.7
338 0.007761963791878978 33.8
339 0.00794907986890187 33.9
340 0.008135879659270576 34
341 0.008323171676137654 34.1
342 0.008510071815831731 34.2
343 0.008697082955709159 34.3
344 0.00888390263880709 34.4
345 0.00907123580484131 34.5
346 0.009257753572025474 34.6
347 0.009444042487091592 34.7
348 0.009630963677656819 34.8
349 0.009817709383259881 34.9
350 0.01000484015263996 35
351 0.01019169475448885 35.1
352 0.01037842270711747 35.2
353 0.01056478909766533 35.3
354 0.01075118929072508 35.4
355 0.01093747672188546 35.5
356 0.01112394303911303 35.6
357 0.0113096186007675 35.7
358 0.01149574113780061 35.8
359 0.01168162546426756 35.9
360 0.01186834165762389 36
361 0.01205451145190361 36.1
362 0.0122404514636761 36.2
363 0.01242605637031213 36.3
364 0.01261225887679003 36.4
365 0.01279799349996975 36.5
366 0.01298377721353669 36.6
367 0.01316903116022652 36.7
368 0.01335465754694493 36.8
369 0.01353991291347777 36.9
370 0.01372552513193736 37
371 0.01391158799546623 37.1
372 0.0140967330591336 37.2
373 0.01428200755681498 37.3
374 0.01446746524259641 37.4
375 0.01465255529183717 37.5
376 0.01483733101812089 37.6
377 0.01502219340837148 37.7
378 0.01520748738190143 37.8
379 0.01539268002811622 37.9
380 0.01557775244139494 38
381 0.01576289052321853 38.1
382 0.01594763115251892 38.2
383 0.01613217006765423 38.3
384 0.01631656414751514 38.40000000000001
385 0.01650089461263825 38.5
386 0.01668550051040803 38.6
387 0.01687009861034176 38.7
388 0.01705501556716311 38.8
389 0.01723960718288524 38.90000000000001
390 0.01742374452500179 39
391 0.01760832627704826 39.1
392 0.01779278211391471 39.2
393 0.01797718596421842 39.3
394 0.01816154197448556 39.40000000000001
395 0.01834592766995073 39.5
396 0.01852971594201551 39.6
397 0.01871363557241033 39.7
398 0.01889790616591648 39.8
399 0.0190819929038905 39.90000000000001
400 0.01926537588723069 40
401 0.01944959736015041 40.1
402 0.01963353176529653 40.2
403 0.01981683604629558 40.3
404 0.02000038550260982 40.40000000000001
405 0.02018356502940968 40.5
406 0.02036657926981407 40.6
407 0.02054973338726054 40.7
408 0.02073353004909912 40.8
409 0.02091669185623099 40.90000000000001
410 0.02109977469896972 41
411 0.02128275042113948 41.1
412 0.02146597053796117 41.2
413 0.02164889624677534 41.3
414 0.02183180377290075 41.40000000000001
415 0.02201491461381401 41.5
416 0.02219784078549574 41.6
417 0.02238027152699457 41.7
418 0.02256291755426909 41.8
419 0.02274586688155809 41.90000000000001
420 0.02292866985205003 42
421 0.02311139810762728 42.1
422 0.02329362524895449 42.2
423 0.02347654395288143 42.3
424 0.0236592159013668 42.40000000000001
425 0.02384188061568164 42.5
426 0.02402447227864416 42.6
427 0.02420681459282921 42.7
428 0.02438938764032509 42.8
429 0.02457176040346251 42.90000000000001
430 0.02475407869572815 43
431 0.02493647168635938 43.1
432 0.02511863583593557 43.2
433 0.0253001267697095 43.3
434 0.02548218746259429 43.40000000000001
435 0.02566399033637929 43.5
436 0.02584586651326983 43.6
437 0.02602770379358705 43.7
438 0.0262092232892247 43.8
439 0.02639068139370287 43.90000000000001
440 0.0265718687398934 44
441 0.02675297014613687 44.1
442 0.0269343104039181 44.2
443 0.02711595594054268 44.3
444 0.0272973516976242 44.40000000000001
445 0.02747863459722319 44.5
446 0.02765959632034607 44.6
447 0.02784034188161271 44.7
448 0.02802160483654143 44.8
449 0.02820217677578419 44.90000000000001
450 0.02838326802385589 45
451 0.02856447377928486 45.1
452 0.0287456660331055 45.2
453 0.02892602212329668 45.3
454 0.02910687801171753 45.40000000000001
455 0.02928775624670887 45.5
456 0.02946864920743768 45.6
457 0.02964953272797034 45.7
458 0.02983004259567621 45.8
459 0.03001080438468613 45.90000000000001
460 0.03019112886142203 46
461 0.03037164974308015 46.1
462 0.03055214271753316 46.2
463 0.03073227260030748 46.3
464 0.03091203536996804 46.40000000000001
465 0.03109175233294495 46.5
466 0.03127223577756659 46.6
467 0.03145255441024451 46.7
468 0.03163304215465423 46.8
469 0.03181296841469784 46.90000000000001
470 0.0319926152399612 47
471 0.0321720435021712 47.1
472 0.0323519074681879 47.2
473 0.03253182766819956 47.3
474 0.03271146336852224 47.40000000000001
475 0.03289134489505117 47.5
476 0.03307052724347884 47.6
477 0.03324984462422416 47.7
478 0.03342901890497458 47.8
479 0.03360815121667424 47.90000000000001
480 0.0337875867257029 48
481 0.03396692562705266 48.1
482 0.03414615923414733 48.2
483 0.03432589590736397 48.3
484 0.03450460733996364 48.40000000000001
485 0.03468342672969383 48.5
486 0.0348627427884072 48.6
487 0.03504189973598015 48.7
488 0.03522108078986545 48.8
489 0.03539973209996666 48.90000000000001
490 0.03557829311435193 49
491 0.03575704795360714 49.1
492 0.03593577645757352 49.2
493 0.03611445576928098 49.3
494 0.03629330442820976 49.40000000000001
495 0.0364722698510578 49.5
496 0.03665095043090768 49.6
497 0.03682975237798505 49.7
498 0.03700835726345691 49.8
499 0.03718643004638755 49.90000000000001
500 0.03736459885854845 50
501 0.03738362224622657 50.01
502 0.03740287842457435 50.02
503 0.03742239763351856 50.03
504 0.03744209808178206 50.04
505 0.03746200829902397 50.05
506 0.0374821215597082 50.06
507 0.03750232966796276 50.07
508 0.03752234333358698 50.08
509 0.03754206271494053 50.09
510 0.03756148360882441 50.1
511 0.03758074545537316 50.11
512 0.03760001005571657 50.12
513 0.03761947522363717 50.13
514 0.03763936846976304 50.14
515 0.03765991025360229 50.15
516 0.03768125689204439 50.16
517 0.0377036108711048 50.17
518 0.03772706328531657 50.18
519 0.03775168610199756 50.19
520 0.0377775193675829 50.2
521 0.0378046013219464 50.21
522 0.03783295351924341 50.22
523 0.03786267726233698 50.23
524 0.03789389100502327 50.24
525 0.03792673038584941 50.25
526 0.0379612560962993 50.26
527 0.03799756738497218 50.27
528 0.03803591460508096 50.28
529 0.03807625109678806 50.29
530 0.03811881326566782 50.3
531 0.038163733938021 50.31
532 0.0382111519415546 50.32
533 0.03826120869100294 50.33
534 0.03831408242169394 50.34
535 0.03836994588029786 50.35
536 0.03842898207182905 50.36
537 0.03849136440408433 50.37
538 0.03855731081665162 50.38
539 0.03862666241774035 50.39
540 0.03869956208383499 50.4
541 0.03877634468945302 50.41
542 0.03885699469961173 50.42
543 0.03894127900838768 50.43
544 0.03902947114708588 50.44
545 0.03912166807369506 50.45
546 0.03921381952265235 50.46
547 0.03929604432954657 50.47
548 0.03935024166421371 50.48
549 0.03935492388655463 50.49
550 0.03928353229867939 50.5
551 0.03909850597773186 50.51
552 0.03875397615480652 50.52
553 0.03820047397262836 50.53
554 0.03735044184148472 50.54
555 0.03613376121475514 50.55
556 0.03458716194259395 50.56
557 0.03279768980848041 50.57
558 0.03079138087785807 50.58
559 0.02860415663548063 50.59
560 0.02627579917816142 50.6
561 0.02391488659699658 50.61
562 0.02167970007845743 50.62
563 0.01968567113457066 50.63
564 0.01798039779107026 50.64
565 0.01655144516527438 50.65
566 0.01534196147074154 50.66
567 0.01427823834426005 50.67
568 0.01329365855522708 50.68
569 0.01232884502457576 50.69
570 0.01135190342317224 50.7
571 0.0103704229724323 50.71
572 0.009398494956591353 50.72
573 0.008461575420432629 50.73
574 0.007575462320491388 50.74
575 0.006750688403573625 50.75
576 0.005990527809202168 50.76
577 0.005291997371202346 50.77
578 0.004652202752232741 50.78
579 0.004068973103955859 50.79
580 0.003541016460980864 50.8
581 0.003067236269199736 50.81
582 0.002645934304445105 50.82
583 0.002272401060464185 50.83
584 0.001948472188352611 50.84
585 0.001680310246066586 50.85
586 0.001457093149070244 50.86
587 0.00125821261120886 50.87
588 0.001077566072619428 50.88
589 0.0009132382096470671 50.89
590 0.0007642499614453623 50.9
591 0.0006301765867419007 50.91
592 0.0005108837729250231 50.92
593 0.0004040946311549358 50.93
594 0.0003112292108015008 50.94
595 0.0002315301507257676 50.95
596 0.0001672079035261257 50.96
597 0.0001163282205453102 50.97
598 7.757233747817542e-05 50.98
599 5.045838867271441e-05 50.99
600 3.344736921454209e-05 51
601 2.286656121366388e-05 51.01
602 1.790916320728366e-05 51.02
603 1.615859347833144e-05 51.03
604 1.595060308874205e-05 51.04
605 1.613177919277535e-05 51.05
606 1.641589765276781e-05 51.06
607 1.67830959228258e-05 51.07
608 1.721676348221457e-05 51.08
609 1.775536873748194e-05 51.09
610 1.837859017275954e-05 51.1
611 1.91006511693681e-05 51.11
612 1.991608742193074e-05 51.12
613 2.084186564418712e-05 51.13
614 2.18964683935256e-05 51.14
615 2.309696903669135e-05 51.15
616 2.449983514623532e-05 51.16
617 2.609181126703268e-05 51.17
618 2.788836394861053e-05 51.18
619 2.988138368883272e-05 51.19
620 3.212588370267114e-05 51.2
621 3.464114783064917e-05 51.21
622 3.742108444524091e-05 51.22
623 4.053225281315864e-05 51.23
624 4.395810926400886e-05 51.24
625 4.757545711558911e-05 51.25
626 5.182077574771155e-05 51.26
627 5.633920219802405e-05 51.27
628 6.112012545831564e-05 51.28
629 6.611155140894776e-05 51.29
630 7.114130270561704e-05 51.3
631 7.61160064441307e-05 51.31
632 8.102144356262749e-05 51.32
633 8.602796782102388e-05 51.33
634 9.08619855983453e-05 51.34
635 9.546471540863399e-05 51.35
636 9.957344299341864e-05 51.36
637 0.0001032281909852726 51.37
638 0.000106102827093555 51.38
639 0.0001083938279746605 51.39
640 0.0001100915363660335 51.4
641 0.0001109878951334031 51.41
642 0.0001107763927625964 51.42
643 0.0001093582413825707 51.43
644 0.0001068077466782316 51.44
645 0.0001032919160092307 51.45
646 9.898895298119256e-05 51.46
647 9.417670832183645e-05 51.47
648 8.908414682835227e-05 51.48
649 8.387843161580202e-05 51.49
650 7.869779668938706e-05 51.5
651 7.370279372592538e-05 51.51
652 6.894406530210302e-05 51.52
653 6.444404507576493e-05 51.53
654 6.024606305924953e-05 51.54
655 5.635438226670292e-05 51.55
656 5.278594070410299e-05 51.56
657 4.951864672569317e-05 51.57
658 4.647490720505546e-05 51.58
659 4.363847041113809e-05 51.59
660 4.096383142578827e-05 51.6
661 3.845883296993642e-05 51.61
662 3.611483052153452e-05 51.62
663 3.393469140294633e-05 51.63
664 3.192273995077253e-05 51.64
665 3.007600703325052e-05 51.65
666 2.838933447687256e-05 51.66
667 2.683285515582599e-05 51.67
668 2.54218083775356e-05 51.68
669 2.410866515359003e-05 51.69
670 2.290580599448838e-05 51.7
671 2.180804970546171e-05 51.71
672 2.080008052987008e-05 51.72
673 1.986200207747944e-05 51.73
674 1.89890396485984e-05 51.74
675 1.817307556336586e-05 51.75
676 1.746952325806432e-05 51.76
677 1.687684054312236e-05 51.77
678 1.636809708332986e-05 51.78
679 1.592093319534675e-05 51.79
680 1.551500840621353e-05 51.8
681 1.513959194175452e-05 51.81
682 1.475181152562634e-05 51.82
683 1.437114643672802e-05 51.83
684 1.400211144008416e-05 51.84
685 1.364504086491344e-05 51.85
686 1.330788599967539e-05 51.86
687 1.299098199459933e-05 51.87
688 1.269857165007939e-05 51.88
689 1.243526923470378e-05 51.89
690 1.219292561431228e-05 51.9
691 1.197545819192394e-05 51.91
692 1.17853753353013e-05 51.92
693 1.161979133369888e-05 51.93
694 1.147937426764681e-05 51.94
695 1.136352359394476e-05 51.95
696 1.127225796823086e-05 51.96
697 1.120552305013528e-05 51.97
698 1.116073273398011e-05 51.98
699 1.114138279682016e-05 51.99
700 1.114854864522445e-05 52
701 1.117044845077077e-05 52.01
702 1.122534172846728e-05 52.02
703 1.130368150461345e-05 52.03
704 1.138458463818581e-05 52.04
705 1.151306590388673e-05 52.05
706 1.165786247812239e-05 52.06
707 1.182939174769902e-05 52.07
708 1.202856359080945e-05 52.08
709 1.225661810011635e-05 52.09
710 1.251476061105327e-05 52.1
711 1.28074186474705e-05 52.11
712 1.313344592497151e-05 52.12
713 1.349250469935627e-05 52.13
714 1.388983346314673e-05 52.14
715 1.432611012079983e-05 52.15
716 1.479931215509127e-05 52.16
717 1.531187535404986e-05 52.17
718 1.586868037666304e-05 52.18
719 1.647308339139427e-05 52.19
720 1.712699790407343e-05 52.2
721 1.783021648690321e-05 52.21
722 1.858708359778518e-05 52.22
723 1.940046059546676e-05 52.23
724 2.028209330689129e-05 52.24
725 2.12188375448249e-05 52.25
726 2.221652014359564e-05 52.26
727 2.328283820163748e-05 52.27
728 2.443955311956722e-05 52.28
729 2.564427562140066e-05 52.29
730 2.692916136653539e-05 52.3
731 2.828588755240327e-05 52.31
732 2.971830476038056e-05 52.32
733 3.122413877188417e-05 52.33
734 3.281762238950495e-05 52.34
735 3.448778086094095e-05 52.35
736 3.623750270984077e-05 52.36
737 3.80468278555269e-05 52.37
738 3.991624250167056e-05 52.38
739 4.182647421389378e-05 52.39
740 4.378581354338364e-05 52.4
741 4.577533029815399e-05 52.41
742 4.778591565718629e-05 52.42
743 4.98206116876216e-05 52.43
744 5.188616453689193e-05 52.44
745 5.389406661414977e-05 52.45
746 5.600506722712046e-05 52.46
747 5.814082023046011e-05 52.47
748 6.033316404064357e-05 52.48
749 6.242503474010345e-05 52.49
750 6.457129152455022e-05 52.5
751 6.672410367670518e-05 52.51
752 6.8813653354642e-05 52.52
753 7.080537901911481e-05 52.53
754 7.268316800162674e-05 52.54
755 7.435647609908251e-05 52.55
756 7.58355155874177e-05 52.56
757 7.710726273664428e-05 52.57
758 7.814083530559008e-05 52.58
759 7.887679785909022e-05 52.59
760 7.936637336339239e-05 52.6
761 7.937060828943867e-05 52.61
762 7.906995323404232e-05 52.62
763 7.843751616690904e-05 52.63
764 7.739753736756913e-05 52.64
765 7.601961779257996e-05 52.65
766 7.427653235071512e-05 52.66
767 7.223085176976788e-05 52.67
768 6.993032281745391e-05 52.68
769 6.743500404638148e-05 52.69
770 6.480033171683094e-05 52.7
771 6.205698037411155e-05 52.71
772 5.926402409567383e-05 52.72
773 5.643460473902585e-05 52.73
774 5.356403345766472e-05 52.74
775 5.074627178215365e-05 52.75
776 4.801078982828997e-05 52.76
777 4.545789260157234e-05 52.77
778 4.299641577482686e-05 52.78
779 4.069976026960487e-05 52.79
780 3.845036216097657e-05 52.8
781 3.630767299584943e-05 52.81
782 3.429296458171647e-05 52.82
783 3.239452314186806e-05 52.83
784 3.059095817454283e-05 52.84
785 2.891608528430911e-05 52.85
786 2.735043917077265e-05 52.86
787 2.589303709183993e-05 52.87
788 2.453191271277313e-05 52.88
789 2.326524567266078e-05 52.89
790 2.209233563777021e-05 52.9
791 2.100793135919911e-05 52.91
792 1.999898429529239e-05 52.92
793 1.907216926377594e-05 52.93
794 1.820150682729172e-05 52.94
795 1.740168529863984e-05 52.95
796 1.665973254923993e-05 52.96
797 1.596266366620899e-05 52.97
798 1.532060303860046e-05 52.98
799 1.470385989269324e-05 52.99
800 1.418112068778316e-05 53
801 1.373776804382641e-05 53.01
802 1.336361303187811e-05 53.02
803 1.303377283879944e-05 53.03
804 1.272708255923439e-05 53.04
805 1.242641907711779e-05 53.05
806 1.215683837310836e-05 53.06
807 1.19212036116493e-05 53.07
808 1.170127194691327e-05 53.08
809 1.148843515720619e-05 53.09
810 1.128847886964646e-05 53.1
811 1.109965813065866e-05 53.11
812 1.092531384234311e-05 53.12
813 1.07681479148525e-05 53.13
814 1.061940949392883e-05 53.14
815 1.048569355503605e-05 53.15
816 1.03669226551248e-05 53.16
817 1.026170228947195e-05 53.17
818 1.017242628971792e-05 53.18
819 1.009854649898557e-05 53.19
820 1.003915587953094e-05 53.2
821 9.995667280282658e-06 53.21
822 9.965262040343638e-06 53.22
823 9.94939090785473e-06 53.23
824 9.948816091299312e-06 53.24
825 9.961287655539296e-06 53.25
826 9.988516477878889e-06 53.26
827 1.003033921281721e-05 53.27
828 1.008751663201314e-05 53.28
829 1.015941739449182e-05 53.29
830 1.024560866641383e-05 53.3
831 1.034771572649112e-05 53.31
832 1.046784303131873e-05 53.32
833 1.060694054923704e-05 53.33
834 1.076715461519917e-05 53.34
835 1.094438420443679e-05 53.35
836 1.113721407873453e-05 53.36
837 1.134824537693087e-05 53.37
838 1.158082833084098e-05 53.38
839 1.183528851846503e-05 53.39
840 1.211489417002125e-05 53.4
841 1.24210496529124e-05 53.41
842 1.275457881055993e-05 53.42
843 1.311334437123383e-05 53.43
844 1.349791695458823e-05 53.44
845 1.391196128972682e-05 53.45
846 1.435729947347465e-05 53.46
847 1.483383861324163e-05 53.47
848 1.534281423316908e-05 53.48
849 1.589049135503477e-05 53.49
850 1.647688658625341e-05 53.5
851 1.710756613570946e-05 53.51
852 1.778280915380067e-05 53.52
853 1.850459563982782e-05 53.53
854 1.92743391513015e-05 53.54
855 2.008952656216641e-05 53.55
856 2.095854032492587e-05 53.56
857 2.188456583644815e-05 53.57
858 2.286717479482989e-05 53.58
859 2.390484766883938e-05 53.59
860 2.500106494687366e-05 53.6
861 2.615578306002534e-05 53.61
862 2.737458239994511e-05 53.62
863 2.865684972130508e-05 53.63
864 3.000607825602984e-05 53.64
865 3.143250377015545e-05 53.65
866 3.293384834047595e-05 53.66
867 3.448758134042075e-05 53.67
868 3.608760208394401e-05 53.68
869 3.771543083249888e-05 53.69
870 3.938357334624937e-05 53.7
871 4.108626629044199e-05 53.71
872 4.281606973414456e-05 53.72
873 4.456138703335114e-05 53.73
874 4.633967933924081e-05 53.74
875 4.813869424494204e-05 53.75
876 4.994880831816142e-05 53.76
877 5.175280263200844e-05 53.77
878 5.356139702696999e-05 53.78
879 5.532095954900616e-05 53.79
880 5.703333249017951e-05 53.8
881 5.878712875068843e-05 53.81
882 6.049792026491894e-05 53.82
883 6.219703884939783e-05 53.83
884 6.386587598546244e-05 53.84
885 6.548861687274705e-05 53.85
886 6.705750995105903e-05 53.86
887 6.855339512923156e-05 53.87
888 6.999331623492107e-05 53.88
889 7.131040427286572e-05 53.89
890 7.247153495286131e-05 53.9
891 7.332601821070793e-05 53.91
892 7.388758609880743e-05 53.92
893 7.409630410472937e-05 53.93
894 7.393001452942164e-05 53.94
895 7.349621709840672e-05 53.95
896 7.280898026604282e-05 53.96
897 7.176518738633451e-05 53.97
898 7.042157602701975e-05 53.98
899 6.873930714150424e-05 53.99
900 6.673789439537381e-05 54
901 6.447220688568239e-05 54.01
902 6.200213282252206e-05 54.02
903 5.9397768505977e-05 54.03
904 5.670921866008149e-05 54.04
905 5.396703046692792e-05 54.05
906 5.118971468263877e-05 54.06
907 4.850472434216778e-05 54.07
908 4.589182000995438e-05 54.08
909 4.349377675629572e-05 54.09
910 4.122365532791172e-05 54.1
911 3.906821588475002e-05 54.11
912 3.708604734856182e-05 54.12
913 3.518639239941721e-05 54.13
914 3.335898376238254e-05 54.14
915 3.16430916005142e-05 54.15
916 3.000936456757964e-05 54.16
917 2.849858943316369e-05 54.17
918 2.705625126157348e-05 54.18
919 2.569749156801993e-05 54.19
920 2.440763217880698e-05 54.2
921 2.320625121774972e-05 54.21
922 2.207286326402588e-05 54.22
923 2.098088715265406e-05 54.23
924 2.000723490764967e-05 54.24
925 1.907047140212693e-05 54.25
926 1.819983191585634e-05 54.26
927 1.738200037731015e-05 54.27
928 1.664953911221482e-05 54.28
929 1.594596533443862e-05 54.29
930 1.52553339605918e-05 54.3
931 1.467553683310903e-05 54.31
932 1.410842519454349e-05 54.32
933 1.360315648826444e-05 54.33
934 1.315948028867544e-05 54.34
935 1.273365590964466e-05 54.35
936 1.235152265387294e-05 54.36
937 1.202264127048724e-05 54.37
938 1.169390831506123e-05 54.38
939 1.135936205782389e-05 54.39
940 1.108425510972255e-05 54.4
941 1.085274236254662e-05 54.41
942 1.064420194416462e-05 54.42
943 1.045024757305451e-05 54.43
944 1.027241121254127e-05 54.44
945 1.010382693248912e-05 54.45
946 9.948330039570506e-06 54.46
947 9.806549324444157e-06 54.47
948 9.678813802861233e-06 54.48
949 9.562874976092681e-06 54.49
950 9.461771633179392e-06 54.5
951 9.374301668042009e-06 54.51
952 9.302332877809005e-06 54.52
953 9.242075430038006e-06 54.53
954 9.19670888272403e-06 54.54
955 9.162836649514483e-06 54.55
956 9.138900324352365e-06 54.56
957 9.129591298151715e-06 54.57
958 9.132134270415829e-06 54.58
959 9.146953207110783e-06 54.59
960 9.174681071491305e-06 54.6
961 9.213440139902657e-06 54.61
962 9.268326526821771e-06 54.62
963 9.337463622675299e-06 54.63
964 9.419816061166039e-06 54.64
965 9.513039099652109e-06 54.65
966 9.620460787474686e-06 54.66
967 9.741695010311186e-06 54.67
968 9.884578806253615e-06 54.68
969 1.003134923780617e-05 54.69
970 1.019329843222264e-05 54.7
971 1.038127188292694e-05 54.71
972 1.058480420386848e-05 54.72
973 1.080713895667873e-05 54.73
974 1.104932809293877e-05 54.74
975 1.130997788381564e-05 54.75
976 1.159324128145325e-05 54.76
977 1.189581772665849e-05 54.77
978 1.22184277668529e-05 54.78
979 1.25640213971444e-05 54.79
980 1.293089585546784e-05 54.8
981 1.33223616899084e-05 54.81
982 1.374357320515267e-05 54.82
983 1.41894763261545e-05 54.83
984 1.467368059859429e-05 54.84
985 1.517802861991951e-05 54.85
986 1.572009360791039e-05 54.86
987 1.629288134181645e-05 54.87
988 1.690440064004409e-05 54.88
989 1.755500653735632e-05 54.89
990 1.824314450533858e-05 54.9
991 1.897174439644107e-05 54.91
992 1.97460518092431e-05 54.92
993 2.055917321230679e-05 54.93
994 2.141988279670943e-05 54.94
995 2.23273457822073e-05 54.95
996 2.327219076981514e-05 54.96
997 2.426526712621934e-05 54.97
998 2.531668475445866e-05 54.98
999 2.64251171085345e-05 54.99
1000 2.760482684333384e-05 55
1001 2.876544775241975e-05 55.01
1002 3.007387124998373e-05 55.02
1003 3.134339629953922e-05 55.03
1004 3.274265666763699e-05 55.04
1005 3.413012943384716e-05 55.05
1006 3.553794655309891e-05 55.06
1007 3.696545088887459e-05 55.07
1008 3.84384224678905e-05 55.08
1009 3.993912706376641e-05 55.09
1010 4.14538154527547e-05 55.1
1011 4.297930750826133e-05 55.11
1012 4.446444108464049e-05 55.12
1013 4.604000479649642e-05 55.13
1014 4.751974392632165e-05 55.14
1015 4.904711445889535e-05 55.15
1016 5.055712235776401e-05 55.16
1017 5.205776584171924e-05 55.17
1018 5.353341452339294e-05 55.18
1019 5.498940017461446e-05 55.19
1020 5.638856417349646e-05 55.2
1021 5.775821506202388e-05 55.21
1022 5.909180866362213e-05 55.22
1023 6.038229184036883e-05 55.23
1024 6.153244918589056e-05 55.24
1025 6.248041785842282e-05 55.25
1026 6.321093809484841e-05 55.26
1027 6.377624446373152e-05 55.27
1028 6.418233013933575e-05 55.28
1029 6.440597393233939e-05 55.29
1030 6.445312704316956e-05 55.3
1031 6.433012712739801e-05 55.31
1032 6.405840583210112e-05 55.32
1033 6.350868484473697e-05 55.33
1034 6.271376035605636e-05 55.34
1035 6.157486953272842e-05 55.35
1036 6.007481738613461e-05 55.36
1037 5.8266472609205e-05 55.37
1038 5.620720177343052e-05 55.38
1039 5.396325590032621e-05 55.39
1040 5.159866358885641e-05 55.4
1041 4.918934726966466e-05 55.41
1042 4.674135393558413e-05 55.42
1043 4.429088260973022e-05 55.43
1044 4.186077427667952e-05 55.44
1045 3.961396962286253e-05 55.45
1046 3.751354217093366e-05 55.46
1047 3.554758711580318e-05 55.47
1048 3.368674601248263e-05 55.48
1049 3.193612998267385e-05 55.49
1050 3.030518522760728e-05 55.5
1051 2.87640320991051e-05 55.51
1052 2.731056979465952e-05 55.52
1053 2.599307695082638e-05 55.53
1054 2.467479149362848e-05 55.54
1055 2.344957355962646e-05 55.55
1056 2.231188180331524e-05 55.56
1057 2.124536070781609e-05 55.57
1058 2.02115464757091e-05 55.58
1059 1.923204468762219e-05 55.59
1060 1.836697161428514e-05 55.6
1061 1.756196688576696e-05 55.61
1062 1.679225333634636e-05 55.62
1063 1.608090982596741e-05 55.63
1064 1.548237973203068e-05 55.64
1065 1.484472548778041e-05 55.65
1066 1.428007300576011e-05 55.66
1067 1.379730963823075e-05 55.67
1068 1.330354216697501e-05 55.68
1069 1.288120358942845e-05 55.69
1070 1.250466283975606e-05 55.7
1071 1.214890861471823e-05 55.71
1072 1.184811135419329e-05 55.72
1073 1.157027665622697e-05 55.73
1074 1.132629453614354e-05 55.74
1075 1.110042027707877e-05 55.75
1076 1.088500575366004e-05 55.76
1077 1.068090746608042e-05 55.77
1078 1.050001368024064e-05 55.78
1079 1.033727043398615e-05 55.79
1080 1.018427218680035e-05 55.8
1081 1.003531947813188e-05 55.81
1082 9.899709563314304e-06 55.82
1083 9.780297157618864e-06 55.83
1084 9.677100076285875e-06 55.84
1085 9.593608038201687e-06 55.85
1086 9.527863278715035e-06 55.86
1087 9.47618673338738e-06 55.87
1088 9.439698112953219e-06 55.88
1089 9.416272105928614e-06 55.89
1090 9.403232637930051e-06 55.9
1091 9.40135404601288e-06 55.91
1092 9.413948262493809e-06 55.92
1093 9.434087264747782e-06 55.93
1094 9.465096839961451e-06 55.94
1095 9.510066442321685e-06 55.95
1096 9.574915201570065e-06 55.96
1097 9.62566542110167e-06 55.97
1098 9.699307664080562e-06 55.98
1099 9.783776814013169e-06 55.99
1100 9.878441029260644e-06 56
1101 9.980458673200764e-06 56.01
1102 1.009295595013672e-05 56.02
1103 1.023078811352973e-05 56.03
1104 1.038033253123533e-05 56.04
1105 1.050150185791754e-05 56.05
1106 1.064821997204102e-05 56.06
1107 1.081226408954171e-05 56.07
1108 1.09865150735623e-05 56.08
1109 1.11801020281396e-05 56.09
1110 1.140955112976082e-05 56.1
1111 1.167631273079385e-05 56.11
1112 1.19168645206632e-05 56.12
1113 1.218061670798544e-05 56.13
1114 1.2477752076265e-05 56.14
1115 1.280613887863909e-05 56.15
1116 1.314367831045176e-05 56.16
1117 1.350892089267752e-05 56.17
1118 1.388048701252103e-05 56.18
1119 1.430585575942249e-05 56.19
1120 1.469211150222518e-05 56.2
1121 1.517490136437121e-05 56.21
1122 1.566583071533208e-05 56.22
1123 1.618593127725106e-05 56.23
1124 1.673469739007279e-05 56.24
1125 1.731176861473865e-05 56.25
1126 1.791831903500795e-05 56.26
1127 1.855951171911403e-05 56.27
1128 1.924522471025494e-05 56.28
1129 1.994610399092018e-05 56.29
1130 2.06800142329663e-05 56.3
1131 2.145646706872955e-05 56.31
1132 2.226264539060065e-05 56.32
1133 2.311990473534853e-05 56.33
1134 2.40015384343014e-05 56.34
1135 2.490569828924606e-05 56.35
1136 2.58444429875487e-05 56.36
1137 2.680246485593449e-05 56.37
1138 2.779961906040331e-05 56.38
1139 2.882668886951466e-05 56.39
1140 2.988562035861595e-05 56.4
1141 3.097321346969663e-05 56.41
1142 3.206805050148616e-05 56.42
1143 3.317328945246418e-05 56.43
1144 3.429194731479601e-05 56.44
1145 3.540854398208678e-05 56.45
1146 3.651559633042039e-05 56.46
1147 3.762181309356956e-05 56.47
1148 3.872636627718247e-05 56.48
1149 3.981570253202539e-05 56.49
1150 4.089208608351611e-05 56.5
1151 4.196297892382639e-05 56.51
1152 4.30181340916714e-05 56.52
1153 4.404838544937927e-05 56.53
1154 4.507959403566666e-05 56.54
1155 4.604277691393036e-05 56.55
1156 4.68794179806972e-05 56.56
1157 4.759019701972816e-05 56.57
1158 4.821170366853101e-05 56.58
1159 4.877700497411013e-05 56.59
1160 4.928211263012587e-05 56.6
1161 4.970102570727658e-05 56.61
1162 5.003364592218674e-05 56.62
1163 5.028841143813571e-05 56.63
1164 5.046271857530978e-05 56.64
1165 5.056446274036615e-05 56.65
1166 5.051115567338333e-05 56.66
1167 5.02949303645137e-05 56.67
1168 4.992478852682646e-05 56.68
1169 4.934379729775408e-05 56.69
1170 4.856468012363167e-05 56.7
1171 4.757962686196943e-05 56.71
1172 4.639875772111365e-05 56.72
1173 4.505559456163242e-05 56.73
1174 4.359731672176114e-05 56.74
1175 4.202793819071725e-05 56.75
1176 4.037227644926851e-05 56.76
1177 3.867646811697642e-05 56.77
1178 3.697494948116391e-05 56.78
1179 3.526205873735563e-05 56.79
1180 3.35790957353127e-05 56.8
1181 3.197484278867266e-05 56.81
1182 3.049454674246765e-05 56.82
1183 2.910050718269262e-05 56.83
1184 2.779235346084965e-05 56.84
1185 2.655576285421642e-05 56.85
1186 2.538025580147548e-05 56.86
1187 2.423086411084355e-05 56.87
1188 2.315496473814906e-05 56.88
1189 2.216693911656019e-05 56.89
1190 2.124443379478541e-05 56.9
1191 2.034329146454251e-05 56.91
1192 1.949017547345107e-05 56.92
1193 1.873583020488598e-05 56.93
1194 1.800810458860275e-05 56.94
1195 1.734436305186603e-05 56.95
1196 1.671128851837907e-05 56.96
1197 1.606757545684976e-05 56.97
1198 1.550051199507961e-05 56.98
1199 1.494841272356755e-05 56.99
1200 1.445808211302836e-05 57
1201 1.401651519912929e-05 57.01
1202 1.361629491037194e-05 57.02
1203 1.32453448178468e-05 57.03
1204 1.29356335995996e-05 57.04
1205 1.265877048827127e-05 57.05
1206 1.239175973240876e-05 57.06
1207 1.214101542212789e-05 57.07
1208 1.190595004134522e-05 57.08
1209 1.169041486964542e-05 57.09
1210 1.149023736530828e-05 57.1
1211 1.130789519282125e-05 57.11
1212 1.1132176816809e-05 57.12
1213 1.098821210806221e-05 57.13
1214 1.086363153804923e-05 57.14
1215 1.075085188667384e-05 57.15
1216 1.065003965874515e-05 57.16
1217 1.056263841504349e-05 57.17
1218 1.049420787939049e-05 57.18
1219 1.044329062206721e-05 57.19
1220 1.040861254941717e-05 57.2
1221 1.038970175739312e-05 57.21
1222 1.038684427712318e-05 57.22
1223 1.04007549225364e-05 57.23
1224 1.042897959530655e-05 57.24
1225 1.047315638726178e-05 57.25
1226 1.053605066203257e-05 57.26
1227 1.062462617473074e-05 57.27
1228 1.073226195717383e-05 57.28
1229 1.086537978396498e-05 57.29
1230 1.100263163536281e-05 57.3
1231 1.115952491981151e-05 57.31
1232 1.133206318026336e-05 57.32
1233 1.152048856689303e-05 57.33
1234 1.171625358073052e-05 57.34
1235 1.192794864095909e-05 57.35
1236 1.215592821797102e-05 57.36
1237 1.240084988435986e-05 57.37
1238 1.266149278154222e-05 57.38
1239 1.293895638017765e-05 57.39
1240 1.326718499540639e-05 57.4
1241 1.359878431335529e-05 57.41
1242 1.395424311006285e-05 57.42
1243 1.432209385377162e-05 57.43
1244 1.471793205191074e-05 57.44
1245 1.514149791671423e-05 57.45
1246 1.559105019552458e-05 57.46
1247 1.607027768838018e-05 57.47
1248 1.657579434580906e-05 57.48
1249 1.710939129467391e-05 57.49
1250 1.766900865159106e-05 57.5
1251 1.825694400700574e-05 57.51
1252 1.887785601586017e-05 57.52
1253 1.953162594218341e-05 57.53
1254 2.021840621859421e-05 57.54
1255 2.093321059272474e-05 57.55
1256 2.167456018102444e-05 57.56
1257 2.244387464208304e-05 57.57
1258 2.325076012097368e-05 57.58
1259 2.40903599324982e-05 57.59
1260 2.495655307884786e-05 57.6
1261 2.585618477365067e-05 57.61
1262 2.675000989692026e-05 57.62
1263 2.765713461074665e-05 57.63
1264 2.858141254987388e-05 57.64
1265 2.952598101731745e-05 57.65
1266 3.048534372947288e-05 57.66
1267 3.14517099532465e-05 57.67
1268 3.242010394680871e-05 57.68
1269 3.339799811422864e-05 57.69
1270 3.436460968840877e-05 57.7
1271 3.534000267085256e-05 57.71
1272 3.630246260155609e-05 57.72
1273 3.725661893675916e-05 57.73
1274 3.822683370302735e-05 57.74
1275 3.916241464456841e-05 57.75
1276 3.999969095011982e-05 57.76
1277 4.075097393362047e-05 57.77
1278 4.144675011665129e-05 57.78
1279 4.210493023572887e-05 57.79
1280 4.27102295391416e-05 57.8
1281 4.327886539117443e-05 57.81
1282 4.379192296987096e-05 57.82
1283 4.425810596097937e-05 57.83
1284 4.466685615172006e-05 57.84
1285 4.495597484696785e-05 57.85
1286 4.512462289806972e-05 57.86
1287 4.517112663389037e-05 57.87
1288 4.502755986160169e-05 57.88
1289 4.468361844687582e-05 57.89
1290 4.422170422875839e-05 57.9
1291 4.360229349667966e-05 57.91
1292 4.280323376221338e-05 57.92
1293 4.182228169752292e-05 57.93
1294 4.073232696994484e-05 57.94
1295 3.962453095669093e-05 57.95
1296 3.853382886690989e-05 57.96
1297 3.737057386784009e-05 57.97
1298 3.612675001007031e-05 57.98
1299 3.481313347645975e-05 57.99
1300 3.346467360814906e-05 58
1301 3.217853335384282e-05 58.01
1302 3.095965037755116e-05 58.02
1303 2.967849764316427e-05 58.03
1304 2.850034839806575e-05 58.04
1305 2.73757309581994e-05 58.05
1306 2.629799163943289e-05 58.06
1307 2.521250555274514e-05 58.07
1308 2.423297041837212e-05 58.08
1309 2.329734623310969e-05 58.09
1310 2.241453511867747e-05 58.1
1311 2.157921874676417e-05 58.11
1312 2.078414094215569e-05 58.12
1313 1.998217958400097e-05 58.13
1314 1.926547941652791e-05 58.14
1315 1.860083500014798e-05 58.15
1316 1.797006882100193e-05 58.16
1317 1.73867512826899e-05 58.17
1318 1.68365913254448e-05 58.18
1319 1.630018711281495e-05 58.19
1320 1.578723460937198e-05 58.2
1321 1.531410484429367e-05 58.21
1322 1.485850917141775e-05 58.22
1323 1.444113669056958e-05 58.23
1324 1.405641717388358e-05 58.24
1325 1.369004839001721e-05 58.25
1326 1.334224416562818e-05 58.26
1327 1.300679819327002e-05 58.27
1328 1.272140976813788e-05 58.28
1329 1.245845180925205e-05 58.29
1330 1.222813182696658e-05 58.3
1331 1.2015238194475e-05 58.31
1332 1.181811576172442e-05 58.32
1333 1.163243340719969e-05 58.33
1334 1.148140499855786e-05 58.34
1335 1.135121195669457e-05 58.35
1336 1.123745169330046e-05 58.36
1337 1.114019547194139e-05 58.37
1338 1.105473918269059e-05 58.38
1339 1.100108516292067e-05 58.39
1340 1.096792004874047e-05 58.4
1341 1.095072090960642e-05 58.41
1342 1.094831102983243e-05 58.42
1343 1.095977402124372e-05 58.43
1344 1.098762038584322e-05 58.44
1345 1.102939280251088e-05 58.45
1346 1.108613745042038e-05 58.46
1347 1.1158451283394e-05 58.47
1348 1.124660823931681e-05 58.48
1349 1.135201809346469e-05 58.49
1350 1.147628814933099e-05 58.5
1351 1.16120936889746e-05 58.51
1352 1.177637121790645e-05 58.52
1353 1.196395244752025e-05 58.53
1354 1.215071934876024e-05 58.54
1355 1.23633116930805e-05 58.55
1356 1.259721230340538e-05 58.56
1357 1.285031065401918e-05 58.57
1358 1.31164418552483e-05 58.58
1359 1.339820276358929e-05 58.59
1360 1.369687507000473e-05 58.6
1361 1.403405840613473e-05 58.61
1362 1.435654319930286e-05 58.62
1363 1.470862342401316e-05 58.63
1364 1.510576778388823e-05 58.64
1365 1.552480902402364e-05 58.65
1366 1.595907010542846e-05 58.66
1367 1.640943234321848e-05 58.67
1368 1.68934219937522e-05 58.68
1369 1.7402808804762e-05 58.69
1370 1.793803893481328e-05 58.7
1371 1.847143724023674e-05 58.71
1372 1.906263580943032e-05 58.72
1373 1.968292307076063e-05 58.73
1374 2.03366633721366e-05 58.74
1375 2.101777013951532e-05 58.75
1376 2.173030500685326e-05 58.76
1377 2.246870941369068e-05 58.77
1378 2.32376691274915e-05 58.78
1379 2.403644006903853e-05 58.79
1380 2.486045953831221e-05 58.8
1381 2.570750792373793e-05 58.81
1382 2.657090507987111e-05 58.82
1383 2.744510584551032e-05 58.83
1384 2.834828353421252e-05 58.84
1385 2.925733861949172e-05 58.85
1386 3.017117979858327e-05 58.86
1387 3.108024341955234e-05 58.87
1388 3.199346983321156e-05 58.88
1389 3.292939774198988e-05 58.89
1390 3.384002941186518e-05 58.9
1391 3.466326984635621e-05 58.91
1392 3.545812036625023e-05 58.92
1393 3.622684288430252e-05 58.93
1394 3.698085110031243e-05 58.94
1395 3.769444825662901e-05 58.95
1396 3.837556138269911e-05 58.96
1397 3.901098462743965e-05 58.97
1398 3.961735588563362e-05 58.98
1399 4.015441466039529e-05 58.99
1400 4.057338588524497e-05 59
1401 4.082912442639121e-05 59.01
1402 4.090175457254737e-05 59.02
1403 4.079010709878505e-05 59.03
1404 4.05517008694401e-05 59.04
1405 4.017299311781727e-05 59.05
1406 3.962236054897662e-05 59.06
1407 3.891884334189553e-05 59.07
1408 3.809483869995429e-05 59.08
1409 3.722277568942568e-05 59.09
1410 3.63525339565659e-05 59.1
1411 3.543995179073672e-05 59.11
1412 3.450611028257307e-05 59.12
1413 3.355553282473655e-05 59.13
1414 3.261214461603246e-05 59.14
1415 3.169260412095483e-05 59.15
1416 3.079212613180851e-05 59.16
1417 2.989835321556717e-05 59.17
1418 2.90067972746758e-05 59.18
1419 2.812812951757929e-05 59.19
1420 2.72563062828933e-05 59.2
1421 2.63991946679256e-05 59.21
1422 2.554465201512024e-05 59.22
1423 2.470337405726199e-05 59.23
1424 2.389028845663248e-05 59.24
1425 2.309763954160047e-05 59.25
1426 2.232597014946159e-05 59.26
1427 2.158026455152813e-05 59.27
1428 2.086723613039353e-05 59.28
1429 2.018519186605805e-05 59.29
1430 1.953992383628122e-05 59.3
1431 1.892667212059807e-05 59.31
1432 1.833793166828446e-05 59.32
1433 1.778090793974055e-05 59.33
1434 1.725031300394061e-05 59.34
1435 1.676493161133942e-05 59.35
1436 1.62920826583587e-05 59.36
1437 1.585763442015549e-05 59.37
1438 1.545602706729871e-05 59.38
1439 1.504746631913854e-05 59.39
1440 1.470166017701206e-05 59.4
1441 1.440235656923919e-05 59.41
1442 1.413014788784828e-05 59.42
1443 1.387646517990948e-05 59.43
1444 1.364159464518184e-05 59.44
1445 1.342583544203381e-05 59.45
1446 1.322810195364331e-05 59.46
1447 1.304625342423701e-05 59.47
1448 1.290294027666824e-05 59.48
1449 1.278736776098923e-05 59.49
1450 1.269270404414693e-05 59.5
1451 1.261659830717028e-05 59.51
1452 1.255871132676306e-05 59.52
1453 1.251881569744639e-05 59.53
1454 1.249706523805168e-05 59.54
1455 1.249398944933191e-05 59.55
1456 1.250933070052042e-05 59.56
1457 1.254197056172653e-05 59.57
1458 1.259307398890147e-05 59.58
1459 1.266258049825552e-05 59.59
1460 1.274974132843558e-05 59.6
1461 1.285511684020378e-05 59.61
1462 1.29795652941726e-05 59.62
1463 1.312319934760806e-05 59.63
1464 1.328706585543382e-05 59.64
1465 1.347129197033167e-05 59.65
1466 1.366913591263351e-05 59.66
1467 1.389374157253202e-05 59.67
1468 1.413594447645212e-05 59.68
1469 1.4400881884233e-05 59.69
1470 1.468464345963886e-05 59.7
1471 1.499180948527938e-05 59.71
1472 1.532546066470568e-05 59.72
1473 1.564639520075964e-05 59.73
1474 1.605149347955703e-05 59.74
1475 1.644034215046062e-05 59.75
1476 1.683215664081182e-05 59.76
1477 1.72832024668787e-05 59.77
1478 1.77436659751057e-05 59.78
1479 1.822020914736967e-05 59.79
1480 1.872157179526819e-05 59.8
1481 1.924614371910527e-05 59.81
1482 1.980621082512416e-05 59.82
1483 2.038676919793296e-05 59.83
1484 2.099661663180868e-05 59.84
1485 2.162075759098511e-05 59.85
1486 2.226160203777412e-05 59.86
1487 2.29208685665599e-05 59.87
1488 2.359396100761364e-05 59.88
1489 2.427220556788125e-05 59.89
1490 2.496777829422906e-05 59.9
1491 2.570280355028934e-05 59.91
1492 2.638436296303097e-05 59.92
1493 2.70467558878035e-05 59.93
1494 2.773563648076533e-05 59.94
1495 2.837770361904191e-05 59.95
1496 2.899359781145688e-05 59.96
1497 2.959029870388292e-05 59.97
1498 3.017129485675166e-05 59.98
1499 3.074061046794746e-05 59.99
1500 3.130200682320835e-05 60
