"temperatura-rfile"
"Time Step" "temperatura etc.."
("Time Step" "temperatura" "flow-time")
0 342.5469063611134 0
1 337.513255812429 0.1
2 350.7371446641828 0.2
3 367.5091607745165 0.3
4 382.9518687850571 0.4
5 396.8159909641624 0.5
6 409.5756679592557 0.6000000000000001
7 420.6141875288545 0.7000000000000001
8 430.7287673079731 0.8
9 439.6083599268503 0.9
10 447.5555697200205 1
11 454.7369584540371 1.1
12 461.3342407698677 1.2
13 467.4318585890617 1.3
14 473.3170046752984 1.4
15 479.0257049981774 1.5
16 484.6813968378934 1.6
17 490.9953720967781 1.7
18 497.1302809073252 1.8
19 503.0995536391362 1.9
20 508.9028102264976 2
21 515.3487226238958 2.1
22 521.4521853391644 2.2
23 527.2329676131421 2.3
24 532.6945182129911 2.4
25 537.8458899725072 2.5
26 542.7029699102211 2.6
27 547.2814271340276 2.7
28 551.597527930429 2.8
29 555.6690000419509 2.9
30 559.5088512384447 3
31 563.1309484464584 3.1
32 566.5543600668186 3.2
33 569.7908032183016 3.3
34 572.8527636219486 3.4
35 575.7642242625686 3.5
36 578.5453241997832 3.6
37 581.2181331956367 3.7
38 583.8091285006851 3.8
39 586.3352745720326 3.9
40 588.823709806648 4
41 591.2795722859489 4.100000000000001
42 593.717811089412 4.2
43 596.1486158621288 4.3
44 598.5709354991985 4.4
45 600.9994183102533 4.5
46 603.4335117103788 4.600000000000001
47 605.8716695190273 4.7
48 608.3095919557752 4.800000000000001
49 610.7412330164884 4.9
50 613.1615495411831 5
51 615.5638264324357 5.100000000000001
52 617.9438074013271 5.2
53 620.2959828096647 5.300000000000001
54 622.616390030048 5.4
55 624.9027752659719 5.5
56 627.1510952796955 5.600000000000001
57 629.3625554250204 5.7
58 631.5355491523237 5.800000000000001
59 633.6698411401874 5.9
60 635.7665892719668 6
61 637.8284444055467 6.100000000000001
62 639.8552986313655 6.2
63 641.8468322998516 6.300000000000001
64 643.8120605530451 6.4
65 645.7508996927263 6.5
66 647.6688849373736 6.600000000000001
67 649.5711224566656 6.7
68 651.4583963018405 6.800000000000001
69 653.3339200499896 6.9
70 655.1999316913424 7
71 657.0575721088184 7.100000000000001
72 658.9077563074277 7.2
73 660.7512153417648 7.300000000000001
74 662.5879210616722 7.4
75 664.4202430210075 7.5
76 666.2434843270521 7.600000000000001
77 668.0578040195132 7.7
78 669.8610020416917 7.800000000000001
79 671.6519621325684 7.9
80 673.4299214608266 8
81 675.1939863337923 8.1
82 676.9437588539469 8.200000000000001
83 678.6767890135757 8.300000000000001
84 680.3939074822684 8.4
85 682.0952298414269 8.5
86 683.7805711542771 8.6
87 685.4501108472565 8.700000000000001
88 687.104370403517 8.800000000000001
89 688.7440923870037 8.9
90 690.3700801146947 9
91 691.9830241252977 9.1
92 693.5989141959867 9.200000000000001
93 694.7089114382081 9.300000000000001
94 696.0994700626113 9.4
95 697.5382393125469 9.5
96 698.5373589701059 9.600000000000001
97 699.8038430970674 9.700000000000001
98 701.1416115119979 9.800000000000001
99 702.0783952707689 9.9
100 703.2867620762406 10
101 704.1438336279251 10.1
102 705.2624963720793 10.2
103 706.0641198509031 10.3
104 707.1212047184628 10.4
105 707.8835950123187 10.5
106 708.8981857260295 10.6
107 709.6335580373423 10.7
108 710.6179474227465 10.8
109 711.3343475510869 10.9
110 712.2951617044914 11
111 712.9973960920274 11.1
112 713.9407220290868 11.2
113 714.6315056894947 11.3
114 715.5604236856493 11.4
115 716.2427993842838 11.5
116 717.1602611733401 11.6
117 717.8348666560062 11.7
118 718.7423678626776 11.8
119 719.4118318521946 11.9
120 720.3100986025231 12
121 720.9742530528647 12.1
122 721.8634745346899 12.2
123 722.5224613622955 12.3
124 723.4041937246494 12.4
125 724.059053459839 12.5
126 724.933538054512 12.6
127 725.5842194596983 12.7
128 726.4515437590441 12.8
129 727.0979755409609 12.9
130 727.9583057770064 13
131 728.6003187366701 13.1
132 729.4542664877349 13.2
133 730.0924244098927 13.3
134 730.9402850889728 13.4
135 731.5749244220452 13.5
136 732.4160916037695 13.6
137 733.0472481956128 13.7
138 733.8833753729108 13.8
139 734.5113805553211 13.9
140 735.3425377086062 14
141 735.9671283272221 14.1
142 736.7934651972579 14.2
143 737.4147517422126 14.3
144 738.2357322400049 14.4
145 738.8537502611766 14.5
146 739.6701497865531 14.6
147 740.2849776398986 14.7
148 741.094965051593 14.8
149 741.7077293296744 14.9
150 742.5132884391217 15
151 743.1233461900962 15.1
152 743.9242350609453 15.2
153 744.5300606358659 15.3
154 745.3258177577649 15.4
155 745.9292296635981 15.5
156 746.7208784350759 15.6
157 747.3215273617845 15.7
158 748.1084628776856 15.8
159 748.7060968120827 15.9
160 749.4878225807511 16
161 750.0826233532176 16.1
162 750.8593670528277 16.2
163 751.4510989303453 16.3
164 752.2225066412562 16.4
165 752.811371573058 16.5
166 753.5784621316463 16.6
167 754.1646571743314 16.7
168 754.9267072191755 16.8
169 755.510224871403 16.9
170 756.2671403942298 17
171 756.8476605952829 17.1
172 757.6004256341303 17.2
173 758.1784878526551 17.3
174 758.9221876630463 17.4
175 759.5051503564312 17.5
176 760.2424583410321 17.6
177 760.8223322479564 17.7
178 761.5548359892991 17.8
179 762.1323548639275 17.9
180 762.860040003261 18
181 763.4352753850125 18.1
182 764.1587713707548 18.2
183 764.7313149272276 18.3
184 765.450436180695 18.4
185 766.0207526362866 18.5
186 766.7356530005478 18.6
187 767.3038189203288 18.7
188 768.0142539101957 18.8
189 768.5799501220824 18.9
190 769.2837476016169 19
191 769.8415063519882 19.1
192 770.5431039520048 19.2
193 771.0995913125223 19.3
194 771.8041387976917 19.4
195 772.3615098076582 19.5
196 773.0559825815558 19.6
197 773.6083752700367 19.7
198 774.2986591019301 19.8
199 774.8547764815636 19.9
200 775.5405969383526 20
201 776.0949954936863 20.1
202 776.7803348895002 20.2
203 777.3281047847817 20.3
204 778.0029248266902 20.4
205 778.5517652746319 20.5
206 779.2296973697944 20.6
207 779.7718249138993 20.7
208 780.4464389592401 20.8
209 780.9868782507276 20.9
210 781.6548792961671 21
211 782.1927232918299 21.1
212 782.8575127437414 21.2
213 783.3932625390038 21.3
214 784.0553448604576 21.4
215 784.5892281542754 21.5
216 785.2447390804319 21.6
217 785.7751758083929 21.7
218 786.4263105861293 21.8
219 786.9543645245388 21.9
220 787.5999331925755 22
221 788.1262728849589 22.1
222 788.7717274173193 22.2
223 789.297125018063 22.3
224 789.9352120673141 22.4
225 790.4571590003646 22.5
226 791.0931797469475 22.6
227 791.595365795872 22.7
228 792.2300713050048 22.8
229 792.7512190317374 22.9
230 793.3830501139124 23
231 793.8835127902977 23.1
232 794.5146761906863 23.2
233 795.016862075462 23.3
234 795.6477528414011 23.4
235 796.147038854823 23.5
236 796.775320935183 23.6
237 797.2716322071401 23.7
238 797.8827072975895 23.8
239 798.3890106493865 23.9
240 798.7294416619253 24
241 799.2491520099612 24.1
242 799.7185490781252 24.2
243 800.278076647819 24.3
244 800.7547549004864 24.4
245 801.0598712310583 24.5
246 801.4900873039746 24.6
247 801.9226444769851 24.7
248 802.198434979741 24.8
249 802.6109513063961 24.9
250 803.030664573124 25
251 803.2837281456535 25.1
252 803.683243068022 25.2
253 804.0978893175974 25.3
254 804.3458077893838 25.4
255 804.7625075058825 25.5
256 805.1755112339254 25.6
257 805.4070537550867 25.7
258 805.8301702110334 25.8
259 806.2489515158662 25.9
260 806.4352900432755 26
261 806.8107548783239 26.1
262 807.227894584041 26.2
263 807.387535809385 26.3
264 807.738089150663 26.4
265 808.153645564588 26.5
266 808.2698340155636 26.6
267 808.6058940126433 26.7
268 809.0256257844649 26.8
269 809.0951269963082 26.9
270 809.3763836212329 27
271 809.6285574919539 27.1
272 809.662782134001 27.2
273 809.8960189960927 27.3
274 810.0723861778642 27.4
275 809.9550287427656 27.5
276 810.0471042181077 27.6
277 810.0541772320543 27.7
278 809.8052992895744 27.8
279 809.7800255614876 27.9
280 809.4246755174648 28
281 809.3275481491872 28.1
282 808.8836746502878 28.2
283 808.7290813540417 28.3
284 808.2692531017061 28.4
285 808.1199326065274 28.5
286 807.7855605070363 28.6
287 807.7123567166553 28.7
288 807.3908711311525 28.8
289 807.0936805235461 28.9
290 806.866994867835 29
291 806.468797871986 29.1
292 805.8346061618848 29.2
293 805.6416579751439 29.3
294 805.2811919835719 29.4
295 804.7541717218076 29.5
296 804.6399852414403 29.6
297 804.2359832173125 29.7
298 803.3645822183074 29.8
299 802.9978005109874 29.9
300 801.6223602486024 30
301 800.904321768189 30.1
302 799.4111927514456 30.2
303 798.062081000126 30.3
304 796.2799326295823 30.4
305 794.4581459152355 30.5
306 793.0605700864467 30.6
307 791.9923744384416 30.7
308 791.1784625931572 30.8
309 790.5585232031746 30.9
310 790.0893571420125 31
311 789.7281823586396 31.1
312 789.4458527571537 31.2
313 789.2277611768267 31.3
314 789.0525511853417 31.4
315 788.9082207162168 31.5
316 788.7850528707348 31.6
317 788.6780862694179 31.7
318 788.583975266125 31.8
319 788.4971200383005 31.9
320 788.4169039789916 32
321 788.3451020533665 32.1
322 788.3251673238345 32.2
323 788.38983888964 32.3
324 788.4425661458647 32.4
325 788.4836940307497 32.5
326 788.5174657112309 32.6
327 788.545061316981 32.7
328 788.5677008172551 32.8
329 788.5862720478334 32.9
330 788.601539859838 33
331 788.6126157950569 33.1
332 788.6216161957161 33.2
333 788.6290004767767 33.3
334 788.6350742154228 33.4
335 788.6400985184846 33.5
336 788.6442424783555 33.6
337 788.6464795939037 33.7
338 788.6482634607323 33.8
339 788.6496638386404 33.9
340 788.6508122766344 34
341 788.6517219097018 34.1
342 788.6525076284698 34.2
343 788.652055295714 34.3
344 788.6516047385511 34.4
345 788.6511870805278 34.5
346 788.6508182388462 34.6
347 788.6504528291753 34.7
348 788.6501615881149 34.8
349 788.6488637699675 34.9
350 788.6476741042692 35
351 788.6466595771781 35.1
352 788.6458156859776 35.2
353 788.6450826640425 35.3
354 788.6444535822949 35.4
355 788.6429177211925 35.5
356 788.6415356443614 35.6
357 788.6403552460946 35.7
358 788.6393471619508 35.8
359 788.6384901469743 35.9
360 788.6378026287465 36
361 788.6361645895754 36.1
362 788.634735288774 36.2
363 788.6334792713819 36.3
364 788.6324070226204 36.4
365 788.6315058828046 36.5
366 788.6307704568565 36.6
367 788.6291113978998 36.7
368 788.6276469196831 36.8
369 788.626394481072 36.9
370 788.6253377195898 37
371 788.6244425298963 37.1
372 788.6236869748218 37.2
373 788.6220294162819 37.3
374 788.6205225484241 37.4
375 788.6192645883083 37.5
376 788.6182032112498 37.6
377 788.6173201940887 37.7
378 788.6165538358438 37.8
379 788.6148962003535 37.9
380 788.6134188146965 38
381 788.612142998039 38.1
382 788.6110797602404 38.2
383 788.6101766057158 38.3
384 788.6094159130942 38.40000000000001
385 788.6077430194752 38.5
386 788.606259253741 38.6
387 788.6049817510522 38.7
388 788.6039008083399 38.8
389 788.6029786111665 38.90000000000001
390 788.6021821436809 39
391 788.6004769587908 39.1
392 788.5989778053013 39.2
393 788.5977126889637 39.3
394 788.5966317740583 39.40000000000001
395 788.5957237473696 39.5
396 788.5949374486094 39.6
397 788.5932390297376 39.7
398 788.5917488646089 39.8
399 788.5904478275805 39.90000000000001
400 788.5893503152536 40
401 788.5884227695935 40.1
402 788.5876279176912 40.2
403 788.5859415876594 40.3
404 788.5844718940346 40.40000000000001
405 788.5831800952279 40.5
406 788.5821096916611 40.6
407 788.5811820594982 40.7
408 788.5803874192512 40.8
409 788.5787053254071 40.90000000000001
410 788.5772220749222 41
411 788.5759360843265 41.1
412 788.5748558186403 41.2
413 788.5739352448747 41.3
414 788.5731172964942 41.40000000000001
415 788.5713848749817 41.5
416 788.5698892638513 41.6
417 788.5685881432378 41.7
418 788.5675087512828 41.8
419 788.566542030014 41.90000000000001
420 788.5657515860904 42
421 788.5639997699262 42.1
422 788.5624668344112 42.2
423 788.5611386290342 42.3
424 788.5600456773317 42.40000000000001
425 788.5590983406728 42.5
426 788.5583047377027 42.6
427 788.5565843219438 42.7
428 788.5550715098792 42.8
429 788.5537515679166 42.90000000000001
430 788.5526476341922 43
431 788.5517176368752 43.1
432 788.5509342298485 43.2
433 788.5492154018926 43.3
434 788.5476978604853 43.40000000000001
435 788.546378877254 43.5
436 788.5452679057429 43.6
437 788.5443444110442 43.7
438 788.5435450648158 43.8
439 788.5418206636325 43.90000000000001
440 788.540292155709 44
441 788.5389765893749 44.1
442 788.5378670928831 44.2
443 788.5369345979103 44.3
444 788.5361461881564 44.40000000000001
445 788.5344312958024 44.5
446 788.532914752433 44.6
447 788.5315945653083 44.7
448 788.5304780005603 44.8
449 788.5295385244436 44.90000000000001
450 788.5287402552763 45
451 788.5270017532843 45.1
452 788.5254837297994 45.2
453 788.5241816369814 45.3
454 788.5230789756176 45.40000000000001
455 788.5221210135503 45.5
456 788.5213218324353 45.6
457 788.5195618639981 45.7
458 788.5180565075709 45.8
459 788.5167011357865 45.90000000000001
460 788.5155827593309 46
461 788.5146269384838 46.1
462 788.5138293026245 46.2
463 788.5120994517845 46.3
464 788.5105696958816 46.40000000000001
465 788.5092409636532 46.5
466 788.5081327456924 46.6
467 788.5071603793721 46.7
468 788.5063702684456 46.8
469 788.5046057746156 46.90000000000001
470 788.503072794867 47
471 788.5017195965049 47.1
472 788.500607677671 47.2
473 788.4996631909329 47.3
474 788.4988629744037 47.40000000000001
475 788.4971133822904 47.5
476 788.4955852254737 47.6
477 788.494237142774 47.7
478 788.493124006147 47.8
479 788.492142091469 47.90000000000001
480 788.4913298174703 48
481 788.4895735165234 48.1
482 788.4880060183285 48.2
483 788.4866662791785 48.3
484 788.4855503147268 48.40000000000001
485 788.4846171735968 48.5
486 788.4838257709727 48.6
487 788.4820565685812 48.7
488 788.4805164123904 48.8
489 788.4791631619872 48.90000000000001
490 788.4780176930349 49
491 788.4770386273138 49.1
492 788.4762044205696 49.2
493 788.4744405291034 49.3
494 788.472891244033 49.40000000000001
495 788.471545984899 49.5
496 788.4704044742906 49.6
497 788.4694373122492 49.7
498 788.4686283215635 49.8
499 788.4668709158526 49.90000000000001
500 788.465314802047 50
501 787.3249957352353 50.01
502 785.9925337583893 50.02
503 784.529053863352 50.03
504 782.9804866005267 50.04
505 781.3465938085408 50.05
506 779.5092787392349 50.06
507 777.2695538018539 50.07
508 774.5855139379157 50.08
509 771.4394141176541 50.09
510 767.8163356895143 50.1
511 763.7082187613469 50.11
512 759.1080609806834 50.12
513 754.0067602849367 50.13
514 748.4217446741731 50.14
515 742.3809890941623 50.15
516 735.9048676661018 50.16
517 729.0471872101602 50.17
518 721.8685935148847 50.18
519 714.4981213521497 50.19
520 706.9698221924548 50.2
521 699.4834848768287 50.21
522 692.2166552084875 50.22
523 685.1606632956082 50.23
524 678.0297751440415 50.24
525 671.0928797477449 50.25
526 664.2538374935987 50.26
527 657.3548366017639 50.27
528 650.6120184496385 50.28
529 643.9259154832004 50.29
530 637.3076956950711 50.3
531 630.8118202532291 50.31
532 624.4738346403265 50.32
533 618.31526614006 50.33
534 612.3519377966422 50.34
535 606.6040278837189 50.35
536 601.0887185495154 50.36
537 595.8271324329938 50.37
538 590.7828511692422 50.38
539 586.0655993146961 50.39
540 581.6730664166882 50.4
541 577.5174531595633 50.41
542 573.6310184580798 50.42
543 570.1435385057008 50.43
544 566.9054469883118 50.44
545 563.9184416311822 50.45
546 561.5104130993299 50.46
547 559.7911394046233 50.47
548 558.7280595573174 50.48
549 558.5318325859046 50.49
550 559.6684447878461 50.5
551 563.315090035113 50.51
552 570.8672492908795 50.52
553 583.8848400036959 50.53
554 604.3288776488703 50.54
555 632.5186028163203 50.55
556 665.6167442532771 50.56
557 701.2243477558184 50.57
558 739.0418450570289 50.58
559 777.5554964543089 50.59
560 815.1821782861173 50.6
561 849.4490734906673 50.61
562 877.6349966380213 50.62
563 899.3364677402473 50.63
564 915.6775944910868 50.64
565 928.6116201418905 50.65
566 940.2363785426298 50.66
567 951.7525202340652 50.67
568 963.2352086231749 50.68
569 974.2067755766921 50.69
570 984.6523020391616 50.7
571 994.5038996113984 50.71
572 1003.74273282731 50.72
573 1012.322377869023 50.73
574 1020.39158100648 50.74
575 1028.216106211336 50.75
576 1035.900440492705 50.76
577 1043.485302725863 50.77
578 1050.972035238068 50.78
579 1058.190057755303 50.79
580 1064.749600279087 50.8
581 1070.626643971308 50.81
582 1075.900905297141 50.82
583 1080.103896093049 50.83
584 1083.090022807935 50.84
585 1084.539440375798 50.85
586 1084.928248934247 50.86
587 1085.135887371066 50.87
588 1085.441532312727 50.88
589 1085.839390125572 50.89
590 1086.233606723096 50.9
591 1086.540839205275 50.91
592 1086.385554542215 50.92
593 1085.759631230193 50.93
594 1084.5561275563 50.94
595 1082.837940835788 50.95
596 1080.390802825436 50.96
597 1077.242290347221 50.97
598 1073.405723369774 50.98
599 1068.967832106598 50.99
600 1063.907130542156 51
601 1058.426273321078 51.01
602 1052.621270722101 51.02
603 1046.633408391801 51.03
604 1040.566053526134 51.04
605 1034.519474557403 51.05
606 1028.52687165694 51.06
607 1022.606695536137 51.07
608 1016.772541075578 51.08
609 1011.035440100732 51.09
610 1005.402864261435 51.1
611 999.9058238846321 51.11
612 994.5326973337852 51.12
613 989.3260339434541 51.13
614 984.2857976278483 51.14
615 979.4159413759477 51.15
616 974.7216611182959 51.16
617 970.2178083213698 51.17
618 965.924714821767 51.18
619 961.8421788054153 51.19
620 957.9592035448832 51.2
621 954.3281232618867 51.21
622 950.9871855170634 51.22
623 947.9073485975389 51.23
624 945.1389533393638 51.24
625 942.6459704814908 51.25
626 940.5357905242988 51.26
627 938.8088644013918 51.27
628 937.4388652924284 51.28
629 936.4159738431221 51.29
630 935.7674615313481 51.3
631 935.5528617917544 51.31
632 935.7487677244075 51.32
633 936.2613162662529 51.33
634 937.0507091031287 51.34
635 937.9858713812836 51.35
636 939.1108613520848 51.36
637 940.3102124551332 51.37
638 941.4122134878631 51.38
639 942.4027596448848 51.39
640 943.1955237983695 51.4
641 943.5767860438765 51.41
642 943.2670110112083 51.42
643 942.0117437526602 51.43
644 939.659168227533 51.44
645 936.1223436371985 51.45
646 931.3939070859453 51.46
647 925.5139950818958 51.47
648 918.6338864317296 51.48
649 910.9063821456776 51.49
650 902.5028742737841 51.5
651 893.5930102207707 51.51
652 884.3481735904746 51.52
653 874.8561936771982 51.53
654 865.2752773923137 51.54
655 855.6903710987897 51.55
656 846.5911397642172 51.56
657 837.9211858680994 51.57
658 829.6438199699471 51.58
659 821.7635611372273 51.59
660 814.2293572886869 51.6
661 807.0610168362495 51.61
662 800.2644948257216 51.62
663 793.8516510591433 51.63
664 787.8264347484724 51.64
665 782.1957266878886 51.65
666 776.9622920860713 51.66
667 772.1248298464751 51.67
668 767.6747005949768 51.68
669 763.6017817004425 51.69
670 759.8950037059386 51.7
671 756.5393371924675 51.71
672 753.5173356517846 51.72
673 750.8121584763315 51.73
674 748.4066284154594 51.74
675 746.5658121505472 51.75
676 745.1161534448133 51.76
677 744.0468280495385 51.77
678 743.162164758686 51.78
679 742.5063443641785 51.79
680 741.9857581795135 51.8
681 741.5875880632715 51.81
682 741.3052871383196 51.82
683 741.1382411690222 51.83
684 741.0878235924254 51.84
685 741.1576777761987 51.85
686 741.3437495111868 51.86
687 741.6528044417063 51.87
688 742.0835606582681 51.88
689 742.6287852400158 51.89
690 743.2801147560161 51.9
691 744.0369919250626 51.91
692 744.8829273766731 51.92
693 745.8061428018914 51.93
694 746.7846385127924 51.94
695 747.7980440447461 51.95
696 748.827528019577 51.96
697 749.848794718682 51.97
698 750.8443228569422 51.98
699 751.792205401389 51.99
700 752.693290756228 52
701 753.4676589066341 52.01
702 754.127097057916 52.02
703 754.6613489554376 52.03
704 755.0181042402426 52.04
705 755.2260939694293 52.05
706 755.2666713525653 52.06
707 755.1285602676886 52.07
708 754.8048541311916 52.08
709 754.2890980493383 52.09
710 753.5864604310876 52.1
711 752.7129032961592 52.11
712 751.6587729419565 52.12
713 750.4431633243198 52.13
714 749.0595113878733 52.14
715 747.5324603504816 52.15
716 745.8587248253085 52.16
717 744.0658787311014 52.17
718 742.1385625331257 52.18
719 740.0897378669886 52.19
720 737.9342602667318 52.2
721 735.6759500752864 52.21
722 733.3271824080297 52.22
723 730.8972206682478 52.23
724 728.397709723398 52.24
725 725.8384110010161 52.25
726 723.2298885184839 52.26
727 720.5859851016439 52.27
728 717.9165575620989 52.28
729 715.2398262752912 52.29
730 712.5846677805368 52.3
731 709.9737513399708 52.31
732 707.4275254105654 52.32
733 704.9595619146436 52.33
734 702.5931547417499 52.34
735 700.3445257890863 52.35
736 698.2140701815505 52.36
737 696.2290764908643 52.37
738 694.403078919489 52.38
739 692.7474957682598 52.39
740 691.2535105094505 52.4
741 689.9501856277652 52.41
742 688.8475930522795 52.42
743 687.9472104018142 52.43
744 687.2474790177573 52.44
745 686.7277440651415 52.45
746 686.4157092696195 52.46
747 686.3290916335379 52.47
748 686.4828788035994 52.48
749 686.8176380059787 52.49
750 687.3625743705593 52.5
751 688.1351834428978 52.51
752 689.1260277298558 52.52
753 690.4778444770849 52.53
754 692.1171989107406 52.54
755 694.0154851503611 52.55
756 696.145735775769 52.56
757 698.4499107391781 52.57
758 700.8825924110062 52.58
759 703.3517066234731 52.59
760 705.78079814818 52.6
761 707.9913103809794 52.61
762 709.9405802977443 52.62
763 711.640335207577 52.63
764 712.7414771577578 52.64
765 713.134696519581 52.65
766 712.7481555377237 52.66
767 711.5479625572859 52.67
768 709.566182261889 52.68
769 706.8451620650632 52.69
770 703.4295014913122 52.7
771 699.4139631350658 52.71
772 694.860760970682 52.72
773 689.8649397036406 52.73
774 684.5151245065914 52.74
775 679.0337371625847 52.75
776 673.5407103173936 52.76
777 668.1553190391708 52.77
778 662.8512824507471 52.78
779 657.6837079901912 52.79
780 652.6246231591654 52.8
781 647.6782637698377 52.81
782 642.8706838285954 52.82
783 638.2107481756645 52.83
784 633.7191911212375 52.84
785 629.4126979976519 52.85
786 625.3060423683339 52.86
787 621.4094530777918 52.87
788 617.7287054515928 52.88
789 614.265640703218 52.89
790 611.018987786058 52.9
791 607.9861478574445 52.91
792 605.1615515031129 52.92
793 602.5401849449228 52.93
794 600.1124741157936 52.94
795 597.8716012845451 52.95
796 595.8105625213848 52.96
797 593.9179477606003 52.97
798 592.2038798942623 52.98
799 590.7784907786317 52.99
800 589.5294103199976 53
801 588.4815454222318 53.01
802 587.550103115636 53.02
803 586.7026175250279 53.03
804 585.9344047221383 53.04
805 585.2505510285116 53.05
806 584.6455109656285 53.06
807 584.1171326912634 53.07
808 583.6666457546233 53.08
809 583.2936711067879 53.09
810 582.9969033135395 53.1
811 582.7766932981647 53.11
812 582.6396347069151 53.12
813 582.5681916324229 53.13
814 582.5759457108228 53.14
815 582.6406293236764 53.15
816 582.7697104848551 53.16
817 582.9539495191254 53.17
818 583.1886102941677 53.18
819 583.4618774740014 53.19
820 583.7660830985183 53.2
821 584.0885201179734 53.21
822 584.4219489783681 53.22
823 584.7465539308672 53.23
824 585.0499808281943 53.24
825 585.3195054688232 53.25
826 585.5420702595421 53.26
827 585.7081201536263 53.27
828 585.8056464104143 53.28
829 585.8132852055019 53.29
830 585.7275604420727 53.3
831 585.5359407594094 53.31
832 585.2315046564116 53.32
833 584.8114324950263 53.33
834 584.2688024001994 53.34
835 583.5995641562293 53.35
836 582.808660678956 53.36
837 581.8915271711425 53.37
838 580.8517771399379 53.38
839 579.6927280119727 53.39
840 578.4185599631834 53.4
841 577.0310357958564 53.41
842 575.535144694333 53.42
843 573.9359354446856 53.43
844 572.2405450395407 53.44
845 570.4500530611499 53.45
846 568.5740584357244 53.46
847 566.6116853611126 53.47
848 564.5711605542805 53.48
849 562.4569203326519 53.49
850 560.270413442168 53.5
851 558.0190495997286 53.51
852 555.7086608141482 53.52
853 553.3460618940687 53.53
854 550.9393053723653 53.54
855 548.4946081935101 53.55
856 546.0215431084192 53.56
857 543.5310104802203 53.57
858 541.0360402244572 53.58
859 538.5516000958013 53.59
860 536.0915334983378 53.6
861 533.6693186961079 53.61
862 531.2975867014299 53.62
863 528.9858539621022 53.63
864 526.7452239211663 53.64
865 524.5913894873757 53.65
866 522.5296891224781 53.66
867 520.5776430253303 53.67
868 518.7414080061677 53.68
869 517.030918790931 53.69
870 515.4565791742702 53.7
871 514.0249720460512 53.71
872 512.7430262881328 53.72
873 511.6149700845385 53.73
874 510.6454780661389 53.74
875 509.8400903763576 53.75
876 509.1960075032983 53.76
877 508.7242353523212 53.77
878 508.4409317557049 53.78
879 508.3259871230197 53.79
880 508.3610981007294 53.8
881 508.5726594095183 53.81
882 508.9459454276321 53.82
883 509.4758837563117 53.83
884 510.1671439093442 53.84
885 511.0251345757205 53.85
886 512.0405855966268 53.86
887 513.2053709554972 53.87
888 514.5420431689186 53.88
889 516.0807823385161 53.89
890 517.8726886734157 53.9
891 519.9839593319227 53.91
892 522.2992569663124 53.92
893 524.7095315296281 53.93
894 527.1452502645345 53.94
895 529.5411527086077 53.95
896 531.8535226583139 53.96
897 534.0349365069331 53.97
898 535.9823395032065 53.98
899 537.6239212119506 53.99
900 538.8994090597677 54
901 539.7770227874237 54.01
902 540.2383583516374 54.02
903 540.2877806998814 54.03
904 539.9616830756203 54.04
905 539.2998362001528 54.05
906 538.3382708331887 54.06
907 537.171396410335 54.07
908 535.8422978003424 54.08
909 534.4112210241055 54.09
910 532.8964489807197 54.1
911 531.3128973209085 54.11
912 529.6992891328022 54.12
913 528.0544841476881 54.13
914 526.3910088542781 54.14
915 524.7164655504795 54.15
916 523.0403431038375 54.16
917 521.3730071415522 54.17
918 519.7252796038368 54.18
919 518.1094900538504 54.19
920 516.5333280335658 54.2
921 515.0081045310394 54.21
922 513.5434255630938 54.22
923 512.153726770129 54.23
924 510.8393392048277 54.24
925 509.6008998365257 54.25
926 508.4438781745399 54.26
927 507.3755450994713 54.27
928 506.3806000937793 54.28
929 505.4591230159342 54.29
930 504.6827653048017 54.3
931 503.9728476828422 54.31
932 503.3636772913047 54.32
933 502.8303874235557 54.33
934 502.3563269482226 54.34
935 501.9430147348084 54.35
936 501.5817907327711 54.36
937 501.2583907715209 54.37
938 500.9732621853615 54.38
939 500.7746348487876 54.39
940 500.6169913801018 54.4
941 500.4966712833053 54.41
942 500.4172292358649 54.42
943 500.3733621930816 54.43
944 500.3630376499058 54.44
945 500.386763036417 54.45
946 500.4441026937694 54.46
947 500.5340349967988 54.47
948 500.6557298508457 54.48
949 500.805377892951 54.49
950 500.9804854748221 54.5
951 501.177894085107 54.51
952 501.3918301040077 54.52
953 501.6177664702632 54.53
954 501.8510822518933 54.54
955 502.0806554737796 54.55
956 502.2972659893105 54.56
957 502.4982600424775 54.57
958 502.677007039515 54.58
959 502.8220076449687 54.59
960 502.9261577867056 54.6
961 502.9817783268002 54.61
962 502.9816532234939 54.62
963 502.9202351333174 54.63
964 502.7874731621508 54.64
965 502.5794351553438 54.65
966 502.2902352144236 54.66
967 501.9142911753182 54.67
968 501.4350795107644 54.68
969 500.8582554997314 54.69
970 500.1953256610026 54.7
971 499.4416320936551 54.71
972 498.5925470378907 54.72
973 497.6492363260376 54.73
974 496.6122646658276 54.74
975 495.4844594903167 54.75
976 494.2656886177456 54.76
977 492.9592863103129 54.77
978 491.568264386108 54.78
979 490.0957660896674 54.79
980 488.5447844244059 54.8
981 486.9191984116915 54.81
982 485.2215351571259 54.82
983 483.4562477098266 54.83
984 481.6164650410891 54.84
985 479.711240040759 54.85
986 477.7493724029588 54.86
987 475.7376175664609 54.87
988 473.6787828172182 54.88
989 471.5772084567715 54.89
990 469.4395752322761 54.9
991 467.2729103823267 54.91
992 465.0835998800657 54.92
993 462.8803046404449 54.93
994 460.6738870989662 54.94
995 458.4768412904681 54.95
996 456.2980262193881 54.96
997 454.1505197946698 54.97
998 452.0418365257503 54.98
999 449.985038965029 54.99
1000 447.9974763412659 55
1001 446.0585017363822 55.01
1002 444.2146061382713 55.02
1003 442.4337043623598 55.03
1004 440.7689032157745 55.04
1005 439.2010308345197 55.05
1006 437.7432494563444 55.06
1007 436.4012926292233 55.07
1008 435.1805537801536 55.08
1009 434.0871984250587 55.09
1010 433.1261106600433 55.1
1011 432.3011317164851 55.11
1012 431.5882612184379 55.12
1013 431.0471231041234 55.13
1014 430.6186511256184 55.14
1015 430.3440212081023 55.15
1016 430.2139658890076 55.16
1017 430.2285746394028 55.17
1018 430.3864481641773 55.18
1019 430.7097431177347 55.19
1020 431.1733021475028 55.2
1021 431.7846661893875 55.21
1022 432.5388949278902 55.22
1023 433.6671819449673 55.23
1024 435.1759495904508 55.24
1025 436.8592758848707 55.25
1026 438.6814754320474 55.26
1027 440.6575052702253 55.27
1028 442.7468423752775 55.28
1029 444.9601286282853 55.29
1030 447.231814046017 55.3
1031 449.5377472654557 55.31
1032 451.8553527568918 55.32
1033 454.2683708647018 55.33
1034 456.7079501169715 55.34
1035 459.103137906593 55.35
1036 461.392155963124 55.36
1037 463.518691130217 55.37
1038 465.436713297803 55.38
1039 467.1221798632276 55.39
1040 468.5698923229099 55.4
1041 469.771320631897 55.41
1042 470.7567635132398 55.42
1043 471.5451265515636 55.43
1044 472.1525259714778 55.44
1045 472.5939024849877 55.45
1046 472.8865684856289 55.46
1047 473.0572818732696 55.47
1048 473.1258576963101 55.48
1049 473.1074241153428 55.49
1050 473.0120031318294 55.5
1051 472.8460660743384 55.51
1052 472.6164987048102 55.52
1053 472.3440826004648 55.53
1054 472.0249413447358 55.54
1055 471.6788695587047 55.55
1056 471.3191234752446 55.56
1057 470.9577750394168 55.57
1058 470.609712110448 55.58
1059 470.2975569615157 55.59
1060 470.0070223333413 55.6
1061 469.7393268510534 55.61
1062 469.5140095157088 55.62
1063 469.3404154050214 55.63
1064 469.1882967502428 55.64
1065 469.0836408103183 55.65
1066 469.0186503687261 55.66
1067 468.9743729604884 55.67
1068 468.9862743063688 55.68
1069 469.0245366959668 55.69
1070 469.089799206221 55.7
1071 469.1897331462171 55.71
1072 469.3102673625851 55.72
1073 469.4567052172404 55.73
1074 469.6221399319873 55.74
1075 469.8071804911185 55.75
1076 470.0124975127657 55.76
1077 470.2393491001304 55.77
1078 470.4838751652089 55.78
1079 470.7447711179216 55.79
1080 471.0222215561392 55.8
1081 471.3144626241682 55.81
1082 471.6209286599747 55.82
1083 471.9373932681621 55.83
1084 472.2608654528235 55.84
1085 472.5846238486362 55.85
1086 472.9013978180407 55.86
1087 473.2063511508051 55.87
1088 473.4925097099257 55.88
1089 473.7563622982441 55.89
1090 473.9946903892854 55.9
1091 474.2070674857364 55.91
1092 474.3873225412686 55.92
1093 474.5232342103736 55.93
1094 474.6156646235193 55.94
1095 474.6669744759686 55.95
1096 474.6664447491304 55.96
1097 474.6151633570732 55.97
1098 474.520332037185 55.98
1099 474.3867087143398 55.99
1100 474.2156686200382 56
1101 474.0101405899447 56.01
1102 473.7671663984887 56.02
1103 473.4831891417157 56.03
1104 473.1489592329304 56.04
1105 472.7659064349905 56.05
1106 472.3415813800279 56.06
1107 471.8781180016347 56.07
1108 471.3778243580204 56.08
1109 470.8412463118382 56.09
1110 470.2643313793338 56.1
1111 469.6168665692892 56.11
1112 468.8947823747268 56.12
1113 468.1036599181597 56.13
1114 467.2401955290769 56.14
1115 466.2840380445235 56.15
1116 465.2435286061305 56.16
1117 464.126406710454 56.17
1118 462.9442877370462 56.18
1119 461.6917681934602 56.19
1120 460.3824939408789 56.2
1121 459.0232631540919 56.21
1122 457.6094151473037 56.22
1123 456.1433027190174 56.23
1124 454.6295131250438 56.24
1125 453.0732503444373 56.25
1126 451.4799114642731 56.26
1127 449.8547140213528 56.27
1128 448.2004483322905 56.28
1129 446.5241410983892 56.29
1130 444.8375006971835 56.3
1131 443.1508807258169 56.31
1132 441.4756114788775 56.32
1133 439.8234331669938 56.33
1134 438.2054950401697 56.34
1135 436.6311227450803 56.35
1136 435.1083545988085 56.36
1137 433.6439540101945 56.37
1138 432.2449268999537 56.38
1139 430.9177766859085 56.39
1140 429.6683009544776 56.4
1141 428.5040475415955 56.41
1142 427.4314424936143 56.42
1143 426.4559366128638 56.43
1144 425.5828639101489 56.44
1145 424.8169036244755 56.45
1146 424.1604630904649 56.46
1147 423.6185546950759 56.47
1148 423.191717359365 56.48
1149 422.8836146545064 56.49
1150 422.6955756363728 56.5
1151 422.6283808259453 56.51
1152 422.6836776747123 56.52
1153 422.8618634306606 56.53
1154 423.3512356269255 56.54
1155 424.0968723168552 56.55
1156 424.9989704295288 56.56
1157 426.0227252694158 56.57
1158 427.1566225301237 56.58
1159 428.3914486571185 56.59
1160 429.7909353079348 56.6
1161 431.2867879612444 56.61
1162 432.863947776501 56.62
1163 434.5102686466851 56.63
1164 436.2139735921845 56.64
1165 437.9659624197216 56.65
1166 439.8702694690014 56.66
1167 441.881975386849 56.67
1168 443.8941446890855 56.68
1169 445.9548277518347 56.69
1170 447.9999683294325 56.7
1171 450.0033209180252 56.71
1172 451.925775688531 56.72
1173 453.7335577852972 56.73
1174 455.4038922525212 56.74
1175 456.9224885994139 56.75
1176 458.2900406080786 56.76
1177 459.5100958596456 56.77
1178 460.5821440963786 56.78
1179 461.5099868068226 56.79
1180 462.3058422449562 56.8
1181 462.9688739466542 56.81
1182 463.5188520760929 56.82
1183 463.9620050639537 56.83
1184 464.3045794587647 56.84
1185 464.5559806491804 56.85
1186 464.7309575610715 56.86
1187 464.8483257793189 56.87
1188 464.9214017076948 56.88
1189 464.9613924410727 56.89
1190 464.9762266226927 56.9
1191 464.9887669745282 56.91
1192 465.0134465937529 56.92
1193 465.0367714332871 56.93
1194 465.0638978511168 56.94
1195 465.0984015591778 56.95
1196 465.1396617772393 56.96
1197 465.2177136248653 56.97
1198 465.3129474503755 56.98
1199 465.4591959621266 56.99
1200 465.6280632429284 57
1201 465.8167522460014 57.01
1202 466.0233969105568 57.02
1203 466.2589196513217 57.03
1204 466.5058063275991 57.04
1205 466.7666367006259 57.05
1206 467.0389817872424 57.06
1207 467.3292895570168 57.07
1208 467.6325448571718 57.08
1209 467.948974858004 57.09
1210 468.2785844016339 57.1
1211 468.620732061195 57.11
1212 468.9777956638012 57.12
1213 469.337233808347 57.13
1214 469.6976251887934 57.14
1215 470.0583415116187 57.15
1216 470.417253189488 57.16
1217 470.7716017932595 57.17
1218 471.1165499376515 57.18
1219 471.4468155196391 57.19
1220 471.7567464828889 57.2
1221 472.0406486889729 57.21
1222 472.2928336448533 57.22
1223 472.5083735726712 57.23
1224 472.6801531762534 57.24
1225 472.8031109766762 57.25
1226 472.8718832275807 57.26
1227 472.8582536915393 57.27
1228 472.7611213846967 57.28
1229 472.5911827451737 57.29
1230 472.357629441982 57.3
1231 472.068033613262 57.31
1232 471.7239227295623 57.32
1233 471.328590553008 57.33
1234 470.8825846695468 57.34
1235 470.3875443637867 57.35
1236 469.8450831402252 57.36
1237 469.2559138545143 57.37
1238 468.6217615021149 57.38
1239 467.9432800778918 57.39
1240 467.2093067738242 57.4
1241 466.4103178328793 57.41
1242 465.5392546529955 57.42
1243 464.5956380152301 57.43
1244 463.5850423437156 57.44
1245 462.5104025231478 57.45
1246 461.3758460099864 57.46
1247 460.1847982305546 57.47
1248 458.9415349442357 57.48
1249 457.650618268793 57.49
1250 456.3163121604832 57.5
1251 454.94507970401 57.51
1252 453.5408299459535 57.52
1253 452.1108103696226 57.53
1254 450.6632755352608 57.54
1255 449.2078165332876 57.55
1256 447.7565979604713 57.56
1257 446.3215272380669 57.57
1258 444.9146517965684 57.58
1259 443.5475995618129 57.59
1260 442.2296233984173 57.6
1261 440.9774310728138 57.61
1262 439.7870495017601 57.62
1263 438.6691888008637 57.63
1264 437.6296351040152 57.64
1265 436.6732472315728 57.65
1266 435.8054398356488 57.66
1267 435.0316458827074 57.67
1268 434.354726900879 57.68
1269 433.7783347483856 57.69
1270 433.3086271990522 57.7
1271 432.9488738125567 57.71
1272 432.7005196767029 57.72
1273 432.5638450634681 57.73
1274 432.7021550584616 57.74
1275 433.0186291188458 57.75
1276 433.5230831278587 57.76
1277 434.1526046041874 57.77
1278 434.8945860579344 57.78
1279 435.7421095016755 57.79
1280 436.689633204378 57.8
1281 437.7319703122133 57.81
1282 438.8652696259728 57.82
1283 440.0837963645238 57.83
1284 441.3811777625195 57.84
1285 442.8780478750321 57.85
1286 444.5296017172929 57.86
1287 446.2451016106282 57.87
1288 448.0795563355168 57.88
1289 449.9964703050725 57.89
1290 451.9035587998856 57.9
1291 453.8136398928898 57.91
1292 455.6856117852981 57.92
1293 457.4830900915345 57.93
1294 459.1719592000041 57.94
1295 460.7377485370713 57.95
1296 462.1790456735119 57.96
1297 463.4949648376993 57.97
1298 464.6826504846924 57.98
1299 465.7402889357901 57.99
1300 466.6755395349125 58
1301 467.4960338579247 58.01
1302 468.2080945116617 58.02
1303 468.8255148353581 58.03
1304 469.3480041454989 58.04
1305 469.7759930693097 58.05
1306 470.1201498085679 58.06
1307 470.392171518182 58.07
1308 470.6134845412759 58.08
1309 470.7928772214036 58.09
1310 470.9412613175342 58.1
1311 471.0683004426287 58.11
1312 471.1822018235472 58.12
1313 471.305266395881 58.13
1314 471.4307111883647 58.14
1315 471.558099414494 58.15
1316 471.6875938700454 58.16
1317 471.8249295985523 58.17
1318 471.9729907446247 58.18
1319 472.1313522700979 58.19
1320 472.303336099829 58.2
1321 472.4931186943096 58.21
1322 472.7017724266875 58.22
1323 472.9284210296964 58.23
1324 473.1708084296559 58.24
1325 473.4272266063262 58.25
1326 473.6982811782387 58.26
1327 474.0083422935095 58.27
1328 474.3298906045863 58.28
1329 474.6638179087257 58.29
1330 475.0068376948167 58.3
1331 475.3580629537078 58.31
1332 475.7182889292517 58.32
1333 476.0955972129012 58.33
1334 476.4741297260184 58.34
1335 476.8537768032271 58.35
1336 477.2335435431604 58.36
1337 477.6115294980596 58.37
1338 477.9869663649906 58.38
1339 478.3434586439996 58.39
1340 478.6806478892574 58.4
1341 478.9964951691182 58.41
1342 479.2873099059688 58.42
1343 479.5507119080954 58.43
1344 479.7839799517554 58.44
1345 479.9812206524087 58.45
1346 480.1367672447756 58.46
1347 480.2458047731175 58.47
1348 480.3034385164585 58.48
1349 480.3048371353139 58.49
1350 480.2413464950762 58.5
1351 480.1134645535207 58.51
1352 479.9046818899492 58.52
1353 479.5905176112207 58.53
1354 479.1892452650217 58.54
1355 478.7216861859162 58.55
1356 478.1978866047021 58.56
1357 477.6233495283381 58.57
1358 477.0006810042329 58.58
1359 476.3322598823391 58.59
1360 475.6199554621608 58.6
1361 474.860750757607 58.61
1362 474.0551836752722 58.62
1363 473.2091754042588 58.63
1364 472.3222348815323 58.64
1365 471.3836667252191 58.65
1366 470.3831066809458 58.66
1367 469.3233943584426 58.67
1368 468.212166531681 58.68
1369 467.0543545904696 58.69
1370 465.8517408856243 58.7
1371 464.6114387311771 58.71
1372 463.3472497440081 58.72
1373 462.0630563775098 58.73
1374 460.767117955839 58.74
1375 459.4715010556456 58.75
1376 458.1897346724908 58.76
1377 456.9355656522472 58.77
1378 455.7207848758149 58.78
1379 454.5551105912491 58.79
1380 453.4471289399833 58.8
1381 452.4044032965925 58.81
1382 451.4343819863379 58.82
1383 450.5446808303919 58.83
1384 449.740020704063 58.84
1385 449.0253631830761 58.85
1386 448.407605655259 58.86
1387 447.8897559005536 58.87
1388 447.4732562763032 58.88
1389 447.2952158121998 58.89
1390 447.2859730711609 58.9
1391 447.3999211762994 58.91
1392 447.6277947039706 58.92
1393 447.9645474673288 58.93
1394 448.4189978412808 58.94
1395 448.9794792567411 58.95
1396 449.6413283311243 58.96
1397 450.4002645545806 58.97
1398 451.2534852293204 58.98
1399 452.3265434730489 58.99
1400 453.5880763046171 59
1401 455.0470520032939 59.01
1402 456.6678564994356 59.02
1403 458.3948636141748 59.03
1404 460.1514879878554 59.04
1405 461.94375776706 59.05
1406 463.7340826869314 59.06
1407 465.478782683491 59.07
1408 467.1494002675629 59.08
1409 468.7198304343383 59.09
1410 470.1830463906024 59.1
1411 471.5263157606792 59.11
1412 472.7514885191337 59.12
1413 473.8613511415049 59.13
1414 474.8607960666558 59.14
1415 475.7581289289044 59.15
1416 476.5565719810856 59.16
1417 477.264005320562 59.17
1418 477.8881627207568 59.18
1419 478.4345234436365 59.19
1420 478.9061849239525 59.2
1421 479.3085520520716 59.21
1422 479.6501719683165 59.22
1423 479.94218212794 59.23
1424 480.1938344765604 59.24
1425 480.4144333846207 59.25
1426 480.6136986811861 59.26
1427 480.799632594841 59.27
1428 480.978660338562 59.28
1429 481.1559069220201 59.29
1430 481.3352630474805 59.3
1431 481.5204498280899 59.31
1432 481.7137700136593 59.32
1433 481.9173160358186 59.33
1434 482.1315812551567 59.34
1435 482.3594992629785 59.35
1436 482.6008374705466 59.36
1437 482.8567601009253 59.37
1438 483.1270808851285 59.38
1439 483.4521297240886 59.39
1440 483.7858147954606 59.4
1441 484.1275564452824 59.41
1442 484.476376811113 59.42
1443 484.8352012321668 59.43
1444 485.2047313182833 59.44
1445 485.5857637816341 59.45
1446 485.9774995211561 59.46
1447 486.3888432462664 59.47
1448 486.7998127526366 59.48
1449 487.2106895074355 59.49
1450 487.6203971800038 59.5
1451 488.0264647538301 59.51
1452 488.4258860134465 59.52
1453 488.8152035388186 59.53
1454 489.1907207187876 59.54
1455 489.5484837515006 59.55
1456 489.8831552136672 59.56
1457 490.1901323181205 59.57
1458 490.4648763107928 59.58
1459 490.703001192585 59.59
1460 490.8994786500755 59.6
1461 491.0501295901226 59.61
1462 491.1508129335217 59.62
1463 491.1976129734244 59.63
1464 491.1870847390439 59.64
1465 491.1164108257796 59.65
1466 490.9870840346247 59.66
1467 490.798862420605 59.67
1468 490.5478245492762 59.68
1469 490.2331952905506 59.69
1470 489.853522557349 59.7
1471 489.4107593587862 59.71
1472 488.905414398301 59.72
1473 488.3467374421282 59.73
1474 487.7258315527118 59.74
1475 487.044158842926 59.75
1476 486.3197210235536 59.76
1477 485.5639259809433 59.77
1478 484.7760070226046 59.78
1479 483.9595017493696 59.79
1480 483.1168286489524 59.8
1481 482.2535036746267 59.81
1482 481.3744205607928 59.82
1483 480.4807595476885 59.83
1484 479.5820044748542 59.84
1485 478.6886152650083 59.85
1486 477.8133954425129 59.86
1487 476.970644055986 59.87
1488 476.170573675103 59.88
1489 475.4212973902453 59.89
1490 474.7298202805774 59.9
1491 474.1750916450126 59.91
1492 473.6966694799539 59.92
1493 473.2956540986502 59.93
1494 473.0622684660843 59.94
1495 472.9316648029073 59.95
1496 472.8972821726729 59.96
1497 472.9555347224169 59.97
1498 473.1044011304959 59.98
1499 473.3431223348181 59.99
1500 473.670279389862 60
