"vazao-mass-porta-rfile"
"Time Step" "vazao-mass-porta etc.."
("Time Step" "vazao-mass-porta" "flow-time")
0 0.07642846259536566 0
1 0 0.1
2 0 0.2
3 0 0.3
4 0 0.4
5 0 0.5
6 0 0.6000000000000001
7 0 0.7000000000000001
8 0 0.8
9 0 0.9
10 0 1
11 0 1.1
12 0 1.2
13 0 1.3
14 0 1.4
15 0 1.5
16 0 1.6
17 0 1.7
18 0 1.8
19 0 1.9
20 0 2
21 0 2.1
22 0 2.2
23 0 2.3
24 0 2.4
25 0 2.5
26 0 2.6
27 0 2.7
28 0 2.8
29 0 2.9
30 0 3
31 0 3.1
32 0 3.2
33 0 3.3
34 0 3.4
35 0 3.5
36 0 3.6
37 0 3.7
38 0 3.8
39 0 3.9
40 0 4
41 0 4.100000000000001
42 0 4.2
43 0 4.3
44 0 4.4
45 0 4.5
46 0 4.600000000000001
47 0 4.7
48 0 4.800000000000001
49 0 4.9
50 0 5
51 0 5.100000000000001
52 0 5.2
53 0 5.300000000000001
54 0 5.4
55 0 5.5
56 0 5.600000000000001
57 0 5.7
58 0 5.800000000000001
59 0 5.9
60 0 6
61 0 6.100000000000001
62 0 6.2
63 0 6.300000000000001
64 0 6.4
65 0 6.5
66 0 6.600000000000001
67 0 6.7
68 0 6.800000000000001
69 0 6.9
70 0 7
71 0 7.100000000000001
72 0 7.2
73 0 7.300000000000001
74 0 7.4
75 0 7.5
76 0 7.600000000000001
77 0 7.7
78 0 7.800000000000001
79 0 7.9
80 0 8
81 0 8.1
82 0 8.200000000000001
83 0 8.300000000000001
84 0 8.4
85 0 8.5
86 0 8.6
87 0 8.700000000000001
88 0 8.800000000000001
89 0 8.9
90 0 9
91 0 9.1
92 0 9.200000000000001
93 0 9.300000000000001
94 0 9.4
95 0 9.5
96 0 9.600000000000001
97 0 9.700000000000001
98 0 9.800000000000001
99 0 9.9
100 0 10
101 0 10.1
102 0 10.2
103 0 10.3
104 0 10.4
105 0 10.5
106 0 10.6
107 0 10.7
108 0 10.8
109 0 10.9
110 0 11
111 0 11.1
112 0 11.2
113 0 11.3
114 0 11.4
115 0 11.5
116 0 11.6
117 0 11.7
118 0 11.8
119 0 11.9
120 0 12
121 0 12.1
122 0 12.2
123 0 12.3
124 0 12.4
125 0 12.5
126 0 12.6
127 0 12.7
128 0 12.8
129 0 12.9
130 0 13
131 0 13.1
132 0 13.2
133 0 13.3
134 0 13.4
135 0 13.5
136 0 13.6
137 0 13.7
138 0 13.8
139 0 13.9
140 0 14
141 0 14.1
142 0 14.2
143 0 14.3
144 0 14.4
145 0 14.5
146 0 14.6
147 0 14.7
148 0 14.8
149 0 14.9
150 0 15
151 0 15.1
152 0 15.2
153 0 15.3
154 0 15.4
155 0 15.5
156 0 15.6
157 0 15.7
158 0 15.8
159 0 15.9
160 0 16
161 0 16.1
162 0 16.2
163 0 16.3
164 0 16.4
165 0 16.5
166 0 16.6
167 0 16.7
168 0 16.8
169 0 16.9
170 0 17
171 0 17.1
172 0 17.2
173 0 17.3
174 0 17.4
175 0 17.5
176 0 17.6
177 0 17.7
178 0 17.8
179 0 17.9
180 0 18
181 0 18.1
182 0 18.2
183 0 18.3
184 0 18.4
185 0 18.5
186 0 18.6
187 0 18.7
188 0 18.8
189 0 18.9
190 0 19
191 0 19.1
192 0 19.2
193 0 19.3
194 0 19.4
195 0 19.5
196 0 19.6
197 0 19.7
198 0 19.8
199 0 19.9
200 0 20
201 0 20.1
202 0 20.2
203 0 20.3
204 0 20.4
205 0 20.5
206 0 20.6
207 0 20.7
208 0 20.8
209 0 20.9
210 0 21
211 0 21.1
212 0 21.2
213 0 21.3
214 0 21.4
215 0 21.5
216 0 21.6
217 0 21.7
218 0 21.8
219 0 21.9
220 0 22
221 0 22.1
222 0 22.2
223 0 22.3
224 0 22.4
225 0 22.5
226 0 22.6
227 0 22.7
228 0 22.8
229 0 22.9
230 0 23
231 0 23.1
232 0 23.2
233 0 23.3
234 0 23.4
235 0 23.5
236 0 23.6
237 0 23.7
238 0 23.8
239 0 23.9
240 0 24
241 0 24.1
242 0 24.2
243 0 24.3
244 0 24.4
245 0 24.5
246 0 24.6
247 0 24.7
248 0 24.8
249 0 24.9
250 0 25
251 0 25.1
252 0 25.2
253 0 25.3
254 0 25.4
255 0 25.5
256 0 25.6
257 0 25.7
258 0 25.8
259 0 25.9
260 0 26
261 0 26.1
262 0 26.2
263 0 26.3
264 0 26.4
265 0 26.5
266 0 26.6
267 0 26.7
268 0 26.8
269 0 26.9
270 0 27
271 0 27.1
272 0 27.2
273 0 27.3
274 0 27.4
275 0 27.5
276 0 27.6
277 0 27.7
278 0 27.8
279 0 27.9
280 0 28
281 0 28.1
282 0 28.2
283 0 28.3
284 0 28.4
285 0 28.5
286 0 28.6
287 0 28.7
288 0 28.8
289 0 28.9
290 0 29
291 0 29.1
292 0 29.2
293 0 29.3
294 0 29.4
295 0 29.5
296 0 29.6
297 0 29.7
298 0 29.8
299 0 29.9
300 0 30
301 0 30.1
302 0 30.2
303 0 30.3
304 0 30.4
305 0 30.5
306 0 30.6
307 0 30.7
308 0 30.8
309 0 30.9
310 0 31
311 0 31.1
312 0 31.2
313 0 31.3
314 0 31.4
315 0 31.5
316 0 31.6
317 0 31.7
318 0 31.8
319 0 31.9
320 0 32
321 0 32.1
322 0 32.2
323 0 32.3
324 0 32.4
325 0 32.5
326 0 32.6
327 0 32.7
328 0 32.8
329 0 32.9
330 0 33
331 0 33.1
332 0 33.2
333 0 33.3
334 0 33.4
335 0 33.5
336 0 33.6
337 0 33.7
338 0 33.8
339 0 33.9
340 0 34
341 0 34.1
342 0 34.2
343 0 34.3
344 0 34.4
345 0 34.5
346 0 34.6
347 0 34.7
348 0 34.8
349 0 34.9
350 0 35
351 0 35.1
352 0 35.2
353 0 35.3
354 0 35.4
355 0 35.5
356 0 35.6
357 0 35.7
358 0 35.8
359 0 35.9
360 0 36
361 0 36.1
362 0 36.2
363 0 36.3
364 0 36.4
365 0 36.5
366 0 36.6
367 0 36.7
368 0 36.8
369 0 36.9
370 0 37
371 0 37.1
372 0 37.2
373 0 37.3
374 0 37.4
375 0 37.5
376 0 37.6
377 0 37.7
378 0 37.8
379 0 37.9
380 0 38
381 0 38.1
382 0 38.2
383 0 38.3
384 0 38.40000000000001
385 0 38.5
386 0 38.6
387 0 38.7
388 0 38.8
389 0 38.90000000000001
390 0 39
391 0 39.1
392 0 39.2
393 0 39.3
394 0 39.40000000000001
395 0 39.5
396 0 39.6
397 0 39.7
398 0 39.8
399 0 39.90000000000001
400 0 40
401 0 40.1
402 0 40.2
403 0 40.3
404 0 40.40000000000001
405 0 40.5
406 0 40.6
407 0 40.7
408 0 40.8
409 0 40.90000000000001
410 0 41
411 0 41.1
412 0 41.2
413 0 41.3
414 0 41.40000000000001
415 0 41.5
416 0 41.6
417 0 41.7
418 0 41.8
419 0 41.90000000000001
420 0 42
421 0 42.1
422 0 42.2
423 0 42.3
424 0 42.40000000000001
425 0 42.5
426 0 42.6
427 0 42.7
428 0 42.8
429 0 42.90000000000001
430 0 43
431 0 43.1
432 0 43.2
433 0 43.3
434 0 43.40000000000001
435 0 43.5
436 0 43.6
437 0 43.7
438 0 43.8
439 0 43.90000000000001
440 0 44
441 0 44.1
442 0 44.2
443 0 44.3
444 0 44.40000000000001
445 0 44.5
446 0 44.6
447 0 44.7
448 0 44.8
449 0 44.90000000000001
450 0 45
451 0 45.1
452 0 45.2
453 0 45.3
454 0 45.40000000000001
455 0 45.5
456 0 45.6
457 0 45.7
458 0 45.8
459 0 45.90000000000001
460 0 46
461 0 46.1
462 0 46.2
463 0 46.3
464 0 46.40000000000001
465 0 46.5
466 0 46.6
467 0 46.7
468 0 46.8
469 0 46.90000000000001
470 0 47
471 0 47.1
472 0 47.2
473 0 47.3
474 0 47.40000000000001
475 0 47.5
476 0 47.6
477 0 47.7
478 0 47.8
479 0 47.90000000000001
480 0 48
481 0 48.1
482 0 48.2
483 0 48.3
484 0 48.40000000000001
485 0 48.5
486 0 48.6
487 0 48.7
488 0 48.8
489 0 48.90000000000001
490 0 49
491 0 49.1
492 0 49.2
493 0 49.3
494 0 49.40000000000001
495 0 49.5
496 0 49.6
497 0 49.7
498 0 49.8
499 0 49.90000000000001
500 0 50
501 -0.02684740106158895 50.01
502 -0.03221251440649326 50.02
503 -0.03574823581822088 50.03
504 -0.03815930619935917 50.04
505 -0.04055617240963403 50.05
506 -0.04590517290233585 50.06
507 -0.05569725222277047 50.07
508 -0.06558525735087882 50.08
509 -0.07539832586572998 50.09
510 -0.0849770324645555 50.1
511 -0.09414164869522226 50.11
512 -0.1027531325152154 50.12
513 -0.1107072451472594 50.13
514 -0.1178993929651224 50.14
515 -0.1242256975343939 50.15
516 -0.1296102477653031 50.16
517 -0.1339815066705379 50.17
518 -0.1372798952061636 50.18
519 -0.1383835511230726 50.19
520 -0.1385860027049244 50.2
521 -0.1361820881313626 50.21
522 -0.1318319206264651 50.22
523 -0.1272565365848797 50.23
524 -0.1239989382106507 50.24
525 -0.1203055235040757 50.25
526 -0.1159371337584019 50.26
527 -0.1119575255099235 50.27
528 -0.1089224601972644 50.28
529 -0.1037426834820254 50.29
530 -0.09985248532807668 50.3
531 -0.09578151427233295 50.31
532 -0.09146693521628413 50.32
533 -0.08703158786109194 50.33
534 -0.08254401662153367 50.34
535 -0.07805181821359995 50.35
536 -0.07357231305161512 50.36
537 -0.06912329512032944 50.37
538 -0.06636970226990424 50.38
539 -0.06166288569345835 50.39
540 -0.05717434316556157 50.4
541 -0.05465113450979155 50.41
542 -0.05198100012988671 50.42
543 -0.0473416153477849 50.43
544 -0.04494172963276593 50.44
545 -0.04247417531228371 50.45
546 -0.03505397703928337 50.46
547 -0.02813068038470068 50.47
548 -0.0211661890226185 50.48
549 -0.01431880554745051 50.49
550 -0.007695019009606422 50.5
551 -0.001329010070718429 50.51
552 0.004692366151336923 50.52
553 0.01063702437942706 50.53
554 0.01738656957696459 50.54
555 0.02552557811176823 50.55
556 0.03319887124802182 50.56
557 0.04088140344840476 50.57
558 0.04849932602867835 50.58
559 0.0559544798088315 50.59
560 0.06323488137089583 50.6
561 0.07051385094823376 50.61
562 0.0777827112758286 50.62
563 0.08501962610421857 50.63
564 0.09236161245047676 50.64
565 0.09989700522907211 50.65
566 0.1072715188595608 50.66
567 0.1145249907833274 50.67
568 0.1212786763746508 50.68
569 0.1247042112965863 50.69
570 0.1234320030671118 50.7
571 0.1194594520230087 50.71
572 0.1135753809158837 50.72
573 0.106473611889071 50.73
574 0.09841680973836639 50.74
575 0.08970295296077942 50.75
576 0.08061203302836309 50.76
577 0.07135032160555246 50.77
578 0.06192816170969748 50.78
579 0.05214760498457555 50.79
580 0.0421443714477455 50.8
581 0.03148718640147542 50.81
582 0.01924331193899444 50.82
583 0.01100778906017814 50.83
584 0.003285452258758838 50.84
585 -0.004327450140701683 50.85
586 -0.01168206348540331 50.86
587 -0.01823432314148109 50.87
588 -0.02445069087856703 50.88
589 -0.03019298956213329 50.89
590 -0.03532950888571866 50.9
591 -0.04031230307415634 50.91
592 -0.04155330655294311 50.92
593 -0.04345677525064304 50.93
594 -0.04478137579947546 50.94
595 -0.04843999236231879 50.95
596 -0.04977191471088137 50.96
597 -0.05104091743680261 50.97
598 -0.05260123394112774 50.98
599 -0.05524539788218222 50.99
600 -0.0568144061202653 51
601 -0.05885410823344256 51.01
602 -0.05972687639746267 51.02
603 -0.06010445694889613 51.03
604 -0.05991177030202731 51.04
605 -0.05978290205477006 51.05
606 -0.05952681964670158 51.06
607 -0.05910810025882747 51.07
608 -0.05839490660547536 51.08
609 -0.05753945421113969 51.09
610 -0.05658566535244527 51.1
611 -0.05557054466000795 51.11
612 -0.05441057331165062 51.12
613 -0.05325825428416282 51.13
614 -0.05198036836146269 51.14
615 -0.05060592846564306 51.15
616 -0.04914754992560352 51.16
617 -0.04762807106634324 51.17
618 -0.04606075818076459 51.18
619 -0.04441757936900253 51.19
620 -0.04265563530311327 51.2
621 -0.04098062010084452 51.21
622 -0.03931087278152415 51.22
623 -0.03751363417166892 51.23
624 -0.03547428523864472 51.24
625 -0.0340296174484508 51.25
626 -0.03073443340456204 51.26
627 -0.02877639300600416 51.27
628 -0.02711954749625911 51.28
629 -0.02540616314295534 51.29
630 -0.02081091384277756 51.3
631 -0.01530323496385896 51.31
632 -0.01423065909582272 51.32
633 -0.01228991871805857 51.33
634 -0.01068455833975754 51.34
635 -0.00692891835525913 51.35
636 -0.002658362277819357 51.36
637 0.0006637386488346055 51.37
638 0.005862308909636874 51.38
639 0.008832127940217593 51.39
640 0.01145878397565879 51.4
641 0.01561039119113788 51.41
642 0.02181038035841509 51.42
643 0.02923868526610807 51.43
644 0.03674417768818067 51.44
645 0.0443005837916144 51.45
646 0.05174012641113417 51.46
647 0.05907875965119944 51.47
648 0.06634267852806497 51.48
649 0.07356992025954691 51.49
650 0.08069965067829618 51.5
651 0.08774642928612041 51.51
652 0.09465692605452386 51.52
653 0.1013533748669467 51.53
654 0.1077074790163396 51.54
655 0.1135334122871269 51.55
656 0.1150658741222344 51.56
657 0.1163009322515395 51.57
658 0.1169823130307316 51.58
659 0.1169779243148062 51.59
660 0.1165823526160759 51.6
661 0.115897660318235 51.61
662 0.1150036556402464 51.62
663 0.113938811769282 51.63
664 0.1127255202858162 51.64
665 0.1113752258938163 51.65
666 0.1098964463828175 51.66
667 0.1082941378086843 51.67
668 0.106572498272994 51.68
669 0.1047356576778557 51.69
670 0.102773679824902 51.7
671 0.1006960647951865 51.71
672 0.09850162611045085 51.72
673 0.0961897382826029 51.73
674 0.09375785133820747 51.74
675 0.08502631491183665 51.75
676 0.07516138128165684 51.76
677 0.06416609105367593 51.77
678 0.05697706922688262 51.78
679 0.04422239133021306 51.79
680 0.04138464511006175 51.8
681 0.03723377455574521 51.81
682 0.0331194847501468 51.82
683 0.02898325244141099 51.83
684 0.02486051757695818 51.84
685 0.02073802080870996 51.85
686 0.01667680702242225 51.86
687 0.01262503009086951 51.87
688 0.008603981764702501 51.88
689 0.004654721408580778 51.89
690 0.0007835704673143252 51.9
691 -0.003089196476308238 51.91
692 -0.006845021380217597 51.92
693 -0.01054603261174718 51.93
694 -0.01415818584297535 51.94
695 -0.0176601187361561 51.95
696 -0.02113942078983883 51.96
697 -0.02451247301585105 51.97
698 -0.0278331737043729 51.98
699 -0.03108589865208077 51.99
700 -0.03499373199740735 52
701 -0.03748205587224185 52.01
702 -0.04049545271026379 52.02
703 -0.04406712458409204 52.03
704 -0.04579170233538218 52.04
705 -0.04857227980640238 52.05
706 -0.0512887852883835 52.06
707 -0.05389708310340596 52.07
708 -0.0563833593829104 52.08
709 -0.05871474787002348 52.09
710 -0.0609325846529932 52.1
711 -0.06307655334916798 52.11
712 -0.06501647348185519 52.12
713 -0.0668557946884798 52.13
714 -0.06850270172077519 52.14
715 -0.07004007634671366 52.15
716 -0.07139022603123253 52.16
717 -0.07265343909246846 52.17
718 -0.07368946769975526 52.18
719 -0.07455155751857602 52.19
720 -0.07531463475862213 52.2
721 -0.07588023526200964 52.21
722 -0.0763051101360824 52.22
723 -0.07657768244458321 52.23
724 -0.07668675160472163 52.24
725 -0.07661971394464742 52.25
726 -0.07636358592739213 52.26
727 -0.07588283398159371 52.27
728 -0.07521416112837935 52.28
729 -0.07429227488433622 52.29
730 -0.07311629375125409 52.3
731 -0.07176357666713704 52.31
732 -0.07024548273893205 52.32
733 -0.06856632165983791 52.33
734 -0.06676261658695649 52.34
735 -0.06487119390162265 52.35
736 -0.06283409727475581 52.36
737 -0.06077357457810242 52.37
738 -0.05866685399186848 52.38
739 -0.05651925639596456 52.39
740 -0.05426981395911065 52.4
741 -0.05206627583557415 52.41
742 -0.04985013697438768 52.42
743 -0.04760030008037475 52.43
744 -0.04531619295230821 52.44
745 -0.04340168874558047 52.45
746 -0.04103748921328067 52.46
747 -0.03879832426073219 52.47
748 -0.03617918338462063 52.48
749 -0.03433596349456296 52.49
750 -0.03208330337813886 52.5
751 -0.02937000470809737 52.51
752 -0.02667702783126065 52.52
753 -0.02049362261274369 52.53
754 -0.01766996058827272 52.54
755 -0.01356931194690028 52.55
756 -0.008949078954682176 52.56
757 -0.006530579109757144 52.57
758 -0.001930694450540373 52.58
759 0.005081675474243865 52.59
760 0.009548649902461032 52.6
761 0.01795293805436745 52.61
762 0.02253817286474926 52.62
763 0.02530541222900061 52.63
764 0.03367973603382003 52.64
765 0.04228632028477439 52.65
766 0.05092665785630311 52.66
767 0.05964527952778937 52.67
768 0.06827188855206075 52.68
769 0.07691134026534541 52.69
770 0.08546552894446928 52.7
771 0.09392337284706101 52.71
772 0.1023026524935173 52.72
773 0.1105028223219953 52.73
774 0.1184798506600037 52.74
775 0.1238874293925495 52.75
776 0.1276053566714208 52.76
777 0.1297339422966254 52.77
778 0.1320861816010537 52.78
779 0.1335784364932132 52.79
780 0.1350076852905029 52.8
781 0.1358683026943165 52.81
782 0.1358389344560008 52.82
783 0.1353480235134026 52.83
784 0.1345567774355534 52.84
785 0.1335523519452326 52.85
786 0.1323766556073696 52.86
787 0.1310534499156283 52.87
788 0.1295967797377811 52.88
789 0.1280147424723984 52.89
790 0.1263118714010515 52.9
791 0.124490754559111 52.91
792 0.1225431785380041 52.92
793 0.1204819638986018 52.93
794 0.1183045995993822 52.94
795 0.1160083843223698 52.95
796 0.1135945175602334 52.96
797 0.1110592493413764 52.97
798 0.1079558132608932 52.98
799 0.09840069583595651 52.99
800 0.09305641328874115 53
801 0.08162392977156026 53.01
802 0.07596193915448901 53.02
803 0.07199771177032011 53.03
804 0.06725525692702554 53.04
805 0.05887287531875718 53.05
806 0.05089413717068753 53.06
807 0.04642483838003723 53.07
808 0.04192406989462451 53.08
809 0.03740103632229328 53.09
810 0.03287589727152901 53.1
811 0.02834634878333802 53.11
812 0.02305244183901834 53.12
813 0.01932640111013366 53.13
814 0.01408638209480209 53.14
815 0.01042153546963649 53.15
816 0.006016300259720486 53.16
817 0.001681545545863001 53.17
818 -0.002633785627470996 53.18
819 -0.006866653059181264 53.19
820 -0.01106766275702206 53.2
821 -0.01519539461623939 53.21
822 -0.01927746485102452 53.22
823 -0.02329534050436449 53.23
824 -0.02723584952471596 53.24
825 -0.03111565793999515 53.25
826 -0.03493566378620618 53.26
827 -0.03872140055033252 53.27
828 -0.04240490740129632 53.28
829 -0.0459773083947214 53.29
830 -0.04948467513344795 53.3
831 -0.0528630691828674 53.31
832 -0.05615708510715338 53.32
833 -0.05933780985418857 53.33
834 -0.06242655331835694 53.34
835 -0.06534531265644447 53.35
836 -0.06816612695536942 53.36
837 -0.07081754289267454 53.37
838 -0.07332948550706536 53.38
839 -0.07570046198737812 53.39
840 -0.07793300127461961 53.4
841 -0.08000059447881033 53.41
842 -0.08191060219910686 53.42
843 -0.08366538252574235 53.43
844 -0.08528261592506572 53.44
845 -0.0867109783140646 53.45
846 -0.08801583030152413 53.46
847 -0.08912501274271598 53.47
848 -0.09009493154980566 53.48
849 -0.09090553231297535 53.49
850 -0.09152291548234978 53.5
851 -0.09199167685136939 53.51
852 -0.0922865190192986 53.52
853 -0.09241358705970548 53.53
854 -0.09234436395433755 53.54
855 -0.09206971211752052 53.55
856 -0.09155278123866961 53.56
857 -0.0907773241124573 53.57
858 -0.08973782779489156 53.58
859 -0.08848508441952982 53.59
860 -0.08704521032153337 53.6
861 -0.08542910902064477 53.61
862 -0.08364428080227387 53.62
863 -0.081691840299324 53.63
864 -0.07962810517223644 53.64
865 -0.07747900971436056 53.65
866 -0.07521687915043976 53.66
867 -0.07290689059791446 53.67
868 -0.07052579108545651 53.68
869 -0.06807804578210011 53.69
870 -0.06560815167850634 53.7
871 -0.06310345170211989 53.71
872 -0.06057325839706412 53.72
873 -0.05803205842807187 53.73
874 -0.05548043254870602 53.74
875 -0.05292616482204949 53.75
876 -0.05033903162459359 53.76
877 -0.04778374729376898 53.77
878 -0.04482127573948691 53.78
879 -0.04230414122901532 53.79
880 -0.04023670614241256 53.8
881 -0.03771420945135374 53.81
882 -0.0351799080329831 53.82
883 -0.03259480144489935 53.83
884 -0.03009652516175651 53.84
885 -0.02764060422681756 53.85
886 -0.02515215871806668 53.86
887 -0.02265047570464887 53.87
888 -0.01970386889086755 53.88
889 -0.01535437257038253 53.89
890 -0.009595347806729651 53.9
891 -0.0005993055264640699 53.91
892 0.006585543557793417 53.92
893 0.01188201890044389 53.93
894 0.01665039211026052 53.94
895 0.02005802000935017 53.95
896 0.02441008853270396 53.96
897 0.03348012275365514 53.97
898 0.04263939725155808 53.98
899 0.05183993870587086 53.99
900 0.06107576448300552 54
901 0.07031162971932534 54.01
902 0.07952994659534235 54.02
903 0.08869436686124257 54.03
904 0.09778996775953158 54.04
905 0.1067823444232009 54.05
906 0.1156560444038792 54.06
907 0.1200084546085486 54.07
908 0.124722815602076 54.08
909 0.1272362999812526 54.09
910 0.129700186851219 54.1
911 0.1324826112763507 54.11
912 0.134358009313495 54.12
913 0.1360815796902496 54.13
914 0.1375476711909425 54.14
915 0.1385710602857974 54.15
916 0.1390272742612596 54.16
917 0.1390321224585418 54.17
918 0.1386797461292149 54.18
919 0.1380263874069169 54.19
920 0.1371569580513941 54.2
921 0.1361203639501607 54.21
922 0.1349464339330247 54.22
923 0.133130917047567 54.23
924 0.1316842386624281 54.24
925 0.1298325583091675 54.25
926 0.1278422771353315 54.26
927 0.125362758179196 54.27
928 0.1234642957846228 54.28
929 0.1210789014949369 54.29
930 0.1151310616203232 54.3
931 0.112321368827697 54.31
932 0.1064353837052582 54.32
933 0.1011514966522537 54.33
934 0.09667148939063008 54.34
935 0.09080862310386528 54.35
936 0.08587068031607363 54.36
937 0.08327631448485845 54.37
938 0.07869080387702736 54.38
939 0.06511935159888897 54.39
940 0.05861502473137063 54.4
941 0.05414478656735288 54.41
942 0.04887903493452824 54.42
943 0.04432963836974151 54.43
944 0.04051228915740222 54.44
945 0.03592980812702997 54.45
946 0.03134056199195297 54.46
947 0.02675447054813462 54.47
948 0.02215842286597192 54.48
949 0.01758254593096266 54.49
950 0.01301986278847742 54.5
951 0.00847063445182434 54.51
952 0.00396084959717783 54.52
953 -0.000530653426222466 54.53
954 -0.005759592497213038 54.54
955 -0.01018615068762581 54.55
956 -0.01378090251071369 54.56
957 -0.01808100686270092 54.57
958 -0.022361709013817 54.58
959 -0.02654888272047098 54.59
960 -0.03067846628905988 54.6
961 -0.03474157212539634 54.61
962 -0.03872905244080785 54.62
963 -0.04267049714345569 54.63
964 -0.04647742404039509 54.64
965 -0.0502209615187254 54.65
966 -0.0538517702934904 54.66
967 -0.05737687667557022 54.67
968 -0.0621175796465194 54.68
969 -0.0647519675316735 54.69
970 -0.06725537791915405 54.7
971 -0.07028433940113527 54.71
972 -0.07318832225437716 54.72
973 -0.07596549702102906 54.73
974 -0.07860066676093931 54.74
975 -0.08110785843471112 54.75
976 -0.08344657062881719 54.76
977 -0.085637073334009 54.77
978 -0.08767903519233691 54.78
979 -0.08956911586149238 54.79
980 -0.0913055304235042 54.8
981 -0.09288594007431281 54.81
982 -0.09430772163944501 54.82
983 -0.09557147279757111 54.83
984 -0.09705878004679787 54.84
985 -0.09801153864246087 54.85
986 -0.09877254282386494 54.86
987 -0.09937260508956969 54.87
988 -0.09978039797075311 54.88
989 -0.09999247246879019 54.89
990 -0.1000064410155873 54.9
991 -0.09980533203796615 54.91
992 -0.09935686269251828 54.92
993 -0.09864174251792088 54.93
994 -0.09764512844534587 54.94
995 -0.09640125232621261 54.95
996 -0.09493655517273479 54.96
997 -0.09331004481407495 54.97
998 -0.0914850892077432 54.98
999 -0.08952298548169783 54.99
1000 -0.08721259789746563 55
1001 -0.085254916075718 55.01
1002 -0.08266846869257084 55.02
1003 -0.08055214179986281 55.03
1004 -0.07777508891393867 55.04
1005 -0.07526466334906395 55.05
1006 -0.07269652850146568 55.06
1007 -0.07008712246819571 55.07
1008 -0.06744638817100453 55.08
1009 -0.06478210048606049 55.09
1010 -0.0621027355713298 55.1
1011 -0.05941719214795871 55.11
1012 -0.05708169154457782 55.12
1013 -0.05397515077419079 55.13
1014 -0.05169263891024957 55.14
1015 -0.04898607352635825 55.15
1016 -0.04631377549604836 55.16
1017 -0.04364311644423494 55.17
1018 -0.04095159848667901 55.18
1019 -0.03785361444382918 55.19
1020 -0.03521805930749002 55.2
1021 -0.03262731620382437 55.21
1022 -0.03001577745524093 55.22
1023 -0.02088930275903839 55.23
1024 -0.01177762007865582 55.24
1025 -0.008909955863605367 55.25
1026 -0.006069197772388341 55.26
1027 -0.001764103354609871 55.27
1028 0.001691753324893403 55.28
1029 0.006592264472563154 55.29
1030 0.009651892873811546 55.3
1031 0.01271728189677303 55.31
1032 0.01579006766545997 55.32
1033 0.02486808302232887 55.33
1034 0.03408548700342515 55.34
1035 0.04332286311743714 55.35
1036 0.05256017978616395 55.36
1037 0.06178703989414946 55.37
1038 0.07098401582101407 55.38
1039 0.08012929202925072 55.39
1040 0.08919649618797956 55.4
1041 0.09816068278129204 55.41
1042 0.1069813784946721 55.42
1043 0.1156189961047446 55.43
1044 0.1235849995454104 55.44
1045 0.1260086117056549 55.45
1046 0.1283833360071585 55.46
1047 0.1306825667413428 55.47
1048 0.1328590291687602 55.48
1049 0.1348254566314694 55.49
1050 0.136414746449505 55.5
1051 0.1373117817244244 55.51
1052 0.1374659422962614 55.52
1053 0.13714611178075 55.53
1054 0.1364252538084981 55.54
1055 0.1353941474931974 55.55
1056 0.1341423145434281 55.56
1057 0.1327120355573128 55.57
1058 0.1305925807915095 55.58
1059 0.1276228338795513 55.59
1060 0.1253101081176762 55.6
1061 0.1228346063726101 55.61
1062 0.1190469372064587 55.62
1063 0.1141165711288351 55.63
1064 0.111879164665589 55.64
1065 0.1058645694284763 55.65
1066 0.100374531306262 55.66
1067 0.09718620796502778 55.67
1068 0.08729653589156514 55.68
1069 0.08138811625794601 55.69
1070 0.07523640878338111 55.7
1071 0.06569805393437948 55.71
1072 0.05971072176978676 55.72
1073 0.05291452355075286 55.73
1074 0.04874230467483467 55.74
1075 0.04454029689150396 55.75
1076 0.04031651362080819 55.76
1077 0.03466634911972487 55.77
1078 0.03112663253525398 55.78
1079 0.02758466414789777 55.79
1080 0.02476094937502933 55.8
1081 0.0205192085966923 55.81
1082 0.01627495303653718 55.82
1083 0.0120357145309165 55.83
1084 0.007082177384167512 55.84
1085 0.002133345509969693 55.85
1086 -0.002074301797236883 55.86
1087 -0.006967316431886222 55.87
1088 -0.01038639999335567 55.88
1089 -0.01446750171116274 55.89
1090 -0.01708304204546507 55.9
1091 -0.01965278874170254 55.91
1092 -0.02503454016308128 55.92
1093 -0.02825594976106468 55.93
1094 -0.03071466792469482 55.94
1095 -0.03311619616954665 55.95
1096 -0.03753208895421982 55.96
1097 -0.03919781421466358 55.97
1098 -0.04078835394105812 55.98
1099 -0.04234931866341979 55.99
1100 -0.04388995207750612 56
1101 -0.04542113390481868 56.01
1102 -0.04691113098127558 56.02
1103 -0.04899282448368622 56.03
1104 -0.05165222029131269 56.04
1105 -0.05303413302808382 56.05
1106 -0.05434997164803212 56.06
1107 -0.05560484851424734 56.07
1108 -0.05683001474465213 56.08
1109 -0.05799524133261275 56.09
1110 -0.05967338263443479 56.1
1111 -0.06346915886041291 56.11
1112 -0.06555145820350189 56.12
1113 -0.06747443086624713 56.13
1114 -0.06979175915352637 56.14
1115 -0.07293494699524727 56.15
1116 -0.07499130646218007 56.16
1117 -0.07687400633229693 56.17
1118 -0.07818935415209925 56.18
1119 -0.08020664249977566 56.19
1120 -0.08089313887297403 56.2
1121 -0.08217805465798633 56.21
1122 -0.08334241926579586 56.22
1123 -0.08434968667734929 56.23
1124 -0.08518826403500303 56.24
1125 -0.08585277279046763 56.25
1126 -0.0863349041704049 56.26
1127 -0.08662297946723846 56.27
1128 -0.086874266624621 56.28
1129 -0.08674011465614502 56.29
1130 -0.08629782147191598 56.3
1131 -0.08553650579689642 56.31
1132 -0.08448027970448568 56.32
1133 -0.08320083123988389 56.33
1134 -0.08174793527928029 56.34
1135 -0.08013725854493084 56.35
1136 -0.07838576851284951 56.36
1137 -0.07651115793615892 56.37
1138 -0.07453169719505007 56.38
1139 -0.07246223187215181 56.39
1140 -0.07031302202608158 56.4
1141 -0.06809695290006301 56.41
1142 -0.06581554663430175 56.42
1143 -0.06349699620819146 56.43
1144 -0.06114146284966556 56.44
1145 -0.05875124008493942 56.45
1146 -0.05631645230810664 56.46
1147 -0.05387866203795611 56.47
1148 -0.05140415199876419 56.48
1149 -0.0489353934887992 56.49
1150 -0.04644505328306633 56.5
1151 -0.04394530290515026 56.51
1152 -0.04143954461002165 56.52
1153 -0.0389342821360824 56.53
1154 -0.0305797927691818 56.54
1155 -0.02445176250837444 56.55
1156 -0.02176506824793376 56.56
1157 -0.01948632761752399 56.57
1158 -0.01717367154952556 56.58
1159 -0.01479745577694838 56.59
1160 -0.009763330484934364 56.6
1161 -0.007296594546719025 56.61
1162 -0.004860467068084044 56.62
1163 -0.002424719881362753 56.63
1164 1.946050131565111e-05 56.64
1165 0.002471031037043742 56.65
1166 0.01101098694816519 56.66
1167 0.01878341697309489 56.67
1168 0.02170956934429897 56.68
1169 0.03025123454084471 56.69
1170 0.03704892931380149 56.7
1171 0.04553230579598024 56.71
1172 0.05392042733479722 56.72
1173 0.06222117024569901 56.73
1174 0.07041069589700613 56.74
1175 0.07841805022033614 56.75
1176 0.08623603705822534 56.76
1177 0.09379298720457653 56.77
1178 0.1010232561814622 56.78
1179 0.1078374579671384 56.79
1180 0.1141157106050672 56.8
1181 0.1169202135488296 56.81
1182 0.1183764485957446 56.82
1183 0.119470378269757 56.83
1184 0.1197968153903466 56.84
1185 0.1194786042997908 56.85
1186 0.1188025041672143 56.86
1187 0.117238694130126 56.87
1188 0.1156131956677225 56.88
1189 0.1142037817111748 56.89
1190 0.1126629409832994 56.9
1191 0.1098763698764244 56.91
1192 0.1061401037742771 56.92
1193 0.1040621889215478 56.93
1194 0.1011646467846654 56.94
1195 0.09923054813189319 56.95
1196 0.09722167053298351 56.96
1197 0.09179355411064469 56.97
1198 0.08861948046363018 56.98
1199 0.08056207117198008 56.99
1200 0.074911846373624 57
1201 0.06898209315215842 57.01
1202 0.0622430581480576 57.02
1203 0.05174386952268505 57.03
1204 0.04741233966039569 57.04
1205 0.04424651280531422 57.05
1206 0.03983726778179226 57.06
1207 0.0360085772255133 57.07
1208 0.03218556746954929 57.08
1209 0.02834697837954854 57.09
1210 0.02449958535418668 57.1
1211 0.02129529059734233 57.11
1212 0.01420201307041287 57.12
1213 0.01100190292144231 57.13
1214 0.007831404077029584 57.14
1215 0.004689363925000248 57.15
1216 0.001573410488906087 57.16
1217 -0.002169605762183282 57.17
1218 -0.005892156219944383 57.18
1219 -0.00958787306593312 57.19
1220 -0.0132517319020451 57.2
1221 -0.01687367754068222 57.21
1222 -0.02045003881559687 57.22
1223 -0.02399023490575344 57.23
1224 -0.02745407962982615 57.24
1225 -0.03086475896120611 57.25
1226 -0.03421448109777613 57.26
1227 -0.04116450837295916 57.27
1228 -0.04375592657209242 57.28
1229 -0.04619861178999971 57.29
1230 -0.04798348326878101 57.3
1231 -0.04973323847828522 57.31
1232 -0.05142491072937028 57.32
1233 -0.05307703522384174 57.33
1234 -0.05468234389100099 57.34
1235 -0.0562318011657499 57.35
1236 -0.0577240455355413 57.36
1237 -0.05915050646071499 57.37
1238 -0.06050877094840255 57.38
1239 -0.06180941515580633 57.39
1240 -0.06393546252829325 57.4
1241 -0.06597131241939044 57.41
1242 -0.06831028118534863 57.42
1243 -0.07006574272954791 57.43
1244 -0.07166896434993217 57.44
1245 -0.07313523171124843 57.45
1246 -0.07445674465489432 57.46
1247 -0.07563471635404387 57.47
1248 -0.07666336648464853 57.48
1249 -0.0775397895007042 57.49
1250 -0.07824462621821388 57.5
1251 -0.07878473728488372 57.51
1252 -0.07911785352717622 57.52
1253 -0.07924154287916954 57.53
1254 -0.07912204367455739 57.54
1255 -0.07869963449555759 57.55
1256 -0.07794244573376913 57.56
1257 -0.07688456963534115 57.57
1258 -0.07561328204678314 57.58
1259 -0.07418547998831103 57.59
1260 -0.07259863889093141 57.6
1261 -0.0707095722584295 57.61
1262 -0.06890623900720587 57.62
1263 -0.06700635667360089 57.63
1264 -0.06501674345472744 57.64
1265 -0.06295155851709532 57.65
1266 -0.06082372116178782 57.66
1267 -0.05864355715460216 57.67
1268 -0.05640913311505824 57.68
1269 -0.05414521058109667 57.69
1270 -0.05185812078818818 57.7
1271 -0.04954354873691942 57.71
1272 -0.04720447628482113 57.72
1273 -0.04484174972285465 57.73
1274 -0.03723849324665997 57.74
1275 -0.03350155530412875 57.75
1276 -0.02940450904583287 57.76
1277 -0.02722772012527114 57.77
1278 -0.02500626343321255 57.78
1279 -0.02273652573430965 57.79
1280 -0.02042470658365853 57.8
1281 -0.01807774701298113 57.81
1282 -0.01573080686245888 57.82
1283 -0.0133724430947745 57.83
1284 -0.0110037645725943 57.84
1285 -0.002822422942214594 57.85
1286 0.003767296374016928 57.86
1287 0.006525338766735422 57.87
1288 0.01468580146967444 57.88
1289 0.02287588180056629 57.89
1290 0.026431175503851 57.9
1291 0.03445803701808232 57.91
1292 0.04245176934993976 57.92
1293 0.05035056205188741 57.93
1294 0.05655963171477679 57.94
1295 0.05912921729460507 57.95
1296 0.06163997793720725 57.96
1297 0.06882453805733794 57.97
1298 0.07574082942016329 57.98
1299 0.08235005051743428 57.99
1300 0.08764287692681193 58
1301 0.08933439988422003 58.01
1302 0.09090237062978754 58.02
1303 0.09523973962648948 58.03
1304 0.09604093432381286 58.04
1305 0.09610583942624379 58.05
1306 0.09560588830470486 58.06
1307 0.09440125812092218 58.07
1308 0.09338039147702366 58.08
1309 0.0922220150202437 58.09
1310 0.09093019933854742 58.1
1311 0.08950821177808271 58.11
1312 0.08795919137135196 58.12
1313 0.08462052869551331 58.13
1314 0.0821166628253466 58.14
1315 0.08008694882103295 58.15
1316 0.07795352060104371 58.16
1317 0.07571541121581653 58.17
1318 0.07375225590834424 58.18
1319 0.07171395868243834 58.19
1320 0.06877529571005996 58.2
1321 0.06655445254483644 58.21
1322 0.06291957002176515 58.22
1323 0.06004170357686037 58.23
1324 0.0575462704219647 58.24
1325 0.05498471533600536 58.25
1326 0.05184862335846555 58.26
1327 0.04544866732721567 58.27
1328 0.04204934822765545 58.28
1329 0.03745978493388703 58.29
1330 0.03448710904391222 58.3
1331 0.03091035676256366 58.31
1332 0.02729929436067007 58.32
1333 0.02064175584627299 58.33
1334 0.01695652193844383 58.34
1335 0.01326713254372371 58.35
1336 0.009593547780105221 58.36
1337 0.005938988873663228 58.37
1338 -0.001419170863813749 58.38
1339 -0.005019862736731863 58.39
1340 -0.008553730340298755 58.4
1341 -0.01202647357151534 58.41
1342 -0.01543849941408241 58.42
1343 -0.01818476760819335 58.43
1344 -0.02148948736550102 58.44
1345 -0.02474545327153069 58.45
1346 -0.02793598671210579 58.46
1347 -0.03106883710514452 58.47
1348 -0.03413565154046887 58.48
1349 -0.03713099982825975 58.49
1350 -0.04061394676490189 58.5
1351 -0.04289785978054275 58.51
1352 -0.0472701769415161 58.52
1353 -0.0520650992696382 58.53
1354 -0.05353787120825834 58.54
1355 -0.05488317370993023 58.55
1356 -0.05618900201551273 58.56
1357 -0.05746096552626465 58.57
1358 -0.05868944368464263 58.58
1359 -0.05986549420002713 58.59
1360 -0.06097582831154279 58.6
1361 -0.06244105600053788 58.61
1362 -0.06341777967895286 58.62
1363 -0.06430379666923784 58.63
1364 -0.06548552698583079 58.64
1365 -0.06691759529542701 58.65
1366 -0.06854651800096528 58.66
1367 -0.06970723223638842 58.67
1368 -0.07069885667628356 58.68
1369 -0.0715275567531565 58.69
1370 -0.07242688946241937 58.7
1371 -0.072698901740781 58.71
1372 -0.07294538462231406 58.72
1373 -0.07297403043710082 58.73
1374 -0.07272390595658182 58.74
1375 -0.07213299811619253 58.75
1376 -0.07120167616374289 58.76
1377 -0.07003352042365354 58.77
1378 -0.06870597793947208 58.78
1379 -0.06723813802993256 58.79
1380 -0.06564233054687463 58.8
1381 -0.06393274239307306 58.81
1382 -0.06212672987513269 58.82
1383 -0.06023793048297263 58.83
1384 -0.05827873620375333 58.84
1385 -0.05624060845682113 58.85
1386 -0.05417355985378746 58.86
1387 -0.05205812608727088 58.87
1388 -0.04989832471299693 58.88
1389 -0.04312111555918288 58.89
1390 -0.03976003785820491 58.9
1391 -0.0377493317433668 58.91
1392 -0.03565673316392561 58.92
1393 -0.03349704956063278 58.93
1394 -0.03091072948514136 58.94
1395 -0.02869767568849323 58.95
1396 -0.02645815319518015 58.96
1397 -0.02420457392295691 58.97
1398 -0.02194288348437938 58.98
1399 -0.01418172389507512 58.99
1400 -0.007971767484118869 59
1401 -0.0002071006013678479 59.01
1402 0.0075500583687807 59.02
1403 0.01448957265187859 59.03
1404 0.01736902727978017 59.04
1405 0.02494717095038726 59.05
1406 0.03253970926665944 59.06
1407 0.04007866345090197 59.07
1408 0.04749303440864611 59.08
1409 0.05066911183918317 59.09
1410 0.05302914606868449 59.1
1411 0.05880930060556368 59.11
1412 0.06137747859715134 59.12
1413 0.06449428693633812 59.13
1414 0.06654219335173962 59.14
1415 0.06818490798664477 59.15
1416 0.06971396193812282 59.16
1417 0.07109862066527697 59.17
1418 0.07228651614222618 59.18
1419 0.07316693577969914 59.19
1420 0.07346107326680702 59.2
1421 0.07309927219585913 59.21
1422 0.0724055816518881 59.22
1423 0.07150608344077014 59.23
1424 0.07044790950760568 59.24
1425 0.06925224575781888 59.25
1426 0.06793205073206729 59.26
1427 0.06649490417575928 59.27
1428 0.06494575424134055 59.28
1429 0.06328826206902469 59.29
1430 0.06152536014869935 59.3
1431 0.05965779972859064 59.31
1432 0.05768749975942063 59.32
1433 0.05561748698442243 59.33
1434 0.05344905369861893 59.34
1435 0.05118397785913169 59.35
1436 0.04882396596840838 59.36
1437 0.04637041938476257 59.37
1438 0.04423840086619961 59.38
1439 0.03644711091848688 59.39
1440 0.03315430466324045 59.4
1441 0.03072120856587019 59.41
1442 0.02780251334902028 59.42
1443 0.02486017723055079 59.43
1444 0.02189669411356046 59.44
1445 0.01891152709072996 59.45
1446 0.01591324159343472 59.46
1447 0.009865210489533059 59.47
1448 0.00684048567593149 59.48
1449 0.003840343758231345 59.49
1450 0.0008698344373853917 59.5
1451 -0.002063862344042232 59.51
1452 -0.004966602203179046 59.52
1453 -0.007838580691051988 59.53
1454 -0.01067976242447746 59.54
1455 -0.01348941138797897 59.55
1456 -0.0162501537215137 59.56
1457 -0.01897652907875572 59.57
1458 -0.02165604474637221 59.58
1459 -0.02429240942426709 59.59
1460 -0.02686994793802688 59.6
1461 -0.02939555873299898 59.61
1462 -0.0318625755131578 59.62
1463 -0.03426616711513789 59.63
1464 -0.03660132584832759 59.64
1465 -0.03886312625074812 59.65
1466 -0.04061201772514885 59.66
1467 -0.04271187488568795 59.67
1468 -0.04473612853869025 59.68
1469 -0.04667057974216371 59.69
1470 -0.04850559378046962 59.7
1471 -0.05023917753346192 59.71
1472 -0.05186429784461047 59.72
1473 -0.05268764975178075 59.73
1474 -0.05508188135742711 59.74
1475 -0.05606314055020592 59.75
1476 -0.056612330390526 59.76
1477 -0.05734464984445062 59.77
1478 -0.05798247611889543 59.78
1479 -0.05850511022549866 59.79
1480 -0.05889349696274526 59.8
1481 -0.05913978310893151 59.81
1482 -0.05935503449110963 59.82
1483 -0.0593442752782571 59.83
1484 -0.05907911618466073 59.84
1485 -0.05845356452016205 59.85
1486 -0.05752638285507747 59.86
1487 -0.05643102704814951 59.87
1488 -0.05521030762739146 59.88
1489 -0.05387662096451315 59.89
1490 -0.05244846585049801 59.9
1491 -0.04810709806605388 59.91
1492 -0.0468872474026084 59.92
1493 -0.04557276223261415 59.93
1494 -0.04095508539224127 59.94
1495 -0.03930625115044809 59.95
1496 -0.03761209445506464 59.96
1497 -0.03584473170761222 59.97
1498 -0.03401987286315374 59.98
1499 -0.0321526845670148 59.99
1500 -0.03025016701931045 60
